NOTE: Picked up JDK_JAVA_OPTIONS:  --add-opens=java.base/java.lang=ALL-UNNAMED --add-opens=java.base/java.io=ALL-UNNAMED --add-opens=java.base/java.util=ALL-UNNAMED --add-opens=java.base/java.util.concurrent=ALL-UNNAMED --add-opens=java.rmi/sun.rmi.transport=ALL-UNNAMED
05-Jul-2021 10:20:35.543 INFO [main] org.apache.catalina.startup.VersionLoggerListener.log Server version name:   Apache Tomcat/9.0.48
05-Jul-2021 10:20:35.557 INFO [main] org.apache.catalina.startup.VersionLoggerListener.log Server built:          Jun 10 2021 09:22:01 UTC
05-Jul-2021 10:20:35.557 INFO [main] org.apache.catalina.startup.VersionLoggerListener.log Server version number: 9.0.48.0
05-Jul-2021 10:20:35.557 INFO [main] org.apache.catalina.startup.VersionLoggerListener.log OS Name:               Windows 10
05-Jul-2021 10:20:35.559 INFO [main] org.apache.catalina.startup.VersionLoggerListener.log OS Version:            10.0
05-Jul-2021 10:20:35.559 INFO [main] org.apache.catalina.startup.VersionLoggerListener.log Architecture:          amd64
05-Jul-2021 10:20:35.559 INFO [main] org.apache.catalina.startup.VersionLoggerListener.log Java Home:             C:\Program Files\Java\jdk-15.0.2
05-Jul-2021 10:20:35.559 INFO [main] org.apache.catalina.startup.VersionLoggerListener.log JVM Version:           15.0.2+7-27
05-Jul-2021 10:20:35.559 INFO [main] org.apache.catalina.startup.VersionLoggerListener.log JVM Vendor:            Oracle Corporation
05-Jul-2021 10:20:35.560 INFO [main] org.apache.catalina.startup.VersionLoggerListener.log CATALINA_BASE:         C:\Users\Gokulakrishnan\Desktop\ZOHO Incubation\Tasks\railwayServlet\tomcat
05-Jul-2021 10:20:35.560 INFO [main] org.apache.catalina.startup.VersionLoggerListener.log CATALINA_HOME:         C:\Users\Gokulakrishnan\Desktop\ZOHO Incubation\Tasks\railwayServlet\tomcat
05-Jul-2021 10:20:35.652 INFO [main] org.apache.catalina.startup.VersionLoggerListener.log Command line argument: --add-opens=java.base/java.lang=ALL-UNNAMED
05-Jul-2021 10:20:35.653 INFO [main] org.apache.catalina.startup.VersionLoggerListener.log Command line argument: --add-opens=java.base/java.io=ALL-UNNAMED
05-Jul-2021 10:20:35.653 INFO [main] org.apache.catalina.startup.VersionLoggerListener.log Command line argument: --add-opens=java.base/java.util=ALL-UNNAMED
05-Jul-2021 10:20:35.653 INFO [main] org.apache.catalina.startup.VersionLoggerListener.log Command line argument: --add-opens=java.base/java.util.concurrent=ALL-UNNAMED
05-Jul-2021 10:20:35.653 INFO [main] org.apache.catalina.startup.VersionLoggerListener.log Command line argument: --add-opens=java.rmi/sun.rmi.transport=ALL-UNNAMED
05-Jul-2021 10:20:35.654 INFO [main] org.apache.catalina.startup.VersionLoggerListener.log Command line argument: -Djava.util.logging.config.file=C:/Users/Gokulakrishnan/Desktop/ZOHO Incubation/Tasks/railwayServlet/tomcat/conf/logging.properties
05-Jul-2021 10:20:35.654 INFO [main] org.apache.catalina.startup.VersionLoggerListener.log Command line argument: -Djava.util.logging.manager=org.apache.juli.ClassLoaderLogManager
05-Jul-2021 10:20:35.654 INFO [main] org.apache.catalina.startup.VersionLoggerListener.log Command line argument: -Djdk.tls.ephemeralDHKeySize=2048
05-Jul-2021 10:20:35.654 INFO [main] org.apache.catalina.startup.VersionLoggerListener.log Command line argument: -Djava.protocol.handler.pkgs=org.apache.catalina.webresources
05-Jul-2021 10:20:35.655 INFO [main] org.apache.catalina.startup.VersionLoggerListener.log Command line argument: -Dorg.apache.catalina.security.SecurityListener.UMASK=0027
05-Jul-2021 10:20:35.655 INFO [main] org.apache.catalina.startup.VersionLoggerListener.log Command line argument: -Dignore.endorsed.dirs=
05-Jul-2021 10:20:35.655 INFO [main] org.apache.catalina.startup.VersionLoggerListener.log Command line argument: -Dcatalina.base=C:/Users/Gokulakrishnan/Desktop/ZOHO Incubation/Tasks/railwayServlet/tomcat
05-Jul-2021 10:20:35.655 INFO [main] org.apache.catalina.startup.VersionLoggerListener.log Command line argument: -Dcatalina.home=C:/Users/Gokulakrishnan/Desktop/ZOHO Incubation/Tasks/railwayServlet/tomcat
05-Jul-2021 10:20:35.655 INFO [main] org.apache.catalina.startup.VersionLoggerListener.log Command line argument: -Djava.io.tmpdir=C:/Users/Gokulakrishnan/Desktop/ZOHO Incubation/Tasks/railwayServlet/tomcat/temp
05-Jul-2021 10:20:35.699 INFO [main] org.apache.catalina.core.AprLifecycleListener.lifecycleEvent The Apache Tomcat Native library which allows using OpenSSL was not found on the java.library.path: [C:\Program Files\Java\jdk-15.0.2\bin;C:\WINDOWS\Sun\Java\bin;C:\WINDOWS\system32;C:\WINDOWS;C:\Users\Gokulakrishnan\bin;C:\Program Files\Git\mingw64\bin;C:\Program Files\Git\usr\local\bin;C:\Program Files\Git\usr\bin;C:\Program Files\Git\usr\bin;C:\Program Files\Git\mingw64\bin;C:\Program Files\Git\usr\bin;C:\Users\Gokulakrishnan\bin;C:\Program Files\Common Files\Oracle\Java\javapath;C:\Program Files\Java\jdk-15.0.2\bin;C:\Users\Gokulakrishnan\AppData\Local\Programs\Python\Python36\Scripts;C:\Users\Gokulakrishnan\AppData\Local\Programs\Python\Python36;C:\Program Files (x86)\Python37-32;C:\Program Files (x86)\Python37-32\Scripts;C:\Windows\system32;C:\Windows;C:\Windows\System32\Wbem;C:\Windows\System32\WindowsPowerShell\v1.0;C:\Program Files\Java\jdk-10.0.2\bin;C:\adb;C:\Program Files\Git\cmd;C:\wamp64\bin\php\php5.6.38;C:\composer;C:\Program Files\heroku\bin;C:\Program Files\CMake\bin;C:\MinGW\bin;C:\Users\Gokulakrishnan\AppData\Local\Programs\Microsoft VS Code\bin;C:\WINDOWS\system32;C:\WINDOWS;C:\WINDOWS\System32\Wbem;C:\WINDOWS\System32\WindowsPowerShell\v1.0;C:\WINDOWS\System32\OpenSSH;C:\Program Files\Java\jre-10.0.2\bin;C:\Program Files\nodejs;C:\Program Files (x86)\MySQL\Connector J 8.0\mysql-connector-java-8.0.25.jar;C:\ProgramData\chocolatey\bin;C:\Program Files\MySQL\MySQL Shell 8.0\bin;C:\Program Files\Java\jdk-15.0.2\bin;C:\Users\Gokulakrishnan\AppData\Local\Programs\Python\Python36;C:\Users\Gokulakrishnan\AppData\Local\Programs\Microsoft VS Code\bin;C:\Users\Gokulakrishnan\AppData\Roaming\Composer\vendor\bin;C:\Program Files\heroku\bin;C:\MinGW\bin;C:\Users\Gokulakrishnan\AppData\Local\Programs\Microsoft VS Code\bin;C:\Users\Gokulakrishnan\AppData\Local\Programs\Python\Python36\Scripts;C:\Users\Gokulakrishnan\AppData\Local\Microsoft\WindowsApps;C:\Program Files\Java\jdk-10.0.2\bin;C:\Users\Gokulakrishnan\AppData\Roaming\npm;C:\Program Files (x86)\MySQL\Connector J 8.0\mysql-connector-java-8.0.25.jar;C:\Program Files\JetBrains\IntelliJ IDEA 2021.1.3\bin;C:\Program Files\Git\usr\bin\vendor_perl;C:\Program Files\Git\usr\bin\core_perl;.]
05-Jul-2021 10:20:36.634 INFO [main] org.apache.coyote.AbstractProtocol.init Initializing ProtocolHandler ["http-nio-8080"]
05-Jul-2021 10:20:36.800 INFO [main] org.apache.catalina.startup.Catalina.load Server initialization in [2415] milliseconds
05-Jul-2021 10:20:37.003 INFO [main] org.apache.catalina.core.StandardService.startInternal Starting service [Catalina]
05-Jul-2021 10:20:37.004 INFO [main] org.apache.catalina.core.StandardEngine.startInternal Starting Servlet engine: [Apache Tomcat/9.0.48]
05-Jul-2021 10:20:37.065 INFO [main] org.apache.catalina.startup.HostConfig.deployDirectory Deploying web application directory [C:\Users\Gokulakrishnan\Desktop\ZOHO Incubation\Tasks\railwayServlet\tomcat\webapps\docs]
05-Jul-2021 10:20:40.235 INFO [main] org.apache.jasper.servlet.TldScanner.scanJars At least one JAR was scanned for TLDs yet contained no TLDs. Enable debug logging for this logger for a complete list of JARs that were scanned but no TLDs were found in them. Skipping unneeded JARs during scanning can improve startup time and JSP compilation time.
05-Jul-2021 10:20:40.503 WARNING [main] org.apache.catalina.util.SessionIdGeneratorBase.createSecureRandom Creation of SecureRandom instance for session ID generation using [SHA1PRNG] took [179] milliseconds.
05-Jul-2021 10:20:40.583 INFO [main] org.apache.catalina.startup.HostConfig.deployDirectory Deployment of web application directory [C:\Users\Gokulakrishnan\Desktop\ZOHO Incubation\Tasks\railwayServlet\tomcat\webapps\docs] has finished in [3,517] ms
05-Jul-2021 10:20:40.583 INFO [main] org.apache.catalina.startup.HostConfig.deployDirectory Deploying web application directory [C:\Users\Gokulakrishnan\Desktop\ZOHO Incubation\Tasks\railwayServlet\tomcat\webapps\examples]
05-Jul-2021 10:20:44.025 INFO [main] org.apache.jasper.servlet.TldScanner.scanJars At least one JAR was scanned for TLDs yet contained no TLDs. Enable debug logging for this logger for a complete list of JARs that were scanned but no TLDs were found in them. Skipping unneeded JARs during scanning can improve startup time and JSP compilation time.
05-Jul-2021 10:20:44.208 INFO [main] org.apache.catalina.startup.HostConfig.deployDirectory Deployment of web application directory [C:\Users\Gokulakrishnan\Desktop\ZOHO Incubation\Tasks\railwayServlet\tomcat\webapps\examples] has finished in [3,624] ms
05-Jul-2021 10:20:44.209 INFO [main] org.apache.catalina.startup.HostConfig.deployDirectory Deploying web application directory [C:\Users\Gokulakrishnan\Desktop\ZOHO Incubation\Tasks\railwayServlet\tomcat\webapps\host-manager]
05-Jul-2021 10:20:45.252 INFO [main] org.apache.jasper.servlet.TldScanner.scanJars At least one JAR was scanned for TLDs yet contained no TLDs. Enable debug logging for this logger for a complete list of JARs that were scanned but no TLDs were found in them. Skipping unneeded JARs during scanning can improve startup time and JSP compilation time.
05-Jul-2021 10:20:45.340 INFO [main] org.apache.catalina.startup.HostConfig.deployDirectory Deployment of web application directory [C:\Users\Gokulakrishnan\Desktop\ZOHO Incubation\Tasks\railwayServlet\tomcat\webapps\host-manager] has finished in [1,131] ms
05-Jul-2021 10:20:45.340 INFO [main] org.apache.catalina.startup.HostConfig.deployDirectory Deploying web application directory [C:\Users\Gokulakrishnan\Desktop\ZOHO Incubation\Tasks\railwayServlet\tomcat\webapps\manager]
05-Jul-2021 10:20:46.736 INFO [main] org.apache.jasper.servlet.TldScanner.scanJars At least one JAR was scanned for TLDs yet contained no TLDs. Enable debug logging for this logger for a complete list of JARs that were scanned but no TLDs were found in them. Skipping unneeded JARs during scanning can improve startup time and JSP compilation time.
05-Jul-2021 10:20:46.744 INFO [main] org.apache.catalina.startup.HostConfig.deployDirectory Deployment of web application directory [C:\Users\Gokulakrishnan\Desktop\ZOHO Incubation\Tasks\railwayServlet\tomcat\webapps\manager] has finished in [1,404] ms
05-Jul-2021 10:20:46.745 INFO [main] org.apache.catalina.startup.HostConfig.deployDirectory Deploying web application directory [C:\Users\Gokulakrishnan\Desktop\ZOHO Incubation\Tasks\railwayServlet\tomcat\webapps\railway]
05-Jul-2021 10:20:49.036 INFO [main] org.apache.jasper.servlet.TldScanner.scanJars At least one JAR was scanned for TLDs yet contained no TLDs. Enable debug logging for this logger for a complete list of JARs that were scanned but no TLDs were found in them. Skipping unneeded JARs during scanning can improve startup time and JSP compilation time.
05-Jul-2021 10:20:49.116 INFO [main] org.apache.catalina.startup.HostConfig.deployDirectory Deployment of web application directory [C:\Users\Gokulakrishnan\Desktop\ZOHO Incubation\Tasks\railwayServlet\tomcat\webapps\railway] has finished in [2,372] ms
05-Jul-2021 10:20:49.117 INFO [main] org.apache.catalina.startup.HostConfig.deployDirectory Deploying web application directory [C:\Users\Gokulakrishnan\Desktop\ZOHO Incubation\Tasks\railwayServlet\tomcat\webapps\ROOT]
05-Jul-2021 10:20:49.746 INFO [main] org.apache.jasper.servlet.TldScanner.scanJars At least one JAR was scanned for TLDs yet contained no TLDs. Enable debug logging for this logger for a complete list of JARs that were scanned but no TLDs were found in them. Skipping unneeded JARs during scanning can improve startup time and JSP compilation time.
05-Jul-2021 10:20:49.751 INFO [main] org.apache.catalina.startup.HostConfig.deployDirectory Deployment of web application directory [C:\Users\Gokulakrishnan\Desktop\ZOHO Incubation\Tasks\railwayServlet\tomcat\webapps\ROOT] has finished in [634] ms
05-Jul-2021 10:20:49.756 INFO [main] org.apache.coyote.AbstractProtocol.start Starting ProtocolHandler ["http-nio-8080"]
05-Jul-2021 10:20:49.981 INFO [main] org.apache.catalina.startup.Catalina.start Server startup in [13180] milliseconds
05-Jul-2021 10:20:49.987 SEVERE [main] org.apache.catalina.core.StandardServer.await Failed to create server shutdown socket on address [localhost] and port [8005] (base port [8005] and offset [0])
	java.net.BindException: Address already in use: bind
		at java.base/sun.nio.ch.Net.bind0(Native Method)
		at java.base/sun.nio.ch.Net.bind(Net.java:550)
		at java.base/sun.nio.ch.Net.bind(Net.java:539)
		at java.base/sun.nio.ch.NioSocketImpl.bind(NioSocketImpl.java:643)
		at java.base/java.net.ServerSocket.bind(ServerSocket.java:396)
		at java.base/java.net.ServerSocket.<init>(ServerSocket.java:282)
		at org.apache.catalina.core.StandardServer.await(StandardServer.java:584)
		at org.apache.catalina.startup.Catalina.await(Catalina.java:864)
		at org.apache.catalina.startup.Catalina.start(Catalina.java:810)
		at java.base/jdk.internal.reflect.NativeMethodAccessorImpl.invoke0(Native Method)
		at java.base/jdk.internal.reflect.NativeMethodAccessorImpl.invoke(NativeMethodAccessorImpl.java:64)
		at java.base/jdk.internal.reflect.DelegatingMethodAccessorImpl.invoke(DelegatingMethodAccessorImpl.java:43)
		at java.base/java.lang.reflect.Method.invoke(Method.java:564)
		at org.apache.catalina.startup.Bootstrap.start(Bootstrap.java:345)
		at org.apache.catalina.startup.Bootstrap.main(Bootstrap.java:476)
05-Jul-2021 10:20:49.988 INFO [main] org.apache.coyote.AbstractProtocol.pause Pausing ProtocolHandler ["http-nio-8080"]
05-Jul-2021 10:20:50.022 INFO [main] org.apache.catalina.core.StandardService.stopInternal Stopping service [Catalina]
05-Jul-2021 10:20:50.165 INFO [main] org.apache.coyote.AbstractProtocol.stop Stopping ProtocolHandler ["http-nio-8080"]
05-Jul-2021 10:20:50.173 INFO [main] org.apache.coyote.AbstractProtocol.destroy Destroying ProtocolHandler ["http-nio-8080"]
