04-Jul-2021 12:03:16.458 INFO [main] org.apache.catalina.startup.VersionLoggerListener.log Server version name:   Apache Tomcat/9.0.48
04-Jul-2021 12:03:16.466 INFO [main] org.apache.catalina.startup.VersionLoggerListener.log Server built:          Jun 10 2021 09:22:01 UTC
04-Jul-2021 12:03:16.467 INFO [main] org.apache.catalina.startup.VersionLoggerListener.log Server version number: 9.0.48.0
04-Jul-2021 12:03:16.467 INFO [main] org.apache.catalina.startup.VersionLoggerListener.log OS Name:               Windows 10
04-Jul-2021 12:03:16.467 INFO [main] org.apache.catalina.startup.VersionLoggerListener.log OS Version:            10.0
04-Jul-2021 12:03:16.468 INFO [main] org.apache.catalina.startup.VersionLoggerListener.log Architecture:          amd64
04-Jul-2021 12:03:16.468 INFO [main] org.apache.catalina.startup.VersionLoggerListener.log Java Home:             C:\Program Files\Java\jdk-15.0.2
04-Jul-2021 12:03:16.468 INFO [main] org.apache.catalina.startup.VersionLoggerListener.log JVM Version:           15.0.2+7-27
04-Jul-2021 12:03:16.468 INFO [main] org.apache.catalina.startup.VersionLoggerListener.log JVM Vendor:            Oracle Corporation
04-Jul-2021 12:03:16.469 INFO [main] org.apache.catalina.startup.VersionLoggerListener.log CATALINA_BASE:         C:\Users\Gokulakrishnan\Desktop\railwayServlet\tomcat
04-Jul-2021 12:03:16.469 INFO [main] org.apache.catalina.startup.VersionLoggerListener.log CATALINA_HOME:         C:\Users\Gokulakrishnan\Desktop\railwayServlet\tomcat
04-Jul-2021 12:03:16.613 INFO [main] org.apache.catalina.startup.VersionLoggerListener.log Command line argument: --add-opens=java.base/java.lang=ALL-UNNAMED
04-Jul-2021 12:03:16.614 INFO [main] org.apache.catalina.startup.VersionLoggerListener.log Command line argument: --add-opens=java.base/java.io=ALL-UNNAMED
04-Jul-2021 12:03:16.615 INFO [main] org.apache.catalina.startup.VersionLoggerListener.log Command line argument: --add-opens=java.base/java.util=ALL-UNNAMED
04-Jul-2021 12:03:16.617 INFO [main] org.apache.catalina.startup.VersionLoggerListener.log Command line argument: --add-opens=java.base/java.util.concurrent=ALL-UNNAMED
04-Jul-2021 12:03:16.619 INFO [main] org.apache.catalina.startup.VersionLoggerListener.log Command line argument: --add-opens=java.rmi/sun.rmi.transport=ALL-UNNAMED
04-Jul-2021 12:03:16.621 INFO [main] org.apache.catalina.startup.VersionLoggerListener.log Command line argument: -Djava.util.logging.config.file=C:\Users\Gokulakrishnan\Desktop\railwayServlet\tomcat\conf\logging.properties
04-Jul-2021 12:03:16.624 INFO [main] org.apache.catalina.startup.VersionLoggerListener.log Command line argument: -Djava.util.logging.manager=org.apache.juli.ClassLoaderLogManager
04-Jul-2021 12:03:16.632 INFO [main] org.apache.catalina.startup.VersionLoggerListener.log Command line argument: -Djdk.tls.ephemeralDHKeySize=2048
04-Jul-2021 12:03:16.633 INFO [main] org.apache.catalina.startup.VersionLoggerListener.log Command line argument: -Djava.protocol.handler.pkgs=org.apache.catalina.webresources
04-Jul-2021 12:03:16.636 INFO [main] org.apache.catalina.startup.VersionLoggerListener.log Command line argument: -Dignore.endorsed.dirs=
04-Jul-2021 12:03:16.638 INFO [main] org.apache.catalina.startup.VersionLoggerListener.log Command line argument: -Dcatalina.base=C:\Users\Gokulakrishnan\Desktop\railwayServlet\tomcat
04-Jul-2021 12:03:16.639 INFO [main] org.apache.catalina.startup.VersionLoggerListener.log Command line argument: -Dcatalina.home=C:\Users\Gokulakrishnan\Desktop\railwayServlet\tomcat
04-Jul-2021 12:03:16.640 INFO [main] org.apache.catalina.startup.VersionLoggerListener.log Command line argument: -Djava.io.tmpdir=C:\Users\Gokulakrishnan\Desktop\railwayServlet\tomcat\temp
04-Jul-2021 12:03:16.689 INFO [main] org.apache.catalina.core.AprLifecycleListener.lifecycleEvent The Apache Tomcat Native library which allows using OpenSSL was not found on the java.library.path: [C:\Program Files\Java\jdk-15.0.2\bin;C:\WINDOWS\Sun\Java\bin;C:\WINDOWS\system32;C:\WINDOWS;C:\Program Files\Common Files\Oracle\Java\javapath;C:\Program Files\Java\jdk-15.0.2\bin;C:\Users\Gokulakrishnan\AppData\Local\Programs\Python\Python36\Scripts\;C:\Users\Gokulakrishnan\AppData\Local\Programs\Python\Python36\;C:\Program Files (x86)\Python37-32\;C:\Program Files (x86)\Python37-32\Scripts\;C:\Windows\system32;C:\Windows;C:\Windows\System32\Wbem;C:\Windows\System32\WindowsPowerShell\v1.0\;C:\Program Files\Java\jdk-10.0.2\bin;C:\adb;C:\Program Files\Git\cmd;C:\wamp64\bin\php\php5.6.38;C:\composer;C:\Program Files\heroku\bin\;C:\Program Files\CMake\bin;C:\MinGW\bin;C:\Users\Gokulakrishnan\AppData\Local\Programs\Microsoft VS Code\bin\;C:\WINDOWS\system32;C:\WINDOWS;C:\WINDOWS\System32\Wbem;C:\WINDOWS\System32\WindowsPowerShell\v1.0\;C:\WINDOWS\System32\OpenSSH\;C:\Program Files\Java\jre-10.0.2\bin;C:\Program Files\nodejs\;c:\Program Files (x86)\MySQL\Connector J 8.0\mysql-connector-java-8.0.25.jar;C:\Program Files\MySQL\MySQL Shell 8.0\bin\;C:\Program Files\Java\jdk-15.0.2\bin;C:\Users\Gokulakrishnan\AppData\Local\Programs\Python\Python36\;C:\Users\Gokulakrishnan\AppData\Local\Programs\Microsoft VS Code\bin;C:\Users\Gokulakrishnan\AppData\Roaming\Composer\vendor\bin;C:\Program Files\heroku\bin;C:\MinGW\bin;C:\Users\Gokulakrishnan\AppData\Local\Programs\Microsoft VS Code\bin\;C:\Users\Gokulakrishnan\AppData\Local\Programs\Python\Python36\Scripts\;C:\Users\Gokulakrishnan\AppData\Local\Microsoft\WindowsApps;C:\Program Files\Java\jdk-10.0.2\bin;C:\Users\Gokulakrishnan\AppData\Roaming\npm;c:\Program Files (x86)\MySQL\Connector J 8.0\mysql-connector-java-8.0.25.jar;;;C:\Program Files\JetBrains\IntelliJ IDEA 2021.1.3\bin;;.]
04-Jul-2021 12:03:18.219 INFO [main] org.apache.coyote.AbstractProtocol.init Initializing ProtocolHandler ["http-nio-8080"]
04-Jul-2021 12:03:18.339 INFO [main] org.apache.catalina.startup.Catalina.load Server initialization in [3374] milliseconds
04-Jul-2021 12:03:18.495 INFO [main] org.apache.catalina.core.StandardService.startInternal Starting service [Catalina]
04-Jul-2021 12:03:18.495 INFO [main] org.apache.catalina.core.StandardEngine.startInternal Starting Servlet engine: [Apache Tomcat/9.0.48]
04-Jul-2021 12:03:18.529 INFO [main] org.apache.catalina.startup.HostConfig.deployDirectory Deploying web application directory [C:\Users\Gokulakrishnan\Desktop\railwayServlet\tomcat\webapps\docs]
04-Jul-2021 12:03:20.313 INFO [main] org.apache.jasper.servlet.TldScanner.scanJars At least one JAR was scanned for TLDs yet contained no TLDs. Enable debug logging for this logger for a complete list of JARs that were scanned but no TLDs were found in them. Skipping unneeded JARs during scanning can improve startup time and JSP compilation time.
04-Jul-2021 12:03:20.618 WARNING [main] org.apache.catalina.util.SessionIdGeneratorBase.createSecureRandom Creation of SecureRandom instance for session ID generation using [SHA1PRNG] took [105] milliseconds.
04-Jul-2021 12:03:20.666 INFO [main] org.apache.catalina.startup.HostConfig.deployDirectory Deployment of web application directory [C:\Users\Gokulakrishnan\Desktop\railwayServlet\tomcat\webapps\docs] has finished in [2,137] ms
04-Jul-2021 12:03:20.667 INFO [main] org.apache.catalina.startup.HostConfig.deployDirectory Deploying web application directory [C:\Users\Gokulakrishnan\Desktop\railwayServlet\tomcat\webapps\examples]
04-Jul-2021 12:03:23.377 INFO [main] org.apache.jasper.servlet.TldScanner.scanJars At least one JAR was scanned for TLDs yet contained no TLDs. Enable debug logging for this logger for a complete list of JARs that were scanned but no TLDs were found in them. Skipping unneeded JARs during scanning can improve startup time and JSP compilation time.
04-Jul-2021 12:03:23.482 INFO [main] org.apache.catalina.startup.HostConfig.deployDirectory Deployment of web application directory [C:\Users\Gokulakrishnan\Desktop\railwayServlet\tomcat\webapps\examples] has finished in [2,815] ms
04-Jul-2021 12:03:23.483 INFO [main] org.apache.catalina.startup.HostConfig.deployDirectory Deploying web application directory [C:\Users\Gokulakrishnan\Desktop\railwayServlet\tomcat\webapps\host-manager]
04-Jul-2021 12:03:24.225 INFO [main] org.apache.jasper.servlet.TldScanner.scanJars At least one JAR was scanned for TLDs yet contained no TLDs. Enable debug logging for this logger for a complete list of JARs that were scanned but no TLDs were found in them. Skipping unneeded JARs during scanning can improve startup time and JSP compilation time.
04-Jul-2021 12:03:24.245 INFO [main] org.apache.catalina.startup.HostConfig.deployDirectory Deployment of web application directory [C:\Users\Gokulakrishnan\Desktop\railwayServlet\tomcat\webapps\host-manager] has finished in [762] ms
04-Jul-2021 12:03:24.247 INFO [main] org.apache.catalina.startup.HostConfig.deployDirectory Deploying web application directory [C:\Users\Gokulakrishnan\Desktop\railwayServlet\tomcat\webapps\manager]
04-Jul-2021 12:03:25.091 INFO [main] org.apache.jasper.servlet.TldScanner.scanJars At least one JAR was scanned for TLDs yet contained no TLDs. Enable debug logging for this logger for a complete list of JARs that were scanned but no TLDs were found in them. Skipping unneeded JARs during scanning can improve startup time and JSP compilation time.
04-Jul-2021 12:03:25.099 INFO [main] org.apache.catalina.startup.HostConfig.deployDirectory Deployment of web application directory [C:\Users\Gokulakrishnan\Desktop\railwayServlet\tomcat\webapps\manager] has finished in [852] ms
04-Jul-2021 12:03:25.102 INFO [main] org.apache.catalina.startup.HostConfig.deployDirectory Deploying web application directory [C:\Users\Gokulakrishnan\Desktop\railwayServlet\tomcat\webapps\railway]
04-Jul-2021 12:03:27.029 INFO [main] org.apache.jasper.servlet.TldScanner.scanJars At least one JAR was scanned for TLDs yet contained no TLDs. Enable debug logging for this logger for a complete list of JARs that were scanned but no TLDs were found in them. Skipping unneeded JARs during scanning can improve startup time and JSP compilation time.
04-Jul-2021 12:03:27.156 INFO [main] org.apache.catalina.startup.HostConfig.deployDirectory Deployment of web application directory [C:\Users\Gokulakrishnan\Desktop\railwayServlet\tomcat\webapps\railway] has finished in [2,053] ms
04-Jul-2021 12:03:27.158 INFO [main] org.apache.catalina.startup.HostConfig.deployDirectory Deploying web application directory [C:\Users\Gokulakrishnan\Desktop\railwayServlet\tomcat\webapps\ROOT]
04-Jul-2021 12:03:27.740 INFO [main] org.apache.jasper.servlet.TldScanner.scanJars At least one JAR was scanned for TLDs yet contained no TLDs. Enable debug logging for this logger for a complete list of JARs that were scanned but no TLDs were found in them. Skipping unneeded JARs during scanning can improve startup time and JSP compilation time.
04-Jul-2021 12:03:27.745 INFO [main] org.apache.catalina.startup.HostConfig.deployDirectory Deployment of web application directory [C:\Users\Gokulakrishnan\Desktop\railwayServlet\tomcat\webapps\ROOT] has finished in [587] ms
04-Jul-2021 12:03:27.751 INFO [main] org.apache.coyote.AbstractProtocol.start Starting ProtocolHandler ["http-nio-8080"]
04-Jul-2021 12:03:28.013 INFO [main] org.apache.catalina.startup.Catalina.start Server startup in [9672] milliseconds
04-Jul-2021 21:31:42.711 INFO [main] org.apache.catalina.startup.VersionLoggerListener.log Server version name:   Apache Tomcat/9.0.48
04-Jul-2021 21:31:42.737 INFO [main] org.apache.catalina.startup.VersionLoggerListener.log Server built:          Jun 10 2021 09:22:01 UTC
04-Jul-2021 21:31:42.737 INFO [main] org.apache.catalina.startup.VersionLoggerListener.log Server version number: 9.0.48.0
04-Jul-2021 21:31:42.737 INFO [main] org.apache.catalina.startup.VersionLoggerListener.log OS Name:               Windows 10
04-Jul-2021 21:31:42.738 INFO [main] org.apache.catalina.startup.VersionLoggerListener.log OS Version:            10.0
04-Jul-2021 21:31:42.738 INFO [main] org.apache.catalina.startup.VersionLoggerListener.log Architecture:          amd64
04-Jul-2021 21:31:42.738 INFO [main] org.apache.catalina.startup.VersionLoggerListener.log Java Home:             C:\Program Files\Java\jdk-15.0.2
04-Jul-2021 21:31:42.738 INFO [main] org.apache.catalina.startup.VersionLoggerListener.log JVM Version:           15.0.2+7-27
04-Jul-2021 21:31:42.739 INFO [main] org.apache.catalina.startup.VersionLoggerListener.log JVM Vendor:            Oracle Corporation
04-Jul-2021 21:31:42.739 INFO [main] org.apache.catalina.startup.VersionLoggerListener.log CATALINA_BASE:         C:\Users\Gokulakrishnan\Desktop\ZOHO Incubation\Tasks\railwayServlet\tomcat
04-Jul-2021 21:31:42.739 INFO [main] org.apache.catalina.startup.VersionLoggerListener.log CATALINA_HOME:         C:\Users\Gokulakrishnan\Desktop\ZOHO Incubation\Tasks\railwayServlet\tomcat
04-Jul-2021 21:31:42.741 INFO [main] org.apache.catalina.startup.VersionLoggerListener.log Command line argument: --add-opens=java.base/java.lang=ALL-UNNAMED
04-Jul-2021 21:31:42.742 INFO [main] org.apache.catalina.startup.VersionLoggerListener.log Command line argument: --add-opens=java.base/java.io=ALL-UNNAMED
04-Jul-2021 21:31:42.742 INFO [main] org.apache.catalina.startup.VersionLoggerListener.log Command line argument: --add-opens=java.base/java.util=ALL-UNNAMED
04-Jul-2021 21:31:42.742 INFO [main] org.apache.catalina.startup.VersionLoggerListener.log Command line argument: --add-opens=java.base/java.util.concurrent=ALL-UNNAMED
04-Jul-2021 21:31:42.743 INFO [main] org.apache.catalina.startup.VersionLoggerListener.log Command line argument: --add-opens=java.rmi/sun.rmi.transport=ALL-UNNAMED
04-Jul-2021 21:31:42.743 INFO [main] org.apache.catalina.startup.VersionLoggerListener.log Command line argument: -Djava.util.logging.config.file=C:\Users\Gokulakrishnan\Desktop\ZOHO Incubation\Tasks\railwayServlet\tomcat\conf\logging.properties
04-Jul-2021 21:31:42.744 INFO [main] org.apache.catalina.startup.VersionLoggerListener.log Command line argument: -Djava.util.logging.manager=org.apache.juli.ClassLoaderLogManager
04-Jul-2021 21:31:42.745 INFO [main] org.apache.catalina.startup.VersionLoggerListener.log Command line argument: -Djdk.tls.ephemeralDHKeySize=2048
04-Jul-2021 21:31:42.750 INFO [main] org.apache.catalina.startup.VersionLoggerListener.log Command line argument: -Djava.protocol.handler.pkgs=org.apache.catalina.webresources
04-Jul-2021 21:31:42.752 INFO [main] org.apache.catalina.startup.VersionLoggerListener.log Command line argument: -Dignore.endorsed.dirs=
04-Jul-2021 21:31:42.752 INFO [main] org.apache.catalina.startup.VersionLoggerListener.log Command line argument: -Dcatalina.base=C:\Users\Gokulakrishnan\Desktop\ZOHO Incubation\Tasks\railwayServlet\tomcat
04-Jul-2021 21:31:42.753 INFO [main] org.apache.catalina.startup.VersionLoggerListener.log Command line argument: -Dcatalina.home=C:\Users\Gokulakrishnan\Desktop\ZOHO Incubation\Tasks\railwayServlet\tomcat
04-Jul-2021 21:31:42.754 INFO [main] org.apache.catalina.startup.VersionLoggerListener.log Command line argument: -Djava.io.tmpdir=C:\Users\Gokulakrishnan\Desktop\ZOHO Incubation\Tasks\railwayServlet\tomcat\temp
04-Jul-2021 21:31:42.766 INFO [main] org.apache.catalina.core.AprLifecycleListener.lifecycleEvent The Apache Tomcat Native library which allows using OpenSSL was not found on the java.library.path: [C:\Program Files\Java\jdk-15.0.2\bin;C:\WINDOWS\Sun\Java\bin;C:\WINDOWS\system32;C:\WINDOWS;C:\Program Files\Common Files\Oracle\Java\javapath;C:\Program Files\Java\jdk-15.0.2\bin;C:\Users\Gokulakrishnan\AppData\Local\Programs\Python\Python36\Scripts\;C:\Users\Gokulakrishnan\AppData\Local\Programs\Python\Python36\;C:\Program Files (x86)\Python37-32\;C:\Program Files (x86)\Python37-32\Scripts\;C:\Windows\system32;C:\Windows;C:\Windows\System32\Wbem;C:\Windows\System32\WindowsPowerShell\v1.0\;C:\Program Files\Java\jdk-10.0.2\bin;C:\adb;C:\Program Files\Git\cmd;C:\wamp64\bin\php\php5.6.38;C:\composer;C:\Program Files\heroku\bin\;C:\Program Files\CMake\bin;C:\MinGW\bin;C:\Users\Gokulakrishnan\AppData\Local\Programs\Microsoft VS Code\bin\;C:\WINDOWS\system32;C:\WINDOWS;C:\WINDOWS\System32\Wbem;C:\WINDOWS\System32\WindowsPowerShell\v1.0\;C:\WINDOWS\System32\OpenSSH\;C:\Program Files\Java\jre-10.0.2\bin;C:\Program Files\nodejs\;c:\Program Files (x86)\MySQL\Connector J 8.0\mysql-connector-java-8.0.25.jar;C:\ProgramData\chocolatey\bin;C:\Program Files\MySQL\MySQL Shell 8.0\bin\;C:\Program Files\Java\jdk-15.0.2\bin;C:\Users\Gokulakrishnan\AppData\Local\Programs\Python\Python36\;C:\Users\Gokulakrishnan\AppData\Local\Programs\Microsoft VS Code\bin;C:\Users\Gokulakrishnan\AppData\Roaming\Composer\vendor\bin;C:\Program Files\heroku\bin;C:\MinGW\bin;C:\Users\Gokulakrishnan\AppData\Local\Programs\Microsoft VS Code\bin\;C:\Users\Gokulakrishnan\AppData\Local\Programs\Python\Python36\Scripts\;C:\Users\Gokulakrishnan\AppData\Local\Microsoft\WindowsApps;C:\Program Files\Java\jdk-10.0.2\bin;C:\Users\Gokulakrishnan\AppData\Roaming\npm;c:\Program Files (x86)\MySQL\Connector J 8.0\mysql-connector-java-8.0.25.jar;;;C:\Program Files\JetBrains\IntelliJ IDEA 2021.1.3\bin;;.]
04-Jul-2021 21:31:43.305 INFO [main] org.apache.coyote.AbstractProtocol.init Initializing ProtocolHandler ["http-nio-8080"]
04-Jul-2021 21:31:43.381 INFO [main] org.apache.catalina.startup.Catalina.load Server initialization in [1074] milliseconds
04-Jul-2021 21:31:43.473 INFO [main] org.apache.catalina.core.StandardService.startInternal Starting service [Catalina]
04-Jul-2021 21:31:43.475 INFO [main] org.apache.catalina.core.StandardEngine.startInternal Starting Servlet engine: [Apache Tomcat/9.0.48]
04-Jul-2021 21:31:43.522 INFO [main] org.apache.catalina.startup.HostConfig.deployDirectory Deploying web application directory [C:\Users\Gokulakrishnan\Desktop\ZOHO Incubation\Tasks\railwayServlet\tomcat\webapps\docs]
04-Jul-2021 21:31:45.165 INFO [main] org.apache.jasper.servlet.TldScanner.scanJars At least one JAR was scanned for TLDs yet contained no TLDs. Enable debug logging for this logger for a complete list of JARs that were scanned but no TLDs were found in them. Skipping unneeded JARs during scanning can improve startup time and JSP compilation time.
04-Jul-2021 21:31:45.341 INFO [main] org.apache.catalina.startup.HostConfig.deployDirectory Deployment of web application directory [C:\Users\Gokulakrishnan\Desktop\ZOHO Incubation\Tasks\railwayServlet\tomcat\webapps\docs] has finished in [1,818] ms
04-Jul-2021 21:31:45.343 INFO [main] org.apache.catalina.startup.HostConfig.deployDirectory Deploying web application directory [C:\Users\Gokulakrishnan\Desktop\ZOHO Incubation\Tasks\railwayServlet\tomcat\webapps\examples]
04-Jul-2021 21:31:47.761 INFO [main] org.apache.jasper.servlet.TldScanner.scanJars At least one JAR was scanned for TLDs yet contained no TLDs. Enable debug logging for this logger for a complete list of JARs that were scanned but no TLDs were found in them. Skipping unneeded JARs during scanning can improve startup time and JSP compilation time.
04-Jul-2021 21:31:47.896 INFO [main] org.apache.catalina.startup.HostConfig.deployDirectory Deployment of web application directory [C:\Users\Gokulakrishnan\Desktop\ZOHO Incubation\Tasks\railwayServlet\tomcat\webapps\examples] has finished in [2,553] ms
04-Jul-2021 21:31:47.896 INFO [main] org.apache.catalina.startup.HostConfig.deployDirectory Deploying web application directory [C:\Users\Gokulakrishnan\Desktop\ZOHO Incubation\Tasks\railwayServlet\tomcat\webapps\host-manager]
04-Jul-2021 21:31:48.655 INFO [main] org.apache.jasper.servlet.TldScanner.scanJars At least one JAR was scanned for TLDs yet contained no TLDs. Enable debug logging for this logger for a complete list of JARs that were scanned but no TLDs were found in them. Skipping unneeded JARs during scanning can improve startup time and JSP compilation time.
04-Jul-2021 21:31:48.674 INFO [main] org.apache.catalina.startup.HostConfig.deployDirectory Deployment of web application directory [C:\Users\Gokulakrishnan\Desktop\ZOHO Incubation\Tasks\railwayServlet\tomcat\webapps\host-manager] has finished in [777] ms
04-Jul-2021 21:31:48.675 INFO [main] org.apache.catalina.startup.HostConfig.deployDirectory Deploying web application directory [C:\Users\Gokulakrishnan\Desktop\ZOHO Incubation\Tasks\railwayServlet\tomcat\webapps\manager]
04-Jul-2021 21:31:49.445 INFO [main] org.apache.jasper.servlet.TldScanner.scanJars At least one JAR was scanned for TLDs yet contained no TLDs. Enable debug logging for this logger for a complete list of JARs that were scanned but no TLDs were found in them. Skipping unneeded JARs during scanning can improve startup time and JSP compilation time.
04-Jul-2021 21:31:49.452 INFO [main] org.apache.catalina.startup.HostConfig.deployDirectory Deployment of web application directory [C:\Users\Gokulakrishnan\Desktop\ZOHO Incubation\Tasks\railwayServlet\tomcat\webapps\manager] has finished in [777] ms
04-Jul-2021 21:31:49.453 INFO [main] org.apache.catalina.startup.HostConfig.deployDirectory Deploying web application directory [C:\Users\Gokulakrishnan\Desktop\ZOHO Incubation\Tasks\railwayServlet\tomcat\webapps\railway]
04-Jul-2021 21:31:50.776 INFO [main] org.apache.jasper.servlet.TldScanner.scanJars At least one JAR was scanned for TLDs yet contained no TLDs. Enable debug logging for this logger for a complete list of JARs that were scanned but no TLDs were found in them. Skipping unneeded JARs during scanning can improve startup time and JSP compilation time.
04-Jul-2021 21:31:50.817 INFO [main] org.apache.catalina.startup.HostConfig.deployDirectory Deployment of web application directory [C:\Users\Gokulakrishnan\Desktop\ZOHO Incubation\Tasks\railwayServlet\tomcat\webapps\railway] has finished in [1,365] ms
04-Jul-2021 21:31:50.818 INFO [main] org.apache.catalina.startup.HostConfig.deployDirectory Deploying web application directory [C:\Users\Gokulakrishnan\Desktop\ZOHO Incubation\Tasks\railwayServlet\tomcat\webapps\ROOT]
04-Jul-2021 21:31:51.454 INFO [main] org.apache.jasper.servlet.TldScanner.scanJars At least one JAR was scanned for TLDs yet contained no TLDs. Enable debug logging for this logger for a complete list of JARs that were scanned but no TLDs were found in them. Skipping unneeded JARs during scanning can improve startup time and JSP compilation time.
04-Jul-2021 21:31:51.461 INFO [main] org.apache.catalina.startup.HostConfig.deployDirectory Deployment of web application directory [C:\Users\Gokulakrishnan\Desktop\ZOHO Incubation\Tasks\railwayServlet\tomcat\webapps\ROOT] has finished in [643] ms
04-Jul-2021 21:31:51.466 INFO [main] org.apache.coyote.AbstractProtocol.start Starting ProtocolHandler ["http-nio-8080"]
04-Jul-2021 21:31:51.623 INFO [main] org.apache.catalina.startup.Catalina.start Server startup in [8240] milliseconds
