01-Jul-2021 20:16:43.927 INFO [main] org.apache.catalina.startup.VersionLoggerListener.log Server version name:   Apache Tomcat/9.0.48
01-Jul-2021 20:16:43.933 INFO [main] org.apache.catalina.startup.VersionLoggerListener.log Server built:          Jun 10 2021 09:22:01 UTC
01-Jul-2021 20:16:43.933 INFO [main] org.apache.catalina.startup.VersionLoggerListener.log Server version number: 9.0.48.0
01-Jul-2021 20:16:43.934 INFO [main] org.apache.catalina.startup.VersionLoggerListener.log OS Name:               Windows 10
01-Jul-2021 20:16:43.934 INFO [main] org.apache.catalina.startup.VersionLoggerListener.log OS Version:            10.0
01-Jul-2021 20:16:43.934 INFO [main] org.apache.catalina.startup.VersionLoggerListener.log Architecture:          amd64
01-Jul-2021 20:16:43.934 INFO [main] org.apache.catalina.startup.VersionLoggerListener.log Java Home:             C:\Program Files\Java\jdk-15.0.2
01-Jul-2021 20:16:43.934 INFO [main] org.apache.catalina.startup.VersionLoggerListener.log JVM Version:           15.0.2+7-27
01-Jul-2021 20:16:43.935 INFO [main] org.apache.catalina.startup.VersionLoggerListener.log JVM Vendor:            Oracle Corporation
01-Jul-2021 20:16:43.935 INFO [main] org.apache.catalina.startup.VersionLoggerListener.log CATALINA_BASE:         C:\Users\Gokulakrishnan\Desktop\railwayServlet\tomcat
01-Jul-2021 20:16:43.935 INFO [main] org.apache.catalina.startup.VersionLoggerListener.log CATALINA_HOME:         C:\Users\Gokulakrishnan\Desktop\railwayServlet\tomcat
01-Jul-2021 20:16:43.957 INFO [main] org.apache.catalina.startup.VersionLoggerListener.log Command line argument: --add-opens=java.base/java.lang=ALL-UNNAMED
01-Jul-2021 20:16:43.957 INFO [main] org.apache.catalina.startup.VersionLoggerListener.log Command line argument: --add-opens=java.base/java.io=ALL-UNNAMED
01-Jul-2021 20:16:43.957 INFO [main] org.apache.catalina.startup.VersionLoggerListener.log Command line argument: --add-opens=java.base/java.util=ALL-UNNAMED
01-Jul-2021 20:16:43.958 INFO [main] org.apache.catalina.startup.VersionLoggerListener.log Command line argument: --add-opens=java.base/java.util.concurrent=ALL-UNNAMED
01-Jul-2021 20:16:43.958 INFO [main] org.apache.catalina.startup.VersionLoggerListener.log Command line argument: --add-opens=java.rmi/sun.rmi.transport=ALL-UNNAMED
01-Jul-2021 20:16:43.959 INFO [main] org.apache.catalina.startup.VersionLoggerListener.log Command line argument: -Djava.util.logging.config.file=C:\Users\Gokulakrishnan\Desktop\railwayServlet\tomcat\conf\logging.properties
01-Jul-2021 20:16:43.960 INFO [main] org.apache.catalina.startup.VersionLoggerListener.log Command line argument: -Djava.util.logging.manager=org.apache.juli.ClassLoaderLogManager
01-Jul-2021 20:16:43.960 INFO [main] org.apache.catalina.startup.VersionLoggerListener.log Command line argument: -Djdk.tls.ephemeralDHKeySize=2048
01-Jul-2021 20:16:43.961 INFO [main] org.apache.catalina.startup.VersionLoggerListener.log Command line argument: -Djava.protocol.handler.pkgs=org.apache.catalina.webresources
01-Jul-2021 20:16:43.961 INFO [main] org.apache.catalina.startup.VersionLoggerListener.log Command line argument: -Dignore.endorsed.dirs=
01-Jul-2021 20:16:43.962 INFO [main] org.apache.catalina.startup.VersionLoggerListener.log Command line argument: -Dcatalina.base=C:\Users\Gokulakrishnan\Desktop\railwayServlet\tomcat
01-Jul-2021 20:16:43.962 INFO [main] org.apache.catalina.startup.VersionLoggerListener.log Command line argument: -Dcatalina.home=C:\Users\Gokulakrishnan\Desktop\railwayServlet\tomcat
01-Jul-2021 20:16:43.963 INFO [main] org.apache.catalina.startup.VersionLoggerListener.log Command line argument: -Djava.io.tmpdir=C:\Users\Gokulakrishnan\Desktop\railwayServlet\tomcat\temp
01-Jul-2021 20:16:43.974 INFO [main] org.apache.catalina.core.AprLifecycleListener.lifecycleEvent The Apache Tomcat Native library which allows using OpenSSL was not found on the java.library.path: [C:\Program Files\Java\jdk-15.0.2\bin;C:\WINDOWS\Sun\Java\bin;C:\WINDOWS\system32;C:\WINDOWS;C:\Program Files\Common Files\Oracle\Java\javapath;C:\Program Files\Java\jdk-15.0.2\bin;C:\Program Files\AdoptOpenJDK\jdk-11.0.11.9-hotspot\bin;C:\Program Files (x86)\Common Files\Oracle\Java\javapath;C:\Users\Gokulakrishnan\AppData\Local\Programs\Python\Python36\Scripts\;C:\Users\Gokulakrishnan\AppData\Local\Programs\Python\Python36\;C:\Program Files (x86)\Python37-32\;C:\Program Files (x86)\Python37-32\Scripts\;C:\Windows\system32;C:\Windows;C:\Windows\System32\Wbem;C:\Windows\System32\WindowsPowerShell\v1.0\;C:\Program Files\Java\jdk-10.0.2\bin;C:\adb;C:\Program Files\Git\cmd;C:\wamp64\bin\php\php5.6.38;C:\composer;C:\Program Files\heroku\bin\;C:\Program Files\CMake\bin;C:\MinGW\bin;C:\Users\Gokulakrishnan\AppData\Local\Programs\Microsoft VS Code\bin\;C:\WINDOWS\system32;C:\WINDOWS;C:\WINDOWS\System32\Wbem;C:\WINDOWS\System32\WindowsPowerShell\v1.0\;C:\WINDOWS\System32\OpenSSH\;C:\Program Files\Java\jre-10.0.2\bin;C:\Program Files\nodejs\;c:\Program Files (x86)\MySQL\Connector J 8.0\mysql-connector-java-8.0.25.jar;C:\Program Files\MySQL\MySQL Shell 8.0\bin\;C:\Program Files\Java\jdk-15.0.2\bin;C:\Users\Gokulakrishnan\AppData\Local\Programs\Python\Python36\;C:\Users\Gokulakrishnan\AppData\Local\Programs\Microsoft VS Code\bin;C:\Users\Gokulakrishnan\AppData\Roaming\Composer\vendor\bin;C:\Program Files\heroku\bin;C:\MinGW\bin;C:\Users\Gokulakrishnan\AppData\Local\Programs\Microsoft VS Code\bin\;C:\Users\Gokulakrishnan\AppData\Local\Programs\Python\Python36\Scripts\;C:\Users\Gokulakrishnan\AppData\Local\Microsoft\WindowsApps;C:\Program Files\Java\jdk-10.0.2\bin;C:\Users\Gokulakrishnan\AppData\Roaming\npm;C:\Users\Gokulakrishnan\AppData\Local\Google\Cloud SDK\google-cloud-sdk\bin;c:\Program Files (x86)\MySQL\Connector J 8.0\mysql-connector-java-8.0.25.jar;;.]
01-Jul-2021 20:16:44.549 INFO [main] org.apache.coyote.AbstractProtocol.init Initializing ProtocolHandler ["http-nio-8080"]
01-Jul-2021 20:16:44.650 INFO [main] org.apache.catalina.startup.Catalina.load Server initialization in [1036] milliseconds
01-Jul-2021 20:16:44.737 INFO [main] org.apache.catalina.core.StandardService.startInternal Starting service [Catalina]
01-Jul-2021 20:16:44.740 INFO [main] org.apache.catalina.core.StandardEngine.startInternal Starting Servlet engine: [Apache Tomcat/9.0.48]
01-Jul-2021 20:16:44.755 INFO [main] org.apache.catalina.startup.HostConfig.deployDirectory Deploying web application directory [C:\Users\Gokulakrishnan\Desktop\railwayServlet\tomcat\webapps\docs]
01-Jul-2021 20:16:45.469 INFO [main] org.apache.catalina.startup.HostConfig.deployDirectory Deployment of web application directory [C:\Users\Gokulakrishnan\Desktop\railwayServlet\tomcat\webapps\docs] has finished in [713] ms
01-Jul-2021 20:16:45.473 INFO [main] org.apache.catalina.startup.HostConfig.deployDirectory Deploying web application directory [C:\Users\Gokulakrishnan\Desktop\railwayServlet\tomcat\webapps\examples]
01-Jul-2021 20:16:48.657 INFO [main] org.apache.catalina.startup.HostConfig.deployDirectory Deployment of web application directory [C:\Users\Gokulakrishnan\Desktop\railwayServlet\tomcat\webapps\examples] has finished in [3,184] ms
01-Jul-2021 20:16:48.657 INFO [main] org.apache.catalina.startup.HostConfig.deployDirectory Deploying web application directory [C:\Users\Gokulakrishnan\Desktop\railwayServlet\tomcat\webapps\host-manager]
01-Jul-2021 20:16:48.770 INFO [main] org.apache.catalina.startup.HostConfig.deployDirectory Deployment of web application directory [C:\Users\Gokulakrishnan\Desktop\railwayServlet\tomcat\webapps\host-manager] has finished in [113] ms
01-Jul-2021 20:16:48.771 INFO [main] org.apache.catalina.startup.HostConfig.deployDirectory Deploying web application directory [C:\Users\Gokulakrishnan\Desktop\railwayServlet\tomcat\webapps\manager]
01-Jul-2021 20:16:48.882 INFO [main] org.apache.catalina.startup.HostConfig.deployDirectory Deployment of web application directory [C:\Users\Gokulakrishnan\Desktop\railwayServlet\tomcat\webapps\manager] has finished in [111] ms
01-Jul-2021 20:16:48.883 INFO [main] org.apache.catalina.startup.HostConfig.deployDirectory Deploying web application directory [C:\Users\Gokulakrishnan\Desktop\railwayServlet\tomcat\webapps\railway]
01-Jul-2021 20:16:48.971 INFO [main] org.apache.catalina.startup.HostConfig.deployDirectory Deployment of web application directory [C:\Users\Gokulakrishnan\Desktop\railwayServlet\tomcat\webapps\railway] has finished in [89] ms
01-Jul-2021 20:16:48.972 INFO [main] org.apache.catalina.startup.HostConfig.deployDirectory Deploying web application directory [C:\Users\Gokulakrishnan\Desktop\railwayServlet\tomcat\webapps\ROOT]
01-Jul-2021 20:16:49.024 INFO [main] org.apache.catalina.startup.HostConfig.deployDirectory Deployment of web application directory [C:\Users\Gokulakrishnan\Desktop\railwayServlet\tomcat\webapps\ROOT] has finished in [52] ms
01-Jul-2021 20:16:49.032 INFO [main] org.apache.coyote.AbstractProtocol.start Starting ProtocolHandler ["http-nio-8080"]
01-Jul-2021 20:16:49.105 INFO [main] org.apache.catalina.startup.Catalina.start Server startup in [4453] milliseconds
01-Jul-2021 20:40:16.195 INFO [Catalina-utility-1] org.apache.catalina.core.StandardContext.reload Reloading Context with name [/railway] has started
01-Jul-2021 20:40:16.312 INFO [Catalina-utility-1] org.apache.catalina.core.StandardContext.reload Reloading Context with name [/railway] is completed
01-Jul-2021 22:07:06.526 INFO [Catalina-utility-2] org.apache.catalina.core.StandardContext.reload Reloading Context with name [/railway] has started
01-Jul-2021 22:07:09.151 INFO [Catalina-utility-2] org.apache.catalina.core.StandardContext.reload Reloading Context with name [/railway] is completed
01-Jul-2021 22:10:45.625 INFO [main] org.apache.catalina.startup.VersionLoggerListener.log Server version name:   Apache Tomcat/9.0.48
01-Jul-2021 22:10:45.632 INFO [main] org.apache.catalina.startup.VersionLoggerListener.log Server built:          Jun 10 2021 09:22:01 UTC
01-Jul-2021 22:10:45.633 INFO [main] org.apache.catalina.startup.VersionLoggerListener.log Server version number: 9.0.48.0
01-Jul-2021 22:10:45.633 INFO [main] org.apache.catalina.startup.VersionLoggerListener.log OS Name:               Windows 10
01-Jul-2021 22:10:45.633 INFO [main] org.apache.catalina.startup.VersionLoggerListener.log OS Version:            10.0
01-Jul-2021 22:10:45.633 INFO [main] org.apache.catalina.startup.VersionLoggerListener.log Architecture:          amd64
01-Jul-2021 22:10:45.634 INFO [main] org.apache.catalina.startup.VersionLoggerListener.log Java Home:             C:\Program Files\Java\jdk-15.0.2
01-Jul-2021 22:10:45.634 INFO [main] org.apache.catalina.startup.VersionLoggerListener.log JVM Version:           15.0.2+7-27
01-Jul-2021 22:10:45.634 INFO [main] org.apache.catalina.startup.VersionLoggerListener.log JVM Vendor:            Oracle Corporation
01-Jul-2021 22:10:45.634 INFO [main] org.apache.catalina.startup.VersionLoggerListener.log CATALINA_BASE:         C:\Users\Gokulakrishnan\Desktop\railwayServlet\tomcat
01-Jul-2021 22:10:45.635 INFO [main] org.apache.catalina.startup.VersionLoggerListener.log CATALINA_HOME:         C:\Users\Gokulakrishnan\Desktop\railwayServlet\tomcat
01-Jul-2021 22:10:45.784 INFO [main] org.apache.catalina.startup.VersionLoggerListener.log Command line argument: --add-opens=java.base/java.lang=ALL-UNNAMED
01-Jul-2021 22:10:45.784 INFO [main] org.apache.catalina.startup.VersionLoggerListener.log Command line argument: --add-opens=java.base/java.io=ALL-UNNAMED
01-Jul-2021 22:10:45.786 INFO [main] org.apache.catalina.startup.VersionLoggerListener.log Command line argument: --add-opens=java.base/java.util=ALL-UNNAMED
01-Jul-2021 22:10:45.786 INFO [main] org.apache.catalina.startup.VersionLoggerListener.log Command line argument: --add-opens=java.base/java.util.concurrent=ALL-UNNAMED
01-Jul-2021 22:10:45.788 INFO [main] org.apache.catalina.startup.VersionLoggerListener.log Command line argument: --add-opens=java.rmi/sun.rmi.transport=ALL-UNNAMED
01-Jul-2021 22:10:45.791 INFO [main] org.apache.catalina.startup.VersionLoggerListener.log Command line argument: -Djava.util.logging.config.file=C:\Users\Gokulakrishnan\Desktop\railwayServlet\tomcat\conf\logging.properties
01-Jul-2021 22:10:45.793 INFO [main] org.apache.catalina.startup.VersionLoggerListener.log Command line argument: -Djava.util.logging.manager=org.apache.juli.ClassLoaderLogManager
01-Jul-2021 22:10:45.794 INFO [main] org.apache.catalina.startup.VersionLoggerListener.log Command line argument: -Djdk.tls.ephemeralDHKeySize=2048
01-Jul-2021 22:10:45.798 INFO [main] org.apache.catalina.startup.VersionLoggerListener.log Command line argument: -Djava.protocol.handler.pkgs=org.apache.catalina.webresources
01-Jul-2021 22:10:45.800 INFO [main] org.apache.catalina.startup.VersionLoggerListener.log Command line argument: -Dignore.endorsed.dirs=
01-Jul-2021 22:10:45.801 INFO [main] org.apache.catalina.startup.VersionLoggerListener.log Command line argument: -Dcatalina.base=C:\Users\Gokulakrishnan\Desktop\railwayServlet\tomcat
01-Jul-2021 22:10:45.802 INFO [main] org.apache.catalina.startup.VersionLoggerListener.log Command line argument: -Dcatalina.home=C:\Users\Gokulakrishnan\Desktop\railwayServlet\tomcat
01-Jul-2021 22:10:45.803 INFO [main] org.apache.catalina.startup.VersionLoggerListener.log Command line argument: -Djava.io.tmpdir=C:\Users\Gokulakrishnan\Desktop\railwayServlet\tomcat\temp
01-Jul-2021 22:10:45.943 INFO [main] org.apache.catalina.core.AprLifecycleListener.lifecycleEvent The Apache Tomcat Native library which allows using OpenSSL was not found on the java.library.path: [C:\Program Files\Java\jdk-15.0.2\bin;C:\WINDOWS\Sun\Java\bin;C:\WINDOWS\system32;C:\WINDOWS;C:\Program Files\Common Files\Oracle\Java\javapath;C:\Program Files\Java\jdk-15.0.2\bin;C:\Program Files\AdoptOpenJDK\jdk-11.0.11.9-hotspot\bin;C:\Program Files (x86)\Common Files\Oracle\Java\javapath;C:\Users\Gokulakrishnan\AppData\Local\Programs\Python\Python36\Scripts\;C:\Users\Gokulakrishnan\AppData\Local\Programs\Python\Python36\;C:\Program Files (x86)\Python37-32\;C:\Program Files (x86)\Python37-32\Scripts\;C:\Windows\system32;C:\Windows;C:\Windows\System32\Wbem;C:\Windows\System32\WindowsPowerShell\v1.0\;C:\Program Files\Java\jdk-10.0.2\bin;C:\adb;C:\Program Files\Git\cmd;C:\wamp64\bin\php\php5.6.38;C:\composer;C:\Program Files\heroku\bin\;C:\Program Files\CMake\bin;C:\MinGW\bin;C:\Users\Gokulakrishnan\AppData\Local\Programs\Microsoft VS Code\bin\;C:\WINDOWS\system32;C:\WINDOWS;C:\WINDOWS\System32\Wbem;C:\WINDOWS\System32\WindowsPowerShell\v1.0\;C:\WINDOWS\System32\OpenSSH\;C:\Program Files\Java\jre-10.0.2\bin;C:\Program Files\nodejs\;c:\Program Files (x86)\MySQL\Connector J 8.0\mysql-connector-java-8.0.25.jar;C:\Program Files\MySQL\MySQL Shell 8.0\bin\;C:\Program Files\Java\jdk-15.0.2\bin;C:\Users\Gokulakrishnan\AppData\Local\Programs\Python\Python36\;C:\Users\Gokulakrishnan\AppData\Local\Programs\Microsoft VS Code\bin;C:\Users\Gokulakrishnan\AppData\Roaming\Composer\vendor\bin;C:\Program Files\heroku\bin;C:\MinGW\bin;C:\Users\Gokulakrishnan\AppData\Local\Programs\Microsoft VS Code\bin\;C:\Users\Gokulakrishnan\AppData\Local\Programs\Python\Python36\Scripts\;C:\Users\Gokulakrishnan\AppData\Local\Microsoft\WindowsApps;C:\Program Files\Java\jdk-10.0.2\bin;C:\Users\Gokulakrishnan\AppData\Roaming\npm;C:\Users\Gokulakrishnan\AppData\Local\Google\Cloud SDK\google-cloud-sdk\bin;c:\Program Files (x86)\MySQL\Connector J 8.0\mysql-connector-java-8.0.25.jar;;.]
01-Jul-2021 22:10:47.057 INFO [main] org.apache.coyote.AbstractProtocol.init Initializing ProtocolHandler ["http-nio-8080"]
01-Jul-2021 22:10:47.280 INFO [main] org.apache.catalina.startup.Catalina.load Server initialization in [2566] milliseconds
01-Jul-2021 22:10:47.426 INFO [main] org.apache.catalina.core.StandardService.startInternal Starting service [Catalina]
01-Jul-2021 22:10:47.426 INFO [main] org.apache.catalina.core.StandardEngine.startInternal Starting Servlet engine: [Apache Tomcat/9.0.48]
01-Jul-2021 22:10:47.453 INFO [main] org.apache.catalina.startup.HostConfig.deployDirectory Deploying web application directory [C:\Users\Gokulakrishnan\Desktop\railwayServlet\tomcat\webapps\docs]
01-Jul-2021 22:10:49.014 INFO [main] org.apache.jasper.servlet.TldScanner.scanJars At least one JAR was scanned for TLDs yet contained no TLDs. Enable debug logging for this logger for a complete list of JARs that were scanned but no TLDs were found in them. Skipping unneeded JARs during scanning can improve startup time and JSP compilation time.
01-Jul-2021 22:10:49.241 WARNING [main] org.apache.catalina.util.SessionIdGeneratorBase.createSecureRandom Creation of SecureRandom instance for session ID generation using [SHA1PRNG] took [106] milliseconds.
01-Jul-2021 22:10:49.364 INFO [main] org.apache.catalina.startup.HostConfig.deployDirectory Deployment of web application directory [C:\Users\Gokulakrishnan\Desktop\railwayServlet\tomcat\webapps\docs] has finished in [1,911] ms
01-Jul-2021 22:10:49.365 INFO [main] org.apache.catalina.startup.HostConfig.deployDirectory Deploying web application directory [C:\Users\Gokulakrishnan\Desktop\railwayServlet\tomcat\webapps\examples]
01-Jul-2021 22:10:52.067 INFO [main] org.apache.jasper.servlet.TldScanner.scanJars At least one JAR was scanned for TLDs yet contained no TLDs. Enable debug logging for this logger for a complete list of JARs that were scanned but no TLDs were found in them. Skipping unneeded JARs during scanning can improve startup time and JSP compilation time.
01-Jul-2021 22:10:52.165 INFO [main] org.apache.catalina.startup.HostConfig.deployDirectory Deployment of web application directory [C:\Users\Gokulakrishnan\Desktop\railwayServlet\tomcat\webapps\examples] has finished in [2,800] ms
01-Jul-2021 22:10:52.166 INFO [main] org.apache.catalina.startup.HostConfig.deployDirectory Deploying web application directory [C:\Users\Gokulakrishnan\Desktop\railwayServlet\tomcat\webapps\host-manager]
01-Jul-2021 22:10:52.767 INFO [main] org.apache.jasper.servlet.TldScanner.scanJars At least one JAR was scanned for TLDs yet contained no TLDs. Enable debug logging for this logger for a complete list of JARs that were scanned but no TLDs were found in them. Skipping unneeded JARs during scanning can improve startup time and JSP compilation time.
01-Jul-2021 22:10:52.777 INFO [main] org.apache.catalina.startup.HostConfig.deployDirectory Deployment of web application directory [C:\Users\Gokulakrishnan\Desktop\railwayServlet\tomcat\webapps\host-manager] has finished in [612] ms
01-Jul-2021 22:10:52.778 INFO [main] org.apache.catalina.startup.HostConfig.deployDirectory Deploying web application directory [C:\Users\Gokulakrishnan\Desktop\railwayServlet\tomcat\webapps\manager]
01-Jul-2021 22:10:53.440 INFO [main] org.apache.jasper.servlet.TldScanner.scanJars At least one JAR was scanned for TLDs yet contained no TLDs. Enable debug logging for this logger for a complete list of JARs that were scanned but no TLDs were found in them. Skipping unneeded JARs during scanning can improve startup time and JSP compilation time.
01-Jul-2021 22:10:53.448 INFO [main] org.apache.catalina.startup.HostConfig.deployDirectory Deployment of web application directory [C:\Users\Gokulakrishnan\Desktop\railwayServlet\tomcat\webapps\manager] has finished in [670] ms
01-Jul-2021 22:10:53.450 INFO [main] org.apache.catalina.startup.HostConfig.deployDirectory Deploying web application directory [C:\Users\Gokulakrishnan\Desktop\railwayServlet\tomcat\webapps\railway]
01-Jul-2021 22:10:54.239 INFO [main] org.apache.jasper.servlet.TldScanner.scanJars At least one JAR was scanned for TLDs yet contained no TLDs. Enable debug logging for this logger for a complete list of JARs that were scanned but no TLDs were found in them. Skipping unneeded JARs during scanning can improve startup time and JSP compilation time.
01-Jul-2021 22:10:54.292 INFO [main] org.apache.catalina.startup.HostConfig.deployDirectory Deployment of web application directory [C:\Users\Gokulakrishnan\Desktop\railwayServlet\tomcat\webapps\railway] has finished in [842] ms
01-Jul-2021 22:10:54.294 INFO [main] org.apache.catalina.startup.HostConfig.deployDirectory Deploying web application directory [C:\Users\Gokulakrishnan\Desktop\railwayServlet\tomcat\webapps\ROOT]
01-Jul-2021 22:10:54.956 INFO [main] org.apache.jasper.servlet.TldScanner.scanJars At least one JAR was scanned for TLDs yet contained no TLDs. Enable debug logging for this logger for a complete list of JARs that were scanned but no TLDs were found in them. Skipping unneeded JARs during scanning can improve startup time and JSP compilation time.
01-Jul-2021 22:10:54.963 INFO [main] org.apache.catalina.startup.HostConfig.deployDirectory Deployment of web application directory [C:\Users\Gokulakrishnan\Desktop\railwayServlet\tomcat\webapps\ROOT] has finished in [670] ms
01-Jul-2021 22:10:54.971 INFO [main] org.apache.coyote.AbstractProtocol.start Starting ProtocolHandler ["http-nio-8080"]
01-Jul-2021 22:10:55.146 INFO [main] org.apache.catalina.startup.Catalina.start Server startup in [7864] milliseconds
01-Jul-2021 22:23:49.095 INFO [Catalina-utility-2] org.apache.catalina.loader.WebappClassLoaderBase.modified One or more JARs have been added to the web application [/railway]
01-Jul-2021 22:23:49.098 INFO [Catalina-utility-2] org.apache.catalina.core.StandardContext.reload Reloading Context with name [/railway] has started
01-Jul-2021 22:23:50.669 INFO [Catalina-utility-2] org.apache.jasper.servlet.TldScanner.scanJars At least one JAR was scanned for TLDs yet contained no TLDs. Enable debug logging for this logger for a complete list of JARs that were scanned but no TLDs were found in them. Skipping unneeded JARs during scanning can improve startup time and JSP compilation time.
01-Jul-2021 22:23:50.735 INFO [Catalina-utility-2] org.apache.catalina.core.StandardContext.reload Reloading Context with name [/railway] is completed
01-Jul-2021 22:24:41.379 INFO [Catalina-utility-2] org.apache.catalina.core.StandardContext.reload Reloading Context with name [/railway] has started
01-Jul-2021 22:24:42.250 INFO [Catalina-utility-2] org.apache.jasper.servlet.TldScanner.scanJars At least one JAR was scanned for TLDs yet contained no TLDs. Enable debug logging for this logger for a complete list of JARs that were scanned but no TLDs were found in them. Skipping unneeded JARs during scanning can improve startup time and JSP compilation time.
01-Jul-2021 22:24:42.283 INFO [Catalina-utility-2] org.apache.catalina.core.StandardContext.reload Reloading Context with name [/railway] is completed
01-Jul-2021 23:01:03.687 INFO [Catalina-utility-2] org.apache.catalina.core.StandardContext.reload Reloading Context with name [/railway] has started
01-Jul-2021 23:01:07.301 INFO [Catalina-utility-2] org.apache.jasper.servlet.TldScanner.scanJars At least one JAR was scanned for TLDs yet contained no TLDs. Enable debug logging for this logger for a complete list of JARs that were scanned but no TLDs were found in them. Skipping unneeded JARs during scanning can improve startup time and JSP compilation time.
01-Jul-2021 23:01:07.371 INFO [Catalina-utility-2] org.apache.catalina.core.StandardContext.reload Reloading Context with name [/railway] is completed
01-Jul-2021 23:05:41.055 INFO [Catalina-utility-2] org.apache.catalina.loader.WebappClassLoaderBase.modified One or more JARs have been added to the web application [/railway]
01-Jul-2021 23:05:41.055 INFO [Catalina-utility-2] org.apache.catalina.core.StandardContext.reload Reloading Context with name [/railway] has started
01-Jul-2021 23:05:42.079 INFO [Catalina-utility-2] org.apache.jasper.servlet.TldScanner.scanJars At least one JAR was scanned for TLDs yet contained no TLDs. Enable debug logging for this logger for a complete list of JARs that were scanned but no TLDs were found in them. Skipping unneeded JARs during scanning can improve startup time and JSP compilation time.
01-Jul-2021 23:05:42.103 INFO [Catalina-utility-2] org.apache.catalina.core.StandardContext.reload Reloading Context with name [/railway] is completed
01-Jul-2021 23:12:47.430 INFO [Thread-2] org.apache.coyote.AbstractProtocol.pause Pausing ProtocolHandler ["http-nio-8080"]
01-Jul-2021 23:12:47.604 INFO [Thread-2] org.apache.catalina.core.StandardService.stopInternal Stopping service [Catalina]
01-Jul-2021 23:12:47.856 INFO [Thread-2] org.apache.coyote.AbstractProtocol.stop Stopping ProtocolHandler ["http-nio-8080"]
01-Jul-2021 23:12:48.024 INFO [Thread-2] org.apache.coyote.AbstractProtocol.destroy Destroying ProtocolHandler ["http-nio-8080"]
01-Jul-2021 23:14:16.109 INFO [main] org.apache.catalina.startup.VersionLoggerListener.log Server version name:   Apache Tomcat/9.0.48
01-Jul-2021 23:14:16.115 INFO [main] org.apache.catalina.startup.VersionLoggerListener.log Server built:          Jun 10 2021 09:22:01 UTC
01-Jul-2021 23:14:16.115 INFO [main] org.apache.catalina.startup.VersionLoggerListener.log Server version number: 9.0.48.0
01-Jul-2021 23:14:16.116 INFO [main] org.apache.catalina.startup.VersionLoggerListener.log OS Name:               Windows 10
01-Jul-2021 23:14:16.116 INFO [main] org.apache.catalina.startup.VersionLoggerListener.log OS Version:            10.0
01-Jul-2021 23:14:16.116 INFO [main] org.apache.catalina.startup.VersionLoggerListener.log Architecture:          amd64
01-Jul-2021 23:14:16.117 INFO [main] org.apache.catalina.startup.VersionLoggerListener.log Java Home:             C:\Program Files\Java\jdk-15.0.2
01-Jul-2021 23:14:16.117 INFO [main] org.apache.catalina.startup.VersionLoggerListener.log JVM Version:           15.0.2+7-27
01-Jul-2021 23:14:16.117 INFO [main] org.apache.catalina.startup.VersionLoggerListener.log JVM Vendor:            Oracle Corporation
01-Jul-2021 23:14:16.117 INFO [main] org.apache.catalina.startup.VersionLoggerListener.log CATALINA_BASE:         C:\Users\Gokulakrishnan\Desktop\railwayServlet\tomcat
01-Jul-2021 23:14:16.117 INFO [main] org.apache.catalina.startup.VersionLoggerListener.log CATALINA_HOME:         C:\Users\Gokulakrishnan\Desktop\railwayServlet\tomcat
01-Jul-2021 23:14:16.166 INFO [main] org.apache.catalina.startup.VersionLoggerListener.log Command line argument: --add-opens=java.base/java.lang=ALL-UNNAMED
01-Jul-2021 23:14:16.167 INFO [main] org.apache.catalina.startup.VersionLoggerListener.log Command line argument: --add-opens=java.base/java.io=ALL-UNNAMED
01-Jul-2021 23:14:16.167 INFO [main] org.apache.catalina.startup.VersionLoggerListener.log Command line argument: --add-opens=java.base/java.util=ALL-UNNAMED
01-Jul-2021 23:14:16.167 INFO [main] org.apache.catalina.startup.VersionLoggerListener.log Command line argument: --add-opens=java.base/java.util.concurrent=ALL-UNNAMED
01-Jul-2021 23:14:16.168 INFO [main] org.apache.catalina.startup.VersionLoggerListener.log Command line argument: --add-opens=java.rmi/sun.rmi.transport=ALL-UNNAMED
01-Jul-2021 23:14:16.168 INFO [main] org.apache.catalina.startup.VersionLoggerListener.log Command line argument: -Djava.util.logging.config.file=C:\Users\Gokulakrishnan\Desktop\railwayServlet\tomcat\conf\logging.properties
01-Jul-2021 23:14:16.169 INFO [main] org.apache.catalina.startup.VersionLoggerListener.log Command line argument: -Djava.util.logging.manager=org.apache.juli.ClassLoaderLogManager
01-Jul-2021 23:14:16.170 INFO [main] org.apache.catalina.startup.VersionLoggerListener.log Command line argument: -Djdk.tls.ephemeralDHKeySize=2048
01-Jul-2021 23:14:16.170 INFO [main] org.apache.catalina.startup.VersionLoggerListener.log Command line argument: -Djava.protocol.handler.pkgs=org.apache.catalina.webresources
01-Jul-2021 23:14:16.171 INFO [main] org.apache.catalina.startup.VersionLoggerListener.log Command line argument: -Dignore.endorsed.dirs=
01-Jul-2021 23:14:16.171 INFO [main] org.apache.catalina.startup.VersionLoggerListener.log Command line argument: -Dcatalina.base=C:\Users\Gokulakrishnan\Desktop\railwayServlet\tomcat
01-Jul-2021 23:14:16.172 INFO [main] org.apache.catalina.startup.VersionLoggerListener.log Command line argument: -Dcatalina.home=C:\Users\Gokulakrishnan\Desktop\railwayServlet\tomcat
01-Jul-2021 23:14:16.173 INFO [main] org.apache.catalina.startup.VersionLoggerListener.log Command line argument: -Djava.io.tmpdir=C:\Users\Gokulakrishnan\Desktop\railwayServlet\tomcat\temp
01-Jul-2021 23:14:16.368 INFO [main] org.apache.catalina.core.AprLifecycleListener.lifecycleEvent The Apache Tomcat Native library which allows using OpenSSL was not found on the java.library.path: [C:\Program Files\Java\jdk-15.0.2\bin;C:\WINDOWS\Sun\Java\bin;C:\WINDOWS\system32;C:\WINDOWS;C:\Program Files\Common Files\Oracle\Java\javapath;C:\Program Files\Java\jdk-15.0.2\bin;C:\Program Files\AdoptOpenJDK\jdk-11.0.11.9-hotspot\bin;C:\Program Files (x86)\Common Files\Oracle\Java\javapath;C:\Users\Gokulakrishnan\AppData\Local\Programs\Python\Python36\Scripts\;C:\Users\Gokulakrishnan\AppData\Local\Programs\Python\Python36\;C:\Program Files (x86)\Python37-32\;C:\Program Files (x86)\Python37-32\Scripts\;C:\Windows\system32;C:\Windows;C:\Windows\System32\Wbem;C:\Windows\System32\WindowsPowerShell\v1.0\;C:\Program Files\Java\jdk-10.0.2\bin;C:\adb;C:\Program Files\Git\cmd;C:\wamp64\bin\php\php5.6.38;C:\composer;C:\Program Files\heroku\bin\;C:\Program Files\CMake\bin;C:\MinGW\bin;C:\Users\Gokulakrishnan\AppData\Local\Programs\Microsoft VS Code\bin\;C:\WINDOWS\system32;C:\WINDOWS;C:\WINDOWS\System32\Wbem;C:\WINDOWS\System32\WindowsPowerShell\v1.0\;C:\WINDOWS\System32\OpenSSH\;C:\Program Files\Java\jre-10.0.2\bin;C:\Program Files\nodejs\;c:\Program Files (x86)\MySQL\Connector J 8.0\mysql-connector-java-8.0.25.jar;C:\Program Files\MySQL\MySQL Shell 8.0\bin\;C:\Program Files\Java\jdk-15.0.2\bin;C:\Users\Gokulakrishnan\AppData\Local\Programs\Python\Python36\;C:\Users\Gokulakrishnan\AppData\Local\Programs\Microsoft VS Code\bin;C:\Users\Gokulakrishnan\AppData\Roaming\Composer\vendor\bin;C:\Program Files\heroku\bin;C:\MinGW\bin;C:\Users\Gokulakrishnan\AppData\Local\Programs\Microsoft VS Code\bin\;C:\Users\Gokulakrishnan\AppData\Local\Programs\Python\Python36\Scripts\;C:\Users\Gokulakrishnan\AppData\Local\Microsoft\WindowsApps;C:\Program Files\Java\jdk-10.0.2\bin;C:\Users\Gokulakrishnan\AppData\Roaming\npm;C:\Users\Gokulakrishnan\AppData\Local\Google\Cloud SDK\google-cloud-sdk\bin;c:\Program Files (x86)\MySQL\Connector J 8.0\mysql-connector-java-8.0.25.jar;;.]
01-Jul-2021 23:14:17.118 INFO [main] org.apache.coyote.AbstractProtocol.init Initializing ProtocolHandler ["http-nio-8080"]
01-Jul-2021 23:14:17.231 INFO [main] org.apache.catalina.startup.Catalina.load Server initialization in [2026] milliseconds
01-Jul-2021 23:14:17.372 INFO [main] org.apache.catalina.core.StandardService.startInternal Starting service [Catalina]
01-Jul-2021 23:14:17.373 INFO [main] org.apache.catalina.core.StandardEngine.startInternal Starting Servlet engine: [Apache Tomcat/9.0.48]
01-Jul-2021 23:14:17.387 INFO [main] org.apache.catalina.startup.HostConfig.deployDirectory Deploying web application directory [C:\Users\Gokulakrishnan\Desktop\railwayServlet\tomcat\webapps\docs]
01-Jul-2021 23:14:18.871 INFO [main] org.apache.jasper.servlet.TldScanner.scanJars At least one JAR was scanned for TLDs yet contained no TLDs. Enable debug logging for this logger for a complete list of JARs that were scanned but no TLDs were found in them. Skipping unneeded JARs during scanning can improve startup time and JSP compilation time.
01-Jul-2021 23:14:19.007 INFO [main] org.apache.catalina.startup.HostConfig.deployDirectory Deployment of web application directory [C:\Users\Gokulakrishnan\Desktop\railwayServlet\tomcat\webapps\docs] has finished in [1,620] ms
01-Jul-2021 23:14:19.008 INFO [main] org.apache.catalina.startup.HostConfig.deployDirectory Deploying web application directory [C:\Users\Gokulakrishnan\Desktop\railwayServlet\tomcat\webapps\examples]
01-Jul-2021 23:14:21.349 INFO [main] org.apache.jasper.servlet.TldScanner.scanJars At least one JAR was scanned for TLDs yet contained no TLDs. Enable debug logging for this logger for a complete list of JARs that were scanned but no TLDs were found in them. Skipping unneeded JARs during scanning can improve startup time and JSP compilation time.
01-Jul-2021 23:14:21.443 INFO [main] org.apache.catalina.startup.HostConfig.deployDirectory Deployment of web application directory [C:\Users\Gokulakrishnan\Desktop\railwayServlet\tomcat\webapps\examples] has finished in [2,436] ms
01-Jul-2021 23:14:21.444 INFO [main] org.apache.catalina.startup.HostConfig.deployDirectory Deploying web application directory [C:\Users\Gokulakrishnan\Desktop\railwayServlet\tomcat\webapps\host-manager]
01-Jul-2021 23:14:22.091 INFO [main] org.apache.jasper.servlet.TldScanner.scanJars At least one JAR was scanned for TLDs yet contained no TLDs. Enable debug logging for this logger for a complete list of JARs that were scanned but no TLDs were found in them. Skipping unneeded JARs during scanning can improve startup time and JSP compilation time.
01-Jul-2021 23:14:22.107 INFO [main] org.apache.catalina.startup.HostConfig.deployDirectory Deployment of web application directory [C:\Users\Gokulakrishnan\Desktop\railwayServlet\tomcat\webapps\host-manager] has finished in [664] ms
01-Jul-2021 23:14:22.108 INFO [main] org.apache.catalina.startup.HostConfig.deployDirectory Deploying web application directory [C:\Users\Gokulakrishnan\Desktop\railwayServlet\tomcat\webapps\manager]
01-Jul-2021 23:14:22.805 INFO [main] org.apache.jasper.servlet.TldScanner.scanJars At least one JAR was scanned for TLDs yet contained no TLDs. Enable debug logging for this logger for a complete list of JARs that were scanned but no TLDs were found in them. Skipping unneeded JARs during scanning can improve startup time and JSP compilation time.
01-Jul-2021 23:14:22.812 INFO [main] org.apache.catalina.startup.HostConfig.deployDirectory Deployment of web application directory [C:\Users\Gokulakrishnan\Desktop\railwayServlet\tomcat\webapps\manager] has finished in [704] ms
01-Jul-2021 23:14:22.814 INFO [main] org.apache.catalina.startup.HostConfig.deployDirectory Deploying web application directory [C:\Users\Gokulakrishnan\Desktop\railwayServlet\tomcat\webapps\railway]
01-Jul-2021 23:14:24.495 INFO [main] org.apache.jasper.servlet.TldScanner.scanJars At least one JAR was scanned for TLDs yet contained no TLDs. Enable debug logging for this logger for a complete list of JARs that were scanned but no TLDs were found in them. Skipping unneeded JARs during scanning can improve startup time and JSP compilation time.
01-Jul-2021 23:14:24.543 INFO [main] org.apache.catalina.startup.HostConfig.deployDirectory Deployment of web application directory [C:\Users\Gokulakrishnan\Desktop\railwayServlet\tomcat\webapps\railway] has finished in [1,728] ms
01-Jul-2021 23:14:24.544 INFO [main] org.apache.catalina.startup.HostConfig.deployDirectory Deploying web application directory [C:\Users\Gokulakrishnan\Desktop\railwayServlet\tomcat\webapps\ROOT]
01-Jul-2021 23:14:25.106 INFO [main] org.apache.jasper.servlet.TldScanner.scanJars At least one JAR was scanned for TLDs yet contained no TLDs. Enable debug logging for this logger for a complete list of JARs that were scanned but no TLDs were found in them. Skipping unneeded JARs during scanning can improve startup time and JSP compilation time.
01-Jul-2021 23:14:25.112 INFO [main] org.apache.catalina.startup.HostConfig.deployDirectory Deployment of web application directory [C:\Users\Gokulakrishnan\Desktop\railwayServlet\tomcat\webapps\ROOT] has finished in [569] ms
01-Jul-2021 23:14:25.117 INFO [main] org.apache.coyote.AbstractProtocol.start Starting ProtocolHandler ["http-nio-8080"]
01-Jul-2021 23:14:25.272 INFO [main] org.apache.catalina.startup.Catalina.start Server startup in [8039] milliseconds
01-Jul-2021 23:15:25.921 INFO [Catalina-utility-2] org.apache.catalina.core.StandardContext.reload Reloading Context with name [/railway] has started
01-Jul-2021 23:15:27.398 INFO [Catalina-utility-2] org.apache.jasper.servlet.TldScanner.scanJars At least one JAR was scanned for TLDs yet contained no TLDs. Enable debug logging for this logger for a complete list of JARs that were scanned but no TLDs were found in them. Skipping unneeded JARs during scanning can improve startup time and JSP compilation time.
01-Jul-2021 23:15:27.477 INFO [Catalina-utility-2] org.apache.catalina.core.StandardContext.reload Reloading Context with name [/railway] is completed
01-Jul-2021 23:22:00.793 INFO [Thread-2] org.apache.coyote.AbstractProtocol.pause Pausing ProtocolHandler ["http-nio-8080"]
01-Jul-2021 23:22:00.816 INFO [Thread-2] org.apache.catalina.core.StandardService.stopInternal Stopping service [Catalina]
01-Jul-2021 23:22:00.852 INFO [Thread-2] org.apache.coyote.AbstractProtocol.stop Stopping ProtocolHandler ["http-nio-8080"]
01-Jul-2021 23:22:00.910 INFO [Thread-2] org.apache.coyote.AbstractProtocol.destroy Destroying ProtocolHandler ["http-nio-8080"]
01-Jul-2021 23:22:12.104 INFO [main] org.apache.catalina.startup.VersionLoggerListener.log Server version name:   Apache Tomcat/9.0.48
01-Jul-2021 23:22:12.111 INFO [main] org.apache.catalina.startup.VersionLoggerListener.log Server built:          Jun 10 2021 09:22:01 UTC
01-Jul-2021 23:22:12.112 INFO [main] org.apache.catalina.startup.VersionLoggerListener.log Server version number: 9.0.48.0
01-Jul-2021 23:22:12.112 INFO [main] org.apache.catalina.startup.VersionLoggerListener.log OS Name:               Windows 10
01-Jul-2021 23:22:12.112 INFO [main] org.apache.catalina.startup.VersionLoggerListener.log OS Version:            10.0
01-Jul-2021 23:22:12.112 INFO [main] org.apache.catalina.startup.VersionLoggerListener.log Architecture:          amd64
01-Jul-2021 23:22:12.113 INFO [main] org.apache.catalina.startup.VersionLoggerListener.log Java Home:             C:\Program Files\Java\jdk-15.0.2
01-Jul-2021 23:22:12.113 INFO [main] org.apache.catalina.startup.VersionLoggerListener.log JVM Version:           15.0.2+7-27
01-Jul-2021 23:22:12.113 INFO [main] org.apache.catalina.startup.VersionLoggerListener.log JVM Vendor:            Oracle Corporation
01-Jul-2021 23:22:12.114 INFO [main] org.apache.catalina.startup.VersionLoggerListener.log CATALINA_BASE:         C:\Users\Gokulakrishnan\Desktop\railwayServlet\tomcat
01-Jul-2021 23:22:12.114 INFO [main] org.apache.catalina.startup.VersionLoggerListener.log CATALINA_HOME:         C:\Users\Gokulakrishnan\Desktop\railwayServlet\tomcat
01-Jul-2021 23:22:12.135 INFO [main] org.apache.catalina.startup.VersionLoggerListener.log Command line argument: --add-opens=java.base/java.lang=ALL-UNNAMED
01-Jul-2021 23:22:12.136 INFO [main] org.apache.catalina.startup.VersionLoggerListener.log Command line argument: --add-opens=java.base/java.io=ALL-UNNAMED
01-Jul-2021 23:22:12.137 INFO [main] org.apache.catalina.startup.VersionLoggerListener.log Command line argument: --add-opens=java.base/java.util=ALL-UNNAMED
01-Jul-2021 23:22:12.137 INFO [main] org.apache.catalina.startup.VersionLoggerListener.log Command line argument: --add-opens=java.base/java.util.concurrent=ALL-UNNAMED
01-Jul-2021 23:22:12.138 INFO [main] org.apache.catalina.startup.VersionLoggerListener.log Command line argument: --add-opens=java.rmi/sun.rmi.transport=ALL-UNNAMED
01-Jul-2021 23:22:12.139 INFO [main] org.apache.catalina.startup.VersionLoggerListener.log Command line argument: -Djava.util.logging.config.file=C:\Users\Gokulakrishnan\Desktop\railwayServlet\tomcat\conf\logging.properties
01-Jul-2021 23:22:12.139 INFO [main] org.apache.catalina.startup.VersionLoggerListener.log Command line argument: -Djava.util.logging.manager=org.apache.juli.ClassLoaderLogManager
01-Jul-2021 23:22:12.141 INFO [main] org.apache.catalina.startup.VersionLoggerListener.log Command line argument: -Djdk.tls.ephemeralDHKeySize=2048
01-Jul-2021 23:22:12.142 INFO [main] org.apache.catalina.startup.VersionLoggerListener.log Command line argument: -Djava.protocol.handler.pkgs=org.apache.catalina.webresources
01-Jul-2021 23:22:12.143 INFO [main] org.apache.catalina.startup.VersionLoggerListener.log Command line argument: -Dignore.endorsed.dirs=
01-Jul-2021 23:22:12.143 INFO [main] org.apache.catalina.startup.VersionLoggerListener.log Command line argument: -Dcatalina.base=C:\Users\Gokulakrishnan\Desktop\railwayServlet\tomcat
01-Jul-2021 23:22:12.144 INFO [main] org.apache.catalina.startup.VersionLoggerListener.log Command line argument: -Dcatalina.home=C:\Users\Gokulakrishnan\Desktop\railwayServlet\tomcat
01-Jul-2021 23:22:12.145 INFO [main] org.apache.catalina.startup.VersionLoggerListener.log Command line argument: -Djava.io.tmpdir=C:\Users\Gokulakrishnan\Desktop\railwayServlet\tomcat\temp
01-Jul-2021 23:22:12.158 INFO [main] org.apache.catalina.core.AprLifecycleListener.lifecycleEvent The Apache Tomcat Native library which allows using OpenSSL was not found on the java.library.path: [C:\Program Files\Java\jdk-15.0.2\bin;C:\WINDOWS\Sun\Java\bin;C:\WINDOWS\system32;C:\WINDOWS;C:\Program Files\Common Files\Oracle\Java\javapath;C:\Program Files\Java\jdk-15.0.2\bin;C:\Program Files\AdoptOpenJDK\jdk-11.0.11.9-hotspot\bin;C:\Program Files (x86)\Common Files\Oracle\Java\javapath;C:\Users\Gokulakrishnan\AppData\Local\Programs\Python\Python36\Scripts\;C:\Users\Gokulakrishnan\AppData\Local\Programs\Python\Python36\;C:\Program Files (x86)\Python37-32\;C:\Program Files (x86)\Python37-32\Scripts\;C:\Windows\system32;C:\Windows;C:\Windows\System32\Wbem;C:\Windows\System32\WindowsPowerShell\v1.0\;C:\Program Files\Java\jdk-10.0.2\bin;C:\adb;C:\Program Files\Git\cmd;C:\wamp64\bin\php\php5.6.38;C:\composer;C:\Program Files\heroku\bin\;C:\Program Files\CMake\bin;C:\MinGW\bin;C:\Users\Gokulakrishnan\AppData\Local\Programs\Microsoft VS Code\bin\;C:\WINDOWS\system32;C:\WINDOWS;C:\WINDOWS\System32\Wbem;C:\WINDOWS\System32\WindowsPowerShell\v1.0\;C:\WINDOWS\System32\OpenSSH\;C:\Program Files\Java\jre-10.0.2\bin;C:\Program Files\nodejs\;c:\Program Files (x86)\MySQL\Connector J 8.0\mysql-connector-java-8.0.25.jar;C:\Program Files\MySQL\MySQL Shell 8.0\bin\;C:\Program Files\Java\jdk-15.0.2\bin;C:\Users\Gokulakrishnan\AppData\Local\Programs\Python\Python36\;C:\Users\Gokulakrishnan\AppData\Local\Programs\Microsoft VS Code\bin;C:\Users\Gokulakrishnan\AppData\Roaming\Composer\vendor\bin;C:\Program Files\heroku\bin;C:\MinGW\bin;C:\Users\Gokulakrishnan\AppData\Local\Programs\Microsoft VS Code\bin\;C:\Users\Gokulakrishnan\AppData\Local\Programs\Python\Python36\Scripts\;C:\Users\Gokulakrishnan\AppData\Local\Microsoft\WindowsApps;C:\Program Files\Java\jdk-10.0.2\bin;C:\Users\Gokulakrishnan\AppData\Roaming\npm;C:\Users\Gokulakrishnan\AppData\Local\Google\Cloud SDK\google-cloud-sdk\bin;c:\Program Files (x86)\MySQL\Connector J 8.0\mysql-connector-java-8.0.25.jar;;.]
01-Jul-2021 23:22:12.904 INFO [main] org.apache.coyote.AbstractProtocol.init Initializing ProtocolHandler ["http-nio-8080"]
01-Jul-2021 23:22:13.003 INFO [main] org.apache.catalina.startup.Catalina.load Server initialization in [1188] milliseconds
01-Jul-2021 23:22:13.190 INFO [main] org.apache.catalina.core.StandardService.startInternal Starting service [Catalina]
01-Jul-2021 23:22:13.194 INFO [main] org.apache.catalina.core.StandardEngine.startInternal Starting Servlet engine: [Apache Tomcat/9.0.48]
01-Jul-2021 23:22:13.217 INFO [main] org.apache.catalina.startup.HostConfig.deployDirectory Deploying web application directory [C:\Users\Gokulakrishnan\Desktop\railwayServlet\tomcat\webapps\docs]
01-Jul-2021 23:22:14.397 INFO [main] org.apache.jasper.servlet.TldScanner.scanJars At least one JAR was scanned for TLDs yet contained no TLDs. Enable debug logging for this logger for a complete list of JARs that were scanned but no TLDs were found in them. Skipping unneeded JARs during scanning can improve startup time and JSP compilation time.
01-Jul-2021 23:22:14.529 INFO [main] org.apache.catalina.startup.HostConfig.deployDirectory Deployment of web application directory [C:\Users\Gokulakrishnan\Desktop\railwayServlet\tomcat\webapps\docs] has finished in [1,311] ms
01-Jul-2021 23:22:14.531 INFO [main] org.apache.catalina.startup.HostConfig.deployDirectory Deploying web application directory [C:\Users\Gokulakrishnan\Desktop\railwayServlet\tomcat\webapps\examples]
01-Jul-2021 23:22:15.862 INFO [main] org.apache.jasper.servlet.TldScanner.scanJars At least one JAR was scanned for TLDs yet contained no TLDs. Enable debug logging for this logger for a complete list of JARs that were scanned but no TLDs were found in them. Skipping unneeded JARs during scanning can improve startup time and JSP compilation time.
01-Jul-2021 23:22:15.988 INFO [main] org.apache.catalina.startup.HostConfig.deployDirectory Deployment of web application directory [C:\Users\Gokulakrishnan\Desktop\railwayServlet\tomcat\webapps\examples] has finished in [1,458] ms
01-Jul-2021 23:22:15.989 INFO [main] org.apache.catalina.startup.HostConfig.deployDirectory Deploying web application directory [C:\Users\Gokulakrishnan\Desktop\railwayServlet\tomcat\webapps\host-manager]
01-Jul-2021 23:22:17.185 INFO [main] org.apache.jasper.servlet.TldScanner.scanJars At least one JAR was scanned for TLDs yet contained no TLDs. Enable debug logging for this logger for a complete list of JARs that were scanned but no TLDs were found in them. Skipping unneeded JARs during scanning can improve startup time and JSP compilation time.
01-Jul-2021 23:22:17.216 INFO [main] org.apache.catalina.startup.HostConfig.deployDirectory Deployment of web application directory [C:\Users\Gokulakrishnan\Desktop\railwayServlet\tomcat\webapps\host-manager] has finished in [1,227] ms
01-Jul-2021 23:22:17.218 INFO [main] org.apache.catalina.startup.HostConfig.deployDirectory Deploying web application directory [C:\Users\Gokulakrishnan\Desktop\railwayServlet\tomcat\webapps\manager]
01-Jul-2021 23:22:17.962 INFO [main] org.apache.jasper.servlet.TldScanner.scanJars At least one JAR was scanned for TLDs yet contained no TLDs. Enable debug logging for this logger for a complete list of JARs that were scanned but no TLDs were found in them. Skipping unneeded JARs during scanning can improve startup time and JSP compilation time.
01-Jul-2021 23:22:17.969 INFO [main] org.apache.catalina.startup.HostConfig.deployDirectory Deployment of web application directory [C:\Users\Gokulakrishnan\Desktop\railwayServlet\tomcat\webapps\manager] has finished in [752] ms
01-Jul-2021 23:22:17.970 INFO [main] org.apache.catalina.startup.HostConfig.deployDirectory Deploying web application directory [C:\Users\Gokulakrishnan\Desktop\railwayServlet\tomcat\webapps\railway]
01-Jul-2021 23:22:19.057 INFO [main] org.apache.jasper.servlet.TldScanner.scanJars At least one JAR was scanned for TLDs yet contained no TLDs. Enable debug logging for this logger for a complete list of JARs that were scanned but no TLDs were found in them. Skipping unneeded JARs during scanning can improve startup time and JSP compilation time.
01-Jul-2021 23:22:19.127 INFO [main] org.apache.catalina.startup.HostConfig.deployDirectory Deployment of web application directory [C:\Users\Gokulakrishnan\Desktop\railwayServlet\tomcat\webapps\railway] has finished in [1,156] ms
01-Jul-2021 23:22:19.128 INFO [main] org.apache.catalina.startup.HostConfig.deployDirectory Deploying web application directory [C:\Users\Gokulakrishnan\Desktop\railwayServlet\tomcat\webapps\ROOT]
01-Jul-2021 23:22:19.743 INFO [main] org.apache.jasper.servlet.TldScanner.scanJars At least one JAR was scanned for TLDs yet contained no TLDs. Enable debug logging for this logger for a complete list of JARs that were scanned but no TLDs were found in them. Skipping unneeded JARs during scanning can improve startup time and JSP compilation time.
01-Jul-2021 23:22:19.751 INFO [main] org.apache.catalina.startup.HostConfig.deployDirectory Deployment of web application directory [C:\Users\Gokulakrishnan\Desktop\railwayServlet\tomcat\webapps\ROOT] has finished in [623] ms
01-Jul-2021 23:22:19.759 INFO [main] org.apache.coyote.AbstractProtocol.start Starting ProtocolHandler ["http-nio-8080"]
01-Jul-2021 23:22:19.903 INFO [main] org.apache.catalina.startup.Catalina.start Server startup in [6898] milliseconds
01-Jul-2021 23:23:10.813 INFO [Catalina-utility-1] org.apache.catalina.core.StandardContext.reload Reloading Context with name [/railway] has started
01-Jul-2021 23:23:11.855 INFO [Catalina-utility-1] org.apache.jasper.servlet.TldScanner.scanJars At least one JAR was scanned for TLDs yet contained no TLDs. Enable debug logging for this logger for a complete list of JARs that were scanned but no TLDs were found in them. Skipping unneeded JARs during scanning can improve startup time and JSP compilation time.
01-Jul-2021 23:23:11.910 INFO [Catalina-utility-1] org.apache.catalina.core.StandardContext.reload Reloading Context with name [/railway] is completed
01-Jul-2021 23:24:53.233 INFO [Catalina-utility-1] org.apache.catalina.core.StandardContext.reload Reloading Context with name [/railway] has started
01-Jul-2021 23:24:54.482 INFO [Catalina-utility-1] org.apache.jasper.servlet.TldScanner.scanJars At least one JAR was scanned for TLDs yet contained no TLDs. Enable debug logging for this logger for a complete list of JARs that were scanned but no TLDs were found in them. Skipping unneeded JARs during scanning can improve startup time and JSP compilation time.
01-Jul-2021 23:24:54.521 INFO [Catalina-utility-1] org.apache.catalina.core.StandardContext.reload Reloading Context with name [/railway] is completed
01-Jul-2021 23:34:12.255 INFO [Catalina-utility-1] org.apache.catalina.core.StandardContext.reload Reloading Context with name [/railway] has started
01-Jul-2021 23:34:13.853 INFO [Catalina-utility-1] org.apache.jasper.servlet.TldScanner.scanJars At least one JAR was scanned for TLDs yet contained no TLDs. Enable debug logging for this logger for a complete list of JARs that were scanned but no TLDs were found in them. Skipping unneeded JARs during scanning can improve startup time and JSP compilation time.
01-Jul-2021 23:34:13.883 INFO [Catalina-utility-1] org.apache.catalina.core.StandardContext.reload Reloading Context with name [/railway] is completed
01-Jul-2021 23:36:56.114 INFO [Catalina-utility-2] org.apache.catalina.core.StandardContext.reload Reloading Context with name [/railway] has started
01-Jul-2021 23:36:57.113 INFO [Catalina-utility-2] org.apache.jasper.servlet.TldScanner.scanJars At least one JAR was scanned for TLDs yet contained no TLDs. Enable debug logging for this logger for a complete list of JARs that were scanned but no TLDs were found in them. Skipping unneeded JARs during scanning can improve startup time and JSP compilation time.
01-Jul-2021 23:36:57.161 INFO [Catalina-utility-2] org.apache.catalina.core.StandardContext.reload Reloading Context with name [/railway] is completed
01-Jul-2021 23:40:40.192 INFO [Catalina-utility-2] org.apache.catalina.core.StandardContext.reload Reloading Context with name [/railway] has started
01-Jul-2021 23:40:41.043 INFO [Catalina-utility-2] org.apache.jasper.servlet.TldScanner.scanJars At least one JAR was scanned for TLDs yet contained no TLDs. Enable debug logging for this logger for a complete list of JARs that were scanned but no TLDs were found in them. Skipping unneeded JARs during scanning can improve startup time and JSP compilation time.
01-Jul-2021 23:40:41.076 INFO [Catalina-utility-2] org.apache.catalina.core.StandardContext.reload Reloading Context with name [/railway] is completed
01-Jul-2021 23:46:57.101 INFO [Thread-2] org.apache.coyote.AbstractProtocol.pause Pausing ProtocolHandler ["http-nio-8080"]
01-Jul-2021 23:46:57.147 INFO [Thread-2] org.apache.catalina.core.StandardService.stopInternal Stopping service [Catalina]
01-Jul-2021 23:46:57.192 INFO [Thread-2] org.apache.coyote.AbstractProtocol.stop Stopping ProtocolHandler ["http-nio-8080"]
01-Jul-2021 23:46:57.281 INFO [Thread-2] org.apache.coyote.AbstractProtocol.destroy Destroying ProtocolHandler ["http-nio-8080"]
01-Jul-2021 23:47:04.195 INFO [main] org.apache.catalina.startup.VersionLoggerListener.log Server version name:   Apache Tomcat/9.0.48
01-Jul-2021 23:47:04.201 INFO [main] org.apache.catalina.startup.VersionLoggerListener.log Server built:          Jun 10 2021 09:22:01 UTC
01-Jul-2021 23:47:04.201 INFO [main] org.apache.catalina.startup.VersionLoggerListener.log Server version number: 9.0.48.0
01-Jul-2021 23:47:04.202 INFO [main] org.apache.catalina.startup.VersionLoggerListener.log OS Name:               Windows 10
01-Jul-2021 23:47:04.202 INFO [main] org.apache.catalina.startup.VersionLoggerListener.log OS Version:            10.0
01-Jul-2021 23:47:04.202 INFO [main] org.apache.catalina.startup.VersionLoggerListener.log Architecture:          amd64
01-Jul-2021 23:47:04.203 INFO [main] org.apache.catalina.startup.VersionLoggerListener.log Java Home:             C:\Program Files\Java\jdk-15.0.2
01-Jul-2021 23:47:04.203 INFO [main] org.apache.catalina.startup.VersionLoggerListener.log JVM Version:           15.0.2+7-27
01-Jul-2021 23:47:04.203 INFO [main] org.apache.catalina.startup.VersionLoggerListener.log JVM Vendor:            Oracle Corporation
01-Jul-2021 23:47:04.203 INFO [main] org.apache.catalina.startup.VersionLoggerListener.log CATALINA_BASE:         C:\Users\Gokulakrishnan\Desktop\railwayServlet\tomcat
01-Jul-2021 23:47:04.204 INFO [main] org.apache.catalina.startup.VersionLoggerListener.log CATALINA_HOME:         C:\Users\Gokulakrishnan\Desktop\railwayServlet\tomcat
01-Jul-2021 23:47:04.226 INFO [main] org.apache.catalina.startup.VersionLoggerListener.log Command line argument: --add-opens=java.base/java.lang=ALL-UNNAMED
01-Jul-2021 23:47:04.227 INFO [main] org.apache.catalina.startup.VersionLoggerListener.log Command line argument: --add-opens=java.base/java.io=ALL-UNNAMED
01-Jul-2021 23:47:04.227 INFO [main] org.apache.catalina.startup.VersionLoggerListener.log Command line argument: --add-opens=java.base/java.util=ALL-UNNAMED
01-Jul-2021 23:47:04.227 INFO [main] org.apache.catalina.startup.VersionLoggerListener.log Command line argument: --add-opens=java.base/java.util.concurrent=ALL-UNNAMED
01-Jul-2021 23:47:04.228 INFO [main] org.apache.catalina.startup.VersionLoggerListener.log Command line argument: --add-opens=java.rmi/sun.rmi.transport=ALL-UNNAMED
01-Jul-2021 23:47:04.229 INFO [main] org.apache.catalina.startup.VersionLoggerListener.log Command line argument: -Djava.util.logging.config.file=C:\Users\Gokulakrishnan\Desktop\railwayServlet\tomcat\conf\logging.properties
01-Jul-2021 23:47:04.230 INFO [main] org.apache.catalina.startup.VersionLoggerListener.log Command line argument: -Djava.util.logging.manager=org.apache.juli.ClassLoaderLogManager
01-Jul-2021 23:47:04.231 INFO [main] org.apache.catalina.startup.VersionLoggerListener.log Command line argument: -Djdk.tls.ephemeralDHKeySize=2048
01-Jul-2021 23:47:04.232 INFO [main] org.apache.catalina.startup.VersionLoggerListener.log Command line argument: -Djava.protocol.handler.pkgs=org.apache.catalina.webresources
01-Jul-2021 23:47:04.233 INFO [main] org.apache.catalina.startup.VersionLoggerListener.log Command line argument: -Dignore.endorsed.dirs=
01-Jul-2021 23:47:04.233 INFO [main] org.apache.catalina.startup.VersionLoggerListener.log Command line argument: -Dcatalina.base=C:\Users\Gokulakrishnan\Desktop\railwayServlet\tomcat
01-Jul-2021 23:47:04.234 INFO [main] org.apache.catalina.startup.VersionLoggerListener.log Command line argument: -Dcatalina.home=C:\Users\Gokulakrishnan\Desktop\railwayServlet\tomcat
01-Jul-2021 23:47:04.235 INFO [main] org.apache.catalina.startup.VersionLoggerListener.log Command line argument: -Djava.io.tmpdir=C:\Users\Gokulakrishnan\Desktop\railwayServlet\tomcat\temp
01-Jul-2021 23:47:04.255 INFO [main] org.apache.catalina.core.AprLifecycleListener.lifecycleEvent The Apache Tomcat Native library which allows using OpenSSL was not found on the java.library.path: [C:\Program Files\Java\jdk-15.0.2\bin;C:\WINDOWS\Sun\Java\bin;C:\WINDOWS\system32;C:\WINDOWS;C:\Program Files\Common Files\Oracle\Java\javapath;C:\Program Files\Java\jdk-15.0.2\bin;C:\Program Files\AdoptOpenJDK\jdk-11.0.11.9-hotspot\bin;C:\Program Files (x86)\Common Files\Oracle\Java\javapath;C:\Users\Gokulakrishnan\AppData\Local\Programs\Python\Python36\Scripts\;C:\Users\Gokulakrishnan\AppData\Local\Programs\Python\Python36\;C:\Program Files (x86)\Python37-32\;C:\Program Files (x86)\Python37-32\Scripts\;C:\Windows\system32;C:\Windows;C:\Windows\System32\Wbem;C:\Windows\System32\WindowsPowerShell\v1.0\;C:\Program Files\Java\jdk-10.0.2\bin;C:\adb;C:\Program Files\Git\cmd;C:\wamp64\bin\php\php5.6.38;C:\composer;C:\Program Files\heroku\bin\;C:\Program Files\CMake\bin;C:\MinGW\bin;C:\Users\Gokulakrishnan\AppData\Local\Programs\Microsoft VS Code\bin\;C:\WINDOWS\system32;C:\WINDOWS;C:\WINDOWS\System32\Wbem;C:\WINDOWS\System32\WindowsPowerShell\v1.0\;C:\WINDOWS\System32\OpenSSH\;C:\Program Files\Java\jre-10.0.2\bin;C:\Program Files\nodejs\;c:\Program Files (x86)\MySQL\Connector J 8.0\mysql-connector-java-8.0.25.jar;C:\Program Files\MySQL\MySQL Shell 8.0\bin\;C:\Program Files\Java\jdk-15.0.2\bin;C:\Users\Gokulakrishnan\AppData\Local\Programs\Python\Python36\;C:\Users\Gokulakrishnan\AppData\Local\Programs\Microsoft VS Code\bin;C:\Users\Gokulakrishnan\AppData\Roaming\Composer\vendor\bin;C:\Program Files\heroku\bin;C:\MinGW\bin;C:\Users\Gokulakrishnan\AppData\Local\Programs\Microsoft VS Code\bin\;C:\Users\Gokulakrishnan\AppData\Local\Programs\Python\Python36\Scripts\;C:\Users\Gokulakrishnan\AppData\Local\Microsoft\WindowsApps;C:\Program Files\Java\jdk-10.0.2\bin;C:\Users\Gokulakrishnan\AppData\Roaming\npm;C:\Users\Gokulakrishnan\AppData\Local\Google\Cloud SDK\google-cloud-sdk\bin;c:\Program Files (x86)\MySQL\Connector J 8.0\mysql-connector-java-8.0.25.jar;;.]
01-Jul-2021 23:47:04.750 INFO [main] org.apache.coyote.AbstractProtocol.init Initializing ProtocolHandler ["http-nio-8080"]
01-Jul-2021 23:47:04.799 INFO [main] org.apache.catalina.startup.Catalina.load Server initialization in [898] milliseconds
01-Jul-2021 23:47:04.877 INFO [main] org.apache.catalina.core.StandardService.startInternal Starting service [Catalina]
01-Jul-2021 23:47:04.880 INFO [main] org.apache.catalina.core.StandardEngine.startInternal Starting Servlet engine: [Apache Tomcat/9.0.48]
01-Jul-2021 23:47:04.895 INFO [main] org.apache.catalina.startup.HostConfig.deployDirectory Deploying web application directory [C:\Users\Gokulakrishnan\Desktop\railwayServlet\tomcat\webapps\docs]
01-Jul-2021 23:47:06.080 INFO [main] org.apache.jasper.servlet.TldScanner.scanJars At least one JAR was scanned for TLDs yet contained no TLDs. Enable debug logging for this logger for a complete list of JARs that were scanned but no TLDs were found in them. Skipping unneeded JARs during scanning can improve startup time and JSP compilation time.
01-Jul-2021 23:47:06.226 INFO [main] org.apache.catalina.startup.HostConfig.deployDirectory Deployment of web application directory [C:\Users\Gokulakrishnan\Desktop\railwayServlet\tomcat\webapps\docs] has finished in [1,330] ms
01-Jul-2021 23:47:06.227 INFO [main] org.apache.catalina.startup.HostConfig.deployDirectory Deploying web application directory [C:\Users\Gokulakrishnan\Desktop\railwayServlet\tomcat\webapps\examples]
01-Jul-2021 23:47:07.280 INFO [main] org.apache.jasper.servlet.TldScanner.scanJars At least one JAR was scanned for TLDs yet contained no TLDs. Enable debug logging for this logger for a complete list of JARs that were scanned but no TLDs were found in them. Skipping unneeded JARs during scanning can improve startup time and JSP compilation time.
01-Jul-2021 23:47:07.383 INFO [main] org.apache.catalina.startup.HostConfig.deployDirectory Deployment of web application directory [C:\Users\Gokulakrishnan\Desktop\railwayServlet\tomcat\webapps\examples] has finished in [1,156] ms
01-Jul-2021 23:47:07.383 INFO [main] org.apache.catalina.startup.HostConfig.deployDirectory Deploying web application directory [C:\Users\Gokulakrishnan\Desktop\railwayServlet\tomcat\webapps\host-manager]
01-Jul-2021 23:47:08.060 INFO [main] org.apache.jasper.servlet.TldScanner.scanJars At least one JAR was scanned for TLDs yet contained no TLDs. Enable debug logging for this logger for a complete list of JARs that were scanned but no TLDs were found in them. Skipping unneeded JARs during scanning can improve startup time and JSP compilation time.
01-Jul-2021 23:47:08.075 INFO [main] org.apache.catalina.startup.HostConfig.deployDirectory Deployment of web application directory [C:\Users\Gokulakrishnan\Desktop\railwayServlet\tomcat\webapps\host-manager] has finished in [691] ms
01-Jul-2021 23:47:08.076 INFO [main] org.apache.catalina.startup.HostConfig.deployDirectory Deploying web application directory [C:\Users\Gokulakrishnan\Desktop\railwayServlet\tomcat\webapps\manager]
01-Jul-2021 23:47:08.749 INFO [main] org.apache.jasper.servlet.TldScanner.scanJars At least one JAR was scanned for TLDs yet contained no TLDs. Enable debug logging for this logger for a complete list of JARs that were scanned but no TLDs were found in them. Skipping unneeded JARs during scanning can improve startup time and JSP compilation time.
01-Jul-2021 23:47:08.758 INFO [main] org.apache.catalina.startup.HostConfig.deployDirectory Deployment of web application directory [C:\Users\Gokulakrishnan\Desktop\railwayServlet\tomcat\webapps\manager] has finished in [681] ms
01-Jul-2021 23:47:08.759 INFO [main] org.apache.catalina.startup.HostConfig.deployDirectory Deploying web application directory [C:\Users\Gokulakrishnan\Desktop\railwayServlet\tomcat\webapps\railway]
01-Jul-2021 23:47:09.939 INFO [main] org.apache.jasper.servlet.TldScanner.scanJars At least one JAR was scanned for TLDs yet contained no TLDs. Enable debug logging for this logger for a complete list of JARs that were scanned but no TLDs were found in them. Skipping unneeded JARs during scanning can improve startup time and JSP compilation time.
01-Jul-2021 23:47:10.065 INFO [main] org.apache.catalina.startup.HostConfig.deployDirectory Deployment of web application directory [C:\Users\Gokulakrishnan\Desktop\railwayServlet\tomcat\webapps\railway] has finished in [1,306] ms
01-Jul-2021 23:47:10.068 INFO [main] org.apache.catalina.startup.HostConfig.deployDirectory Deploying web application directory [C:\Users\Gokulakrishnan\Desktop\railwayServlet\tomcat\webapps\ROOT]
01-Jul-2021 23:47:10.565 INFO [main] org.apache.jasper.servlet.TldScanner.scanJars At least one JAR was scanned for TLDs yet contained no TLDs. Enable debug logging for this logger for a complete list of JARs that were scanned but no TLDs were found in them. Skipping unneeded JARs during scanning can improve startup time and JSP compilation time.
01-Jul-2021 23:47:10.570 INFO [main] org.apache.catalina.startup.HostConfig.deployDirectory Deployment of web application directory [C:\Users\Gokulakrishnan\Desktop\railwayServlet\tomcat\webapps\ROOT] has finished in [501] ms
01-Jul-2021 23:47:10.574 INFO [main] org.apache.coyote.AbstractProtocol.start Starting ProtocolHandler ["http-nio-8080"]
01-Jul-2021 23:47:10.645 INFO [main] org.apache.catalina.startup.Catalina.start Server startup in [5843] milliseconds
01-Jul-2021 23:50:33.209 INFO [Catalina-utility-2] org.apache.catalina.core.StandardContext.reload Reloading Context with name [/railway] has started
01-Jul-2021 23:50:34.181 INFO [Catalina-utility-2] org.apache.jasper.servlet.TldScanner.scanJars At least one JAR was scanned for TLDs yet contained no TLDs. Enable debug logging for this logger for a complete list of JARs that were scanned but no TLDs were found in them. Skipping unneeded JARs during scanning can improve startup time and JSP compilation time.
01-Jul-2021 23:50:34.226 INFO [Catalina-utility-2] org.apache.catalina.core.StandardContext.reload Reloading Context with name [/railway] is completed
01-Jul-2021 23:53:26.951 INFO [Catalina-utility-2] org.apache.catalina.core.StandardContext.reload Reloading Context with name [/railway] has started
01-Jul-2021 23:53:28.095 INFO [Catalina-utility-2] org.apache.jasper.servlet.TldScanner.scanJars At least one JAR was scanned for TLDs yet contained no TLDs. Enable debug logging for this logger for a complete list of JARs that were scanned but no TLDs were found in them. Skipping unneeded JARs during scanning can improve startup time and JSP compilation time.
01-Jul-2021 23:53:28.133 INFO [Catalina-utility-2] org.apache.catalina.core.StandardContext.reload Reloading Context with name [/railway] is completed
01-Jul-2021 23:54:13.314 INFO [Thread-2] org.apache.coyote.AbstractProtocol.pause Pausing ProtocolHandler ["http-nio-8080"]
01-Jul-2021 23:54:13.355 INFO [Thread-2] org.apache.catalina.core.StandardService.stopInternal Stopping service [Catalina]
01-Jul-2021 23:54:13.396 INFO [Thread-2] org.apache.coyote.AbstractProtocol.stop Stopping ProtocolHandler ["http-nio-8080"]
01-Jul-2021 23:54:13.402 INFO [Thread-2] org.apache.coyote.AbstractProtocol.destroy Destroying ProtocolHandler ["http-nio-8080"]
01-Jul-2021 23:54:19.214 INFO [main] org.apache.catalina.startup.VersionLoggerListener.log Server version name:   Apache Tomcat/9.0.48
01-Jul-2021 23:54:19.221 INFO [main] org.apache.catalina.startup.VersionLoggerListener.log Server built:          Jun 10 2021 09:22:01 UTC
01-Jul-2021 23:54:19.221 INFO [main] org.apache.catalina.startup.VersionLoggerListener.log Server version number: 9.0.48.0
01-Jul-2021 23:54:19.221 INFO [main] org.apache.catalina.startup.VersionLoggerListener.log OS Name:               Windows 10
01-Jul-2021 23:54:19.222 INFO [main] org.apache.catalina.startup.VersionLoggerListener.log OS Version:            10.0
01-Jul-2021 23:54:19.222 INFO [main] org.apache.catalina.startup.VersionLoggerListener.log Architecture:          amd64
01-Jul-2021 23:54:19.222 INFO [main] org.apache.catalina.startup.VersionLoggerListener.log Java Home:             C:\Program Files\Java\jdk-15.0.2
01-Jul-2021 23:54:19.223 INFO [main] org.apache.catalina.startup.VersionLoggerListener.log JVM Version:           15.0.2+7-27
01-Jul-2021 23:54:19.223 INFO [main] org.apache.catalina.startup.VersionLoggerListener.log JVM Vendor:            Oracle Corporation
01-Jul-2021 23:54:19.223 INFO [main] org.apache.catalina.startup.VersionLoggerListener.log CATALINA_BASE:         C:\Users\Gokulakrishnan\Desktop\railwayServlet\tomcat
01-Jul-2021 23:54:19.223 INFO [main] org.apache.catalina.startup.VersionLoggerListener.log CATALINA_HOME:         C:\Users\Gokulakrishnan\Desktop\railwayServlet\tomcat
01-Jul-2021 23:54:19.247 INFO [main] org.apache.catalina.startup.VersionLoggerListener.log Command line argument: --add-opens=java.base/java.lang=ALL-UNNAMED
01-Jul-2021 23:54:19.248 INFO [main] org.apache.catalina.startup.VersionLoggerListener.log Command line argument: --add-opens=java.base/java.io=ALL-UNNAMED
01-Jul-2021 23:54:19.249 INFO [main] org.apache.catalina.startup.VersionLoggerListener.log Command line argument: --add-opens=java.base/java.util=ALL-UNNAMED
01-Jul-2021 23:54:19.249 INFO [main] org.apache.catalina.startup.VersionLoggerListener.log Command line argument: --add-opens=java.base/java.util.concurrent=ALL-UNNAMED
01-Jul-2021 23:54:19.252 INFO [main] org.apache.catalina.startup.VersionLoggerListener.log Command line argument: --add-opens=java.rmi/sun.rmi.transport=ALL-UNNAMED
01-Jul-2021 23:54:19.254 INFO [main] org.apache.catalina.startup.VersionLoggerListener.log Command line argument: -Djava.util.logging.config.file=C:\Users\Gokulakrishnan\Desktop\railwayServlet\tomcat\conf\logging.properties
01-Jul-2021 23:54:19.255 INFO [main] org.apache.catalina.startup.VersionLoggerListener.log Command line argument: -Djava.util.logging.manager=org.apache.juli.ClassLoaderLogManager
01-Jul-2021 23:54:19.256 INFO [main] org.apache.catalina.startup.VersionLoggerListener.log Command line argument: -Djdk.tls.ephemeralDHKeySize=2048
01-Jul-2021 23:54:19.257 INFO [main] org.apache.catalina.startup.VersionLoggerListener.log Command line argument: -Djava.protocol.handler.pkgs=org.apache.catalina.webresources
01-Jul-2021 23:54:19.259 INFO [main] org.apache.catalina.startup.VersionLoggerListener.log Command line argument: -Dignore.endorsed.dirs=
01-Jul-2021 23:54:19.260 INFO [main] org.apache.catalina.startup.VersionLoggerListener.log Command line argument: -Dcatalina.base=C:\Users\Gokulakrishnan\Desktop\railwayServlet\tomcat
01-Jul-2021 23:54:19.262 INFO [main] org.apache.catalina.startup.VersionLoggerListener.log Command line argument: -Dcatalina.home=C:\Users\Gokulakrishnan\Desktop\railwayServlet\tomcat
01-Jul-2021 23:54:19.263 INFO [main] org.apache.catalina.startup.VersionLoggerListener.log Command line argument: -Djava.io.tmpdir=C:\Users\Gokulakrishnan\Desktop\railwayServlet\tomcat\temp
01-Jul-2021 23:54:19.275 INFO [main] org.apache.catalina.core.AprLifecycleListener.lifecycleEvent The Apache Tomcat Native library which allows using OpenSSL was not found on the java.library.path: [C:\Program Files\Java\jdk-15.0.2\bin;C:\WINDOWS\Sun\Java\bin;C:\WINDOWS\system32;C:\WINDOWS;C:\Program Files\Common Files\Oracle\Java\javapath;C:\Program Files\Java\jdk-15.0.2\bin;C:\Program Files\AdoptOpenJDK\jdk-11.0.11.9-hotspot\bin;C:\Program Files (x86)\Common Files\Oracle\Java\javapath;C:\Users\Gokulakrishnan\AppData\Local\Programs\Python\Python36\Scripts\;C:\Users\Gokulakrishnan\AppData\Local\Programs\Python\Python36\;C:\Program Files (x86)\Python37-32\;C:\Program Files (x86)\Python37-32\Scripts\;C:\Windows\system32;C:\Windows;C:\Windows\System32\Wbem;C:\Windows\System32\WindowsPowerShell\v1.0\;C:\Program Files\Java\jdk-10.0.2\bin;C:\adb;C:\Program Files\Git\cmd;C:\wamp64\bin\php\php5.6.38;C:\composer;C:\Program Files\heroku\bin\;C:\Program Files\CMake\bin;C:\MinGW\bin;C:\Users\Gokulakrishnan\AppData\Local\Programs\Microsoft VS Code\bin\;C:\WINDOWS\system32;C:\WINDOWS;C:\WINDOWS\System32\Wbem;C:\WINDOWS\System32\WindowsPowerShell\v1.0\;C:\WINDOWS\System32\OpenSSH\;C:\Program Files\Java\jre-10.0.2\bin;C:\Program Files\nodejs\;c:\Program Files (x86)\MySQL\Connector J 8.0\mysql-connector-java-8.0.25.jar;C:\Program Files\MySQL\MySQL Shell 8.0\bin\;C:\Program Files\Java\jdk-15.0.2\bin;C:\Users\Gokulakrishnan\AppData\Local\Programs\Python\Python36\;C:\Users\Gokulakrishnan\AppData\Local\Programs\Microsoft VS Code\bin;C:\Users\Gokulakrishnan\AppData\Roaming\Composer\vendor\bin;C:\Program Files\heroku\bin;C:\MinGW\bin;C:\Users\Gokulakrishnan\AppData\Local\Programs\Microsoft VS Code\bin\;C:\Users\Gokulakrishnan\AppData\Local\Programs\Python\Python36\Scripts\;C:\Users\Gokulakrishnan\AppData\Local\Microsoft\WindowsApps;C:\Program Files\Java\jdk-10.0.2\bin;C:\Users\Gokulakrishnan\AppData\Roaming\npm;C:\Users\Gokulakrishnan\AppData\Local\Google\Cloud SDK\google-cloud-sdk\bin;c:\Program Files (x86)\MySQL\Connector J 8.0\mysql-connector-java-8.0.25.jar;;.]
01-Jul-2021 23:54:19.818 INFO [main] org.apache.coyote.AbstractProtocol.init Initializing ProtocolHandler ["http-nio-8080"]
01-Jul-2021 23:54:19.885 INFO [main] org.apache.catalina.startup.Catalina.load Server initialization in [1004] milliseconds
01-Jul-2021 23:54:19.956 INFO [main] org.apache.catalina.core.StandardService.startInternal Starting service [Catalina]
01-Jul-2021 23:54:19.958 INFO [main] org.apache.catalina.core.StandardEngine.startInternal Starting Servlet engine: [Apache Tomcat/9.0.48]
01-Jul-2021 23:54:19.972 INFO [main] org.apache.catalina.startup.HostConfig.deployDirectory Deploying web application directory [C:\Users\Gokulakrishnan\Desktop\railwayServlet\tomcat\webapps\docs]
01-Jul-2021 23:54:21.059 INFO [main] org.apache.jasper.servlet.TldScanner.scanJars At least one JAR was scanned for TLDs yet contained no TLDs. Enable debug logging for this logger for a complete list of JARs that were scanned but no TLDs were found in them. Skipping unneeded JARs during scanning can improve startup time and JSP compilation time.
01-Jul-2021 23:54:21.199 INFO [main] org.apache.catalina.startup.HostConfig.deployDirectory Deployment of web application directory [C:\Users\Gokulakrishnan\Desktop\railwayServlet\tomcat\webapps\docs] has finished in [1,226] ms
01-Jul-2021 23:54:21.200 INFO [main] org.apache.catalina.startup.HostConfig.deployDirectory Deploying web application directory [C:\Users\Gokulakrishnan\Desktop\railwayServlet\tomcat\webapps\examples]
01-Jul-2021 23:54:22.220 INFO [main] org.apache.jasper.servlet.TldScanner.scanJars At least one JAR was scanned for TLDs yet contained no TLDs. Enable debug logging for this logger for a complete list of JARs that were scanned but no TLDs were found in them. Skipping unneeded JARs during scanning can improve startup time and JSP compilation time.
01-Jul-2021 23:54:22.304 INFO [main] org.apache.catalina.startup.HostConfig.deployDirectory Deployment of web application directory [C:\Users\Gokulakrishnan\Desktop\railwayServlet\tomcat\webapps\examples] has finished in [1,104] ms
01-Jul-2021 23:54:22.304 INFO [main] org.apache.catalina.startup.HostConfig.deployDirectory Deploying web application directory [C:\Users\Gokulakrishnan\Desktop\railwayServlet\tomcat\webapps\host-manager]
01-Jul-2021 23:54:22.935 INFO [main] org.apache.jasper.servlet.TldScanner.scanJars At least one JAR was scanned for TLDs yet contained no TLDs. Enable debug logging for this logger for a complete list of JARs that were scanned but no TLDs were found in them. Skipping unneeded JARs during scanning can improve startup time and JSP compilation time.
01-Jul-2021 23:54:22.950 INFO [main] org.apache.catalina.startup.HostConfig.deployDirectory Deployment of web application directory [C:\Users\Gokulakrishnan\Desktop\railwayServlet\tomcat\webapps\host-manager] has finished in [646] ms
01-Jul-2021 23:54:22.951 INFO [main] org.apache.catalina.startup.HostConfig.deployDirectory Deploying web application directory [C:\Users\Gokulakrishnan\Desktop\railwayServlet\tomcat\webapps\manager]
01-Jul-2021 23:54:23.580 INFO [main] org.apache.jasper.servlet.TldScanner.scanJars At least one JAR was scanned for TLDs yet contained no TLDs. Enable debug logging for this logger for a complete list of JARs that were scanned but no TLDs were found in them. Skipping unneeded JARs during scanning can improve startup time and JSP compilation time.
01-Jul-2021 23:54:23.586 INFO [main] org.apache.catalina.startup.HostConfig.deployDirectory Deployment of web application directory [C:\Users\Gokulakrishnan\Desktop\railwayServlet\tomcat\webapps\manager] has finished in [635] ms
01-Jul-2021 23:54:23.587 INFO [main] org.apache.catalina.startup.HostConfig.deployDirectory Deploying web application directory [C:\Users\Gokulakrishnan\Desktop\railwayServlet\tomcat\webapps\railway]
01-Jul-2021 23:54:24.720 INFO [main] org.apache.jasper.servlet.TldScanner.scanJars At least one JAR was scanned for TLDs yet contained no TLDs. Enable debug logging for this logger for a complete list of JARs that were scanned but no TLDs were found in them. Skipping unneeded JARs during scanning can improve startup time and JSP compilation time.
01-Jul-2021 23:54:24.770 INFO [main] org.apache.catalina.startup.HostConfig.deployDirectory Deployment of web application directory [C:\Users\Gokulakrishnan\Desktop\railwayServlet\tomcat\webapps\railway] has finished in [1,183] ms
01-Jul-2021 23:54:24.771 INFO [main] org.apache.catalina.startup.HostConfig.deployDirectory Deploying web application directory [C:\Users\Gokulakrishnan\Desktop\railwayServlet\tomcat\webapps\ROOT]
01-Jul-2021 23:54:25.219 INFO [main] org.apache.jasper.servlet.TldScanner.scanJars At least one JAR was scanned for TLDs yet contained no TLDs. Enable debug logging for this logger for a complete list of JARs that were scanned but no TLDs were found in them. Skipping unneeded JARs during scanning can improve startup time and JSP compilation time.
01-Jul-2021 23:54:25.224 INFO [main] org.apache.catalina.startup.HostConfig.deployDirectory Deployment of web application directory [C:\Users\Gokulakrishnan\Desktop\railwayServlet\tomcat\webapps\ROOT] has finished in [453] ms
01-Jul-2021 23:54:25.230 INFO [main] org.apache.coyote.AbstractProtocol.start Starting ProtocolHandler ["http-nio-8080"]
01-Jul-2021 23:54:25.299 INFO [main] org.apache.catalina.startup.Catalina.start Server startup in [5411] milliseconds
01-Jul-2021 23:56:57.611 INFO [Catalina-utility-2] org.apache.catalina.core.StandardContext.reload Reloading Context with name [/railway] has started
01-Jul-2021 23:56:58.823 INFO [Catalina-utility-2] org.apache.jasper.servlet.TldScanner.scanJars At least one JAR was scanned for TLDs yet contained no TLDs. Enable debug logging for this logger for a complete list of JARs that were scanned but no TLDs were found in them. Skipping unneeded JARs during scanning can improve startup time and JSP compilation time.
01-Jul-2021 23:56:58.871 INFO [Catalina-utility-2] org.apache.catalina.core.StandardContext.reload Reloading Context with name [/railway] is completed
01-Jul-2021 23:58:02.620 INFO [Thread-2] org.apache.coyote.AbstractProtocol.pause Pausing ProtocolHandler ["http-nio-8080"]
01-Jul-2021 23:58:02.640 INFO [Thread-2] org.apache.catalina.core.StandardService.stopInternal Stopping service [Catalina]
01-Jul-2021 23:58:02.681 INFO [Thread-2] org.apache.coyote.AbstractProtocol.stop Stopping ProtocolHandler ["http-nio-8080"]
01-Jul-2021 23:58:02.688 INFO [Thread-2] org.apache.coyote.AbstractProtocol.destroy Destroying ProtocolHandler ["http-nio-8080"]
