13-Jul-2021 13:40:07.038 INFO [main] org.apache.catalina.startup.VersionLoggerListener.log Server version name:   Apache Tomcat/9.0.48
13-Jul-2021 13:40:07.046 INFO [main] org.apache.catalina.startup.VersionLoggerListener.log Server built:          Jun 10 2021 09:22:01 UTC
13-Jul-2021 13:40:07.047 INFO [main] org.apache.catalina.startup.VersionLoggerListener.log Server version number: 9.0.48.0
13-Jul-2021 13:40:07.047 INFO [main] org.apache.catalina.startup.VersionLoggerListener.log OS Name:               Windows 10
13-Jul-2021 13:40:07.048 INFO [main] org.apache.catalina.startup.VersionLoggerListener.log OS Version:            10.0
13-Jul-2021 13:40:07.048 INFO [main] org.apache.catalina.startup.VersionLoggerListener.log Architecture:          amd64
13-Jul-2021 13:40:07.049 INFO [main] org.apache.catalina.startup.VersionLoggerListener.log Java Home:             C:\Program Files\Java\jdk-15.0.2
13-Jul-2021 13:40:07.050 INFO [main] org.apache.catalina.startup.VersionLoggerListener.log JVM Version:           15.0.2+7-27
13-Jul-2021 13:40:07.053 INFO [main] org.apache.catalina.startup.VersionLoggerListener.log JVM Vendor:            Oracle Corporation
13-Jul-2021 13:40:07.054 INFO [main] org.apache.catalina.startup.VersionLoggerListener.log CATALINA_BASE:         C:\Users\Gokulakrishnan\Desktop\ZOHOIncubation\Tasks\railwayServletCopy\tomcat
13-Jul-2021 13:40:07.067 INFO [main] org.apache.catalina.startup.VersionLoggerListener.log CATALINA_HOME:         C:\Users\Gokulakrishnan\Desktop\ZOHOIncubation\Tasks\railwayServletCopy\tomcat
13-Jul-2021 13:40:07.076 INFO [main] org.apache.catalina.startup.VersionLoggerListener.log Command line argument: --add-opens=java.base/java.lang=ALL-UNNAMED
13-Jul-2021 13:40:07.076 INFO [main] org.apache.catalina.startup.VersionLoggerListener.log Command line argument: --add-opens=java.base/java.io=ALL-UNNAMED
13-Jul-2021 13:40:07.076 INFO [main] org.apache.catalina.startup.VersionLoggerListener.log Command line argument: --add-opens=java.base/java.util=ALL-UNNAMED
13-Jul-2021 13:40:07.076 INFO [main] org.apache.catalina.startup.VersionLoggerListener.log Command line argument: --add-opens=java.base/java.util.concurrent=ALL-UNNAMED
13-Jul-2021 13:40:07.077 INFO [main] org.apache.catalina.startup.VersionLoggerListener.log Command line argument: --add-opens=java.rmi/sun.rmi.transport=ALL-UNNAMED
13-Jul-2021 13:40:07.078 INFO [main] org.apache.catalina.startup.VersionLoggerListener.log Command line argument: -Djava.util.logging.config.file=C:\Users\Gokulakrishnan\Desktop\ZOHOIncubation\Tasks\railwayServletCopy\tomcat\conf\logging.properties
13-Jul-2021 13:40:07.080 INFO [main] org.apache.catalina.startup.VersionLoggerListener.log Command line argument: -Djava.util.logging.manager=org.apache.juli.ClassLoaderLogManager
13-Jul-2021 13:40:07.081 INFO [main] org.apache.catalina.startup.VersionLoggerListener.log Command line argument: -Djdk.tls.ephemeralDHKeySize=2048
13-Jul-2021 13:40:07.082 INFO [main] org.apache.catalina.startup.VersionLoggerListener.log Command line argument: -Djava.protocol.handler.pkgs=org.apache.catalina.webresources
13-Jul-2021 13:40:07.084 INFO [main] org.apache.catalina.startup.VersionLoggerListener.log Command line argument: -Dignore.endorsed.dirs=
13-Jul-2021 13:40:07.085 INFO [main] org.apache.catalina.startup.VersionLoggerListener.log Command line argument: -Dcatalina.base=C:\Users\Gokulakrishnan\Desktop\ZOHOIncubation\Tasks\railwayServletCopy\tomcat
13-Jul-2021 13:40:07.086 INFO [main] org.apache.catalina.startup.VersionLoggerListener.log Command line argument: -Dcatalina.home=C:\Users\Gokulakrishnan\Desktop\ZOHOIncubation\Tasks\railwayServletCopy\tomcat
13-Jul-2021 13:40:07.087 INFO [main] org.apache.catalina.startup.VersionLoggerListener.log Command line argument: -Djava.io.tmpdir=C:\Users\Gokulakrishnan\Desktop\ZOHOIncubation\Tasks\railwayServletCopy\tomcat\temp
13-Jul-2021 13:40:07.430 INFO [main] org.apache.catalina.core.AprLifecycleListener.lifecycleEvent The Apache Tomcat Native library which allows using OpenSSL was not found on the java.library.path: [C:\Program Files\Java\jdk-15.0.2\bin;C:\WINDOWS\Sun\Java\bin;C:\WINDOWS\system32;C:\WINDOWS;C:\Program Files\Common Files\Oracle\Java\javapath;C:\Program Files\Java\jdk-15.0.2\bin;C:\Users\Gokulakrishnan\AppData\Local\Programs\Python\Python36\Scripts\;C:\Users\Gokulakrishnan\AppData\Local\Programs\Python\Python36\;C:\Program Files (x86)\Python37-32\;C:\Program Files (x86)\Python37-32\Scripts\;C:\Windows\system32;C:\Windows;C:\Windows\System32\Wbem;C:\Windows\System32\WindowsPowerShell\v1.0\;C:\Program Files\Java\jdk-10.0.2\bin;C:\adb;C:\Program Files\Git\cmd;C:\wamp64\bin\php\php5.6.38;C:\composer;C:\Program Files\heroku\bin\;C:\Program Files\CMake\bin;C:\MinGW\bin;C:\Users\Gokulakrishnan\AppData\Local\Programs\Microsoft VS Code\bin\;C:\WINDOWS\system32;C:\WINDOWS;C:\WINDOWS\System32\Wbem;C:\WINDOWS\System32\WindowsPowerShell\v1.0\;C:\WINDOWS\System32\OpenSSH\;C:\Program Files\Java\jre-10.0.2\bin;C:\Program Files\nodejs\;c:\Program Files (x86)\MySQL\Connector J 8.0\mysql-connector-java-8.0.25.jar;C:\ProgramData\chocolatey\bin;C:\Program Files\MySQL\MySQL Shell 8.0\bin\;C:\Program Files\Java\jdk-15.0.2\bin;C:\Users\Gokulakrishnan\AppData\Local\Programs\Python\Python36\;C:\Users\Gokulakrishnan\AppData\Local\Programs\Microsoft VS Code\bin;C:\Users\Gokulakrishnan\AppData\Roaming\Composer\vendor\bin;C:\Program Files\heroku\bin;C:\MinGW\bin;C:\Users\Gokulakrishnan\AppData\Local\Programs\Microsoft VS Code\bin\;C:\Users\Gokulakrishnan\AppData\Local\Programs\Python\Python36\Scripts\;C:\Users\Gokulakrishnan\AppData\Local\Microsoft\WindowsApps;C:\Program Files\Java\jdk-10.0.2\bin;C:\Users\Gokulakrishnan\AppData\Roaming\npm;c:\Program Files (x86)\MySQL\Connector J 8.0\mysql-connector-java-8.0.25.jar;;;C:\Program Files\JetBrains\IntelliJ IDEA 2021.1.3\bin;;.]
13-Jul-2021 13:40:08.053 INFO [main] org.apache.coyote.AbstractProtocol.init Initializing ProtocolHandler ["http-nio-8080"]
13-Jul-2021 13:40:08.119 INFO [main] org.apache.catalina.startup.Catalina.load Server initialization in [1430] milliseconds
13-Jul-2021 13:40:08.200 INFO [main] org.apache.catalina.core.StandardService.startInternal Starting service [Catalina]
13-Jul-2021 13:40:08.202 INFO [main] org.apache.catalina.core.StandardEngine.startInternal Starting Servlet engine: [Apache Tomcat/9.0.48]
13-Jul-2021 13:40:08.222 INFO [main] org.apache.catalina.startup.HostConfig.deployDirectory Deploying web application directory [C:\Users\Gokulakrishnan\Desktop\ZOHOIncubation\Tasks\railwayServletCopy\tomcat\webapps\railway]
13-Jul-2021 13:40:12.494 INFO [main] org.apache.jasper.servlet.TldScanner.scanJars At least one JAR was scanned for TLDs yet contained no TLDs. Enable debug logging for this logger for a complete list of JARs that were scanned but no TLDs were found in them. Skipping unneeded JARs during scanning can improve startup time and JSP compilation time.
13-Jul-2021 13:40:12.785 INFO [main] org.hibernate.Version.logVersion HHH000412: Hibernate ORM core version 5.5.2.Final
13-Jul-2021 13:40:13.092 INFO [main] org.hibernate.annotations.common.reflection.java.JavaReflectionManager.<clinit> HCANN000001: Hibernate Commons Annotations {5.1.2.Final}
13-Jul-2021 13:40:13.273 WARN [main] org.hibernate.engine.jdbc.connections.internal.DriverManagerConnectionProviderImpl.configure HHH10001002: Using Hibernate built-in connection pool (not for production use!)
13-Jul-2021 13:40:13.275 INFO [main] org.hibernate.engine.jdbc.connections.internal.DriverManagerConnectionProviderImpl.buildCreator HHH10001005: using driver [com.mysql.cj.jdbc.Driver] at URL [jdbc:mysql://localhost:3305/RailWayReservation?createDatabaseIfNotExist=true]
13-Jul-2021 13:40:13.276 INFO [main] org.hibernate.engine.jdbc.connections.internal.DriverManagerConnectionProviderImpl.buildCreator HHH10001001: Connection properties: {password=****, user=root}
13-Jul-2021 13:40:13.278 INFO [main] org.hibernate.engine.jdbc.connections.internal.DriverManagerConnectionProviderImpl.buildCreator HHH10001003: Autocommit mode: false
13-Jul-2021 13:40:13.282 INFO [main] org.hibernate.engine.jdbc.connections.internal.DriverManagerConnectionProviderImpl$PooledConnections.<init> HHH000115: Hibernate connection pool size: 20 (min=1)
13-Jul-2021 13:40:19.964 INFO [main] org.hibernate.dialect.Dialect.<init> HHH000400: Using dialect: org.hibernate.dialect.MySQL5Dialect
13-Jul-2021 13:40:20.753 INFO [main] org.hibernate.tuple.PojoInstantiator.<init> HHH000182: No default (no-argument) constructor for class: model.SeatsModel (class must be instantiated by Interceptor)
13-Jul-2021 13:40:20.896 INFO [main] org.hibernate.resource.transaction.backend.jdbc.internal.DdlTransactionIsolatorNonJtaImpl.getIsolatedConnection HHH10001501: Connection obtained from JdbcConnectionAccess [org.hibernate.engine.jdbc.env.internal.JdbcEnvironmentInitiator$ConnectionProviderJdbcConnectionAccess@46ee9cfd] for (non-JTA) DDL execution was not in auto-commit mode; the Connection 'local transaction' will be committed and the Connection will be set into auto-commit mode.
13-Jul-2021 13:40:29.671 INFO [main] org.apache.catalina.startup.HostConfig.deployDirectory Deployment of web application directory [C:\Users\Gokulakrishnan\Desktop\ZOHOIncubation\Tasks\railwayServletCopy\tomcat\webapps\railway] has finished in [21,448] ms
13-Jul-2021 13:40:29.672 INFO [main] org.apache.catalina.startup.HostConfig.deployDirectory Deploying web application directory [C:\Users\Gokulakrishnan\Desktop\ZOHOIncubation\Tasks\railwayServletCopy\tomcat\webapps\ROOT]
13-Jul-2021 13:40:31.580 INFO [main] org.apache.jasper.servlet.TldScanner.scanJars At least one JAR was scanned for TLDs yet contained no TLDs. Enable debug logging for this logger for a complete list of JARs that were scanned but no TLDs were found in them. Skipping unneeded JARs during scanning can improve startup time and JSP compilation time.
13-Jul-2021 13:40:31.589 INFO [main] org.apache.catalina.startup.HostConfig.deployDirectory Deployment of web application directory [C:\Users\Gokulakrishnan\Desktop\ZOHOIncubation\Tasks\railwayServletCopy\tomcat\webapps\ROOT] has finished in [1,917] ms
13-Jul-2021 13:40:31.593 INFO [main] org.apache.coyote.AbstractProtocol.start Starting ProtocolHandler ["http-nio-8080"]
13-Jul-2021 13:40:31.620 INFO [main] org.apache.catalina.startup.Catalina.start Server startup in [23499] milliseconds
13-Jul-2021 20:18:47.242 INFO [Catalina-utility-1] org.apache.catalina.core.StandardContext.reload Reloading Context with name [/railway] has started
13-Jul-2021 20:18:56.207 WARNING [Catalina-utility-1] org.apache.catalina.loader.WebappClassLoaderBase.clearReferencesThreads The web application [railway] appears to have started a thread named [Hibernate Connection Pool Validation Thread] but has failed to stop it. This is very likely to create a memory leak. Stack trace of thread:
 java.base@15.0.2/jdk.internal.misc.Unsafe.park(Native Method)
 java.base@15.0.2/java.util.concurrent.locks.LockSupport.parkNanos(LockSupport.java:252)
 java.base@15.0.2/java.util.concurrent.locks.AbstractQueuedSynchronizer$ConditionObject.awaitNanos(AbstractQueuedSynchronizer.java:1661)
 java.base@15.0.2/java.util.concurrent.ScheduledThreadPoolExecutor$DelayedWorkQueue.take(ScheduledThreadPoolExecutor.java:1182)
 java.base@15.0.2/java.util.concurrent.ScheduledThreadPoolExecutor$DelayedWorkQueue.take(ScheduledThreadPoolExecutor.java:899)
 java.base@15.0.2/java.util.concurrent.ThreadPoolExecutor.getTask(ThreadPoolExecutor.java:1056)
 java.base@15.0.2/java.util.concurrent.ThreadPoolExecutor.runWorker(ThreadPoolExecutor.java:1116)
 java.base@15.0.2/java.util.concurrent.ThreadPoolExecutor$Worker.run(ThreadPoolExecutor.java:630)
 java.base@15.0.2/java.lang.Thread.run(Thread.java:832)
13-Jul-2021 20:19:12.420 INFO [Catalina-utility-1] org.apache.jasper.servlet.TldScanner.scanJars At least one JAR was scanned for TLDs yet contained no TLDs. Enable debug logging for this logger for a complete list of JARs that were scanned but no TLDs were found in them. Skipping unneeded JARs during scanning can improve startup time and JSP compilation time.
13-Jul-2021 20:19:24.633 INFO [Catalina-utility-1] org.apache.catalina.core.StandardContext.reload Reloading Context with name [/railway] is completed
13-Jul-2021 20:20:41.401 INFO [Thread-3] org.apache.coyote.AbstractProtocol.pause Pausing ProtocolHandler ["http-nio-8080"]
13-Jul-2021 20:20:41.793 INFO [Thread-3] org.apache.catalina.core.StandardService.stopInternal Stopping service [Catalina]
13-Jul-2021 20:20:42.001 WARNING [Thread-3] org.apache.catalina.loader.WebappClassLoaderBase.clearReferencesThreads The web application [railway] appears to have started a thread named [Hibernate Connection Pool Validation Thread] but has failed to stop it. This is very likely to create a memory leak. Stack trace of thread:
 java.base@15.0.2/jdk.internal.misc.Unsafe.park(Native Method)
 java.base@15.0.2/java.util.concurrent.locks.LockSupport.parkNanos(LockSupport.java:252)
 java.base@15.0.2/java.util.concurrent.locks.AbstractQueuedSynchronizer$ConditionObject.awaitNanos(AbstractQueuedSynchronizer.java:1661)
 java.base@15.0.2/java.util.concurrent.ScheduledThreadPoolExecutor$DelayedWorkQueue.take(ScheduledThreadPoolExecutor.java:1182)
 java.base@15.0.2/java.util.concurrent.ScheduledThreadPoolExecutor$DelayedWorkQueue.take(ScheduledThreadPoolExecutor.java:899)
 java.base@15.0.2/java.util.concurrent.ThreadPoolExecutor.getTask(ThreadPoolExecutor.java:1056)
 java.base@15.0.2/java.util.concurrent.ThreadPoolExecutor.runWorker(ThreadPoolExecutor.java:1116)
 java.base@15.0.2/java.util.concurrent.ThreadPoolExecutor$Worker.run(ThreadPoolExecutor.java:630)
 java.base@15.0.2/java.lang.Thread.run(Thread.java:832)
13-Jul-2021 20:20:42.130 INFO [Thread-3] org.apache.coyote.AbstractProtocol.stop Stopping ProtocolHandler ["http-nio-8080"]
13-Jul-2021 20:20:42.517 INFO [Thread-3] org.apache.coyote.AbstractProtocol.destroy Destroying ProtocolHandler ["http-nio-8080"]
13-Jul-2021 20:21:15.005 INFO [main] org.apache.catalina.startup.VersionLoggerListener.log Server version name:   Apache Tomcat/9.0.48
13-Jul-2021 20:21:15.016 INFO [main] org.apache.catalina.startup.VersionLoggerListener.log Server built:          Jun 10 2021 09:22:01 UTC
13-Jul-2021 20:21:15.016 INFO [main] org.apache.catalina.startup.VersionLoggerListener.log Server version number: 9.0.48.0
13-Jul-2021 20:21:15.019 INFO [main] org.apache.catalina.startup.VersionLoggerListener.log OS Name:               Windows 10
13-Jul-2021 20:21:15.019 INFO [main] org.apache.catalina.startup.VersionLoggerListener.log OS Version:            10.0
13-Jul-2021 20:21:15.020 INFO [main] org.apache.catalina.startup.VersionLoggerListener.log Architecture:          amd64
13-Jul-2021 20:21:15.020 INFO [main] org.apache.catalina.startup.VersionLoggerListener.log Java Home:             C:\Program Files\Java\jdk-15.0.2
13-Jul-2021 20:21:15.021 INFO [main] org.apache.catalina.startup.VersionLoggerListener.log JVM Version:           15.0.2+7-27
13-Jul-2021 20:21:15.022 INFO [main] org.apache.catalina.startup.VersionLoggerListener.log JVM Vendor:            Oracle Corporation
13-Jul-2021 20:21:15.032 INFO [main] org.apache.catalina.startup.VersionLoggerListener.log CATALINA_BASE:         C:\Users\Gokulakrishnan\Desktop\ZOHOIncubation\Tasks\railwayServletCopy\tomcat
13-Jul-2021 20:21:15.040 INFO [main] org.apache.catalina.startup.VersionLoggerListener.log CATALINA_HOME:         C:\Users\Gokulakrishnan\Desktop\ZOHOIncubation\Tasks\railwayServletCopy\tomcat
13-Jul-2021 20:21:15.058 INFO [main] org.apache.catalina.startup.VersionLoggerListener.log Command line argument: --add-opens=java.base/java.lang=ALL-UNNAMED
13-Jul-2021 20:21:15.064 INFO [main] org.apache.catalina.startup.VersionLoggerListener.log Command line argument: --add-opens=java.base/java.io=ALL-UNNAMED
13-Jul-2021 20:21:15.065 INFO [main] org.apache.catalina.startup.VersionLoggerListener.log Command line argument: --add-opens=java.base/java.util=ALL-UNNAMED
13-Jul-2021 20:21:15.067 INFO [main] org.apache.catalina.startup.VersionLoggerListener.log Command line argument: --add-opens=java.base/java.util.concurrent=ALL-UNNAMED
13-Jul-2021 20:21:15.069 INFO [main] org.apache.catalina.startup.VersionLoggerListener.log Command line argument: --add-opens=java.rmi/sun.rmi.transport=ALL-UNNAMED
13-Jul-2021 20:21:15.071 INFO [main] org.apache.catalina.startup.VersionLoggerListener.log Command line argument: -Djava.util.logging.config.file=C:\Users\Gokulakrishnan\Desktop\ZOHOIncubation\Tasks\railwayServletCopy\tomcat\conf\logging.properties
13-Jul-2021 20:21:15.072 INFO [main] org.apache.catalina.startup.VersionLoggerListener.log Command line argument: -Djava.util.logging.manager=org.apache.juli.ClassLoaderLogManager
13-Jul-2021 20:21:15.074 INFO [main] org.apache.catalina.startup.VersionLoggerListener.log Command line argument: -Djdk.tls.ephemeralDHKeySize=2048
13-Jul-2021 20:21:15.075 INFO [main] org.apache.catalina.startup.VersionLoggerListener.log Command line argument: -Djava.protocol.handler.pkgs=org.apache.catalina.webresources
13-Jul-2021 20:21:15.076 INFO [main] org.apache.catalina.startup.VersionLoggerListener.log Command line argument: -Dignore.endorsed.dirs=
13-Jul-2021 20:21:15.080 INFO [main] org.apache.catalina.startup.VersionLoggerListener.log Command line argument: -Dcatalina.base=C:\Users\Gokulakrishnan\Desktop\ZOHOIncubation\Tasks\railwayServletCopy\tomcat
13-Jul-2021 20:21:15.081 INFO [main] org.apache.catalina.startup.VersionLoggerListener.log Command line argument: -Dcatalina.home=C:\Users\Gokulakrishnan\Desktop\ZOHOIncubation\Tasks\railwayServletCopy\tomcat
13-Jul-2021 20:21:15.081 INFO [main] org.apache.catalina.startup.VersionLoggerListener.log Command line argument: -Djava.io.tmpdir=C:\Users\Gokulakrishnan\Desktop\ZOHOIncubation\Tasks\railwayServletCopy\tomcat\temp
13-Jul-2021 20:21:15.754 INFO [main] org.apache.catalina.core.AprLifecycleListener.lifecycleEvent The Apache Tomcat Native library which allows using OpenSSL was not found on the java.library.path: [C:\Program Files\Java\jdk-15.0.2\bin;C:\WINDOWS\Sun\Java\bin;C:\WINDOWS\system32;C:\WINDOWS;C:\Program Files\Common Files\Oracle\Java\javapath;C:\Program Files\Java\jdk-15.0.2\bin;C:\Users\Gokulakrishnan\AppData\Local\Programs\Python\Python36\Scripts\;C:\Users\Gokulakrishnan\AppData\Local\Programs\Python\Python36\;C:\Program Files (x86)\Python37-32\;C:\Program Files (x86)\Python37-32\Scripts\;C:\Windows\system32;C:\Windows;C:\Windows\System32\Wbem;C:\Windows\System32\WindowsPowerShell\v1.0\;C:\Program Files\Java\jdk-10.0.2\bin;C:\adb;C:\Program Files\Git\cmd;C:\wamp64\bin\php\php5.6.38;C:\composer;C:\Program Files\heroku\bin\;C:\Program Files\CMake\bin;C:\MinGW\bin;C:\Users\Gokulakrishnan\AppData\Local\Programs\Microsoft VS Code\bin\;C:\WINDOWS\system32;C:\WINDOWS;C:\WINDOWS\System32\Wbem;C:\WINDOWS\System32\WindowsPowerShell\v1.0\;C:\WINDOWS\System32\OpenSSH\;C:\Program Files\Java\jre-10.0.2\bin;C:\Program Files\nodejs\;c:\Program Files (x86)\MySQL\Connector J 8.0\mysql-connector-java-8.0.25.jar;C:\ProgramData\chocolatey\bin;C:\Program Files\MySQL\MySQL Shell 8.0\bin\;C:\Program Files\Java\jdk-15.0.2\bin;C:\Users\Gokulakrishnan\AppData\Local\Programs\Python\Python36\;C:\Users\Gokulakrishnan\AppData\Local\Programs\Microsoft VS Code\bin;C:\Users\Gokulakrishnan\AppData\Roaming\Composer\vendor\bin;C:\Program Files\heroku\bin;C:\MinGW\bin;C:\Users\Gokulakrishnan\AppData\Local\Programs\Microsoft VS Code\bin\;C:\Users\Gokulakrishnan\AppData\Local\Programs\Python\Python36\Scripts\;C:\Users\Gokulakrishnan\AppData\Local\Microsoft\WindowsApps;C:\Program Files\Java\jdk-10.0.2\bin;C:\Users\Gokulakrishnan\AppData\Roaming\npm;c:\Program Files (x86)\MySQL\Connector J 8.0\mysql-connector-java-8.0.25.jar;;;C:\Program Files\JetBrains\IntelliJ IDEA 2021.1.3\bin;;.]
13-Jul-2021 20:21:16.500 INFO [main] org.apache.coyote.AbstractProtocol.init Initializing ProtocolHandler ["http-nio-8080"]
13-Jul-2021 20:21:16.574 INFO [main] org.apache.catalina.startup.Catalina.load Server initialization in [1956] milliseconds
13-Jul-2021 20:21:16.667 INFO [main] org.apache.catalina.core.StandardService.startInternal Starting service [Catalina]
13-Jul-2021 20:21:16.669 INFO [main] org.apache.catalina.core.StandardEngine.startInternal Starting Servlet engine: [Apache Tomcat/9.0.48]
13-Jul-2021 20:21:16.715 INFO [main] org.apache.catalina.startup.HostConfig.deployDirectory Deploying web application directory [C:\Users\Gokulakrishnan\Desktop\ZOHOIncubation\Tasks\railwayServletCopy\tomcat\webapps\railway]
13-Jul-2021 20:21:21.397 INFO [main] org.apache.jasper.servlet.TldScanner.scanJars At least one JAR was scanned for TLDs yet contained no TLDs. Enable debug logging for this logger for a complete list of JARs that were scanned but no TLDs were found in them. Skipping unneeded JARs during scanning can improve startup time and JSP compilation time.
13-Jul-2021 20:21:21.962 INFO [main] org.hibernate.Version.logVersion HHH000412: Hibernate ORM core version 5.5.2.Final
13-Jul-2021 20:21:22.644 INFO [main] org.hibernate.annotations.common.reflection.java.JavaReflectionManager.<clinit> HCANN000001: Hibernate Commons Annotations {5.1.2.Final}
13-Jul-2021 20:21:23.397 WARN [main] org.hibernate.engine.jdbc.connections.internal.DriverManagerConnectionProviderImpl.configure HHH10001002: Using Hibernate built-in connection pool (not for production use!)
13-Jul-2021 20:21:23.400 INFO [main] org.hibernate.engine.jdbc.connections.internal.DriverManagerConnectionProviderImpl.buildCreator HHH10001005: using driver [com.mysql.cj.jdbc.Driver] at URL [jdbc:mysql://localhost:3305/RailWayReservation?createDatabaseIfNotExist=true]
13-Jul-2021 20:21:23.401 INFO [main] org.hibernate.engine.jdbc.connections.internal.DriverManagerConnectionProviderImpl.buildCreator HHH10001001: Connection properties: {password=****, user=root}
13-Jul-2021 20:21:23.403 INFO [main] org.hibernate.engine.jdbc.connections.internal.DriverManagerConnectionProviderImpl.buildCreator HHH10001003: Autocommit mode: false
13-Jul-2021 20:21:23.409 INFO [main] org.hibernate.engine.jdbc.connections.internal.DriverManagerConnectionProviderImpl$PooledConnections.<init> HHH000115: Hibernate connection pool size: 20 (min=1)
13-Jul-2021 20:21:27.225 INFO [main] org.hibernate.dialect.Dialect.<init> HHH000400: Using dialect: org.hibernate.dialect.MySQL5Dialect
13-Jul-2021 20:21:28.859 INFO [main] org.hibernate.tuple.PojoInstantiator.<init> HHH000182: No default (no-argument) constructor for class: model.SeatsModel (class must be instantiated by Interceptor)
13-Jul-2021 20:21:29.077 INFO [main] org.hibernate.resource.transaction.backend.jdbc.internal.DdlTransactionIsolatorNonJtaImpl.getIsolatedConnection HHH10001501: Connection obtained from JdbcConnectionAccess [org.hibernate.engine.jdbc.env.internal.JdbcEnvironmentInitiator$ConnectionProviderJdbcConnectionAccess@144fc5fa] for (non-JTA) DDL execution was not in auto-commit mode; the Connection 'local transaction' will be committed and the Connection will be set into auto-commit mode.
13-Jul-2021 20:21:30.085 INFO [main] org.apache.catalina.startup.HostConfig.deployDirectory Deployment of web application directory [C:\Users\Gokulakrishnan\Desktop\ZOHOIncubation\Tasks\railwayServletCopy\tomcat\webapps\railway] has finished in [13,362] ms
13-Jul-2021 20:21:30.088 INFO [main] org.apache.catalina.startup.HostConfig.deployDirectory Deploying web application directory [C:\Users\Gokulakrishnan\Desktop\ZOHOIncubation\Tasks\railwayServletCopy\tomcat\webapps\ROOT]
13-Jul-2021 20:21:32.518 INFO [main] org.apache.jasper.servlet.TldScanner.scanJars At least one JAR was scanned for TLDs yet contained no TLDs. Enable debug logging for this logger for a complete list of JARs that were scanned but no TLDs were found in them. Skipping unneeded JARs during scanning can improve startup time and JSP compilation time.
13-Jul-2021 20:21:32.600 INFO [main] org.apache.catalina.startup.HostConfig.deployDirectory Deployment of web application directory [C:\Users\Gokulakrishnan\Desktop\ZOHOIncubation\Tasks\railwayServletCopy\tomcat\webapps\ROOT] has finished in [2,512] ms
13-Jul-2021 20:21:32.624 INFO [main] org.apache.coyote.AbstractProtocol.start Starting ProtocolHandler ["http-nio-8080"]
13-Jul-2021 20:21:32.771 INFO [main] org.apache.catalina.startup.Catalina.start Server startup in [16194] milliseconds
13-Jul-2021 20:33:07.159 INFO [Thread-3] org.apache.coyote.AbstractProtocol.pause Pausing ProtocolHandler ["http-nio-8080"]
13-Jul-2021 20:33:07.201 INFO [Thread-3] org.apache.catalina.core.StandardService.stopInternal Stopping service [Catalina]
13-Jul-2021 20:33:07.248 WARNING [Thread-3] org.apache.catalina.loader.WebappClassLoaderBase.clearReferencesThreads The web application [railway] appears to have started a thread named [Hibernate Connection Pool Validation Thread] but has failed to stop it. This is very likely to create a memory leak. Stack trace of thread:
 java.base@15.0.2/jdk.internal.misc.Unsafe.park(Native Method)
 java.base@15.0.2/java.util.concurrent.locks.LockSupport.parkNanos(LockSupport.java:252)
 java.base@15.0.2/java.util.concurrent.locks.AbstractQueuedSynchronizer$ConditionObject.awaitNanos(AbstractQueuedSynchronizer.java:1661)
 java.base@15.0.2/java.util.concurrent.ScheduledThreadPoolExecutor$DelayedWorkQueue.take(ScheduledThreadPoolExecutor.java:1182)
 java.base@15.0.2/java.util.concurrent.ScheduledThreadPoolExecutor$DelayedWorkQueue.take(ScheduledThreadPoolExecutor.java:899)
 java.base@15.0.2/java.util.concurrent.ThreadPoolExecutor.getTask(ThreadPoolExecutor.java:1056)
 java.base@15.0.2/java.util.concurrent.ThreadPoolExecutor.runWorker(ThreadPoolExecutor.java:1116)
 java.base@15.0.2/java.util.concurrent.ThreadPoolExecutor$Worker.run(ThreadPoolExecutor.java:630)
 java.base@15.0.2/java.lang.Thread.run(Thread.java:832)
13-Jul-2021 20:33:07.299 INFO [Thread-3] org.apache.coyote.AbstractProtocol.stop Stopping ProtocolHandler ["http-nio-8080"]
13-Jul-2021 20:33:07.359 INFO [Thread-3] org.apache.coyote.AbstractProtocol.destroy Destroying ProtocolHandler ["http-nio-8080"]
13-Jul-2021 20:33:12.460 INFO [main] org.apache.catalina.startup.VersionLoggerListener.log Server version name:   Apache Tomcat/9.0.48
13-Jul-2021 20:33:12.467 INFO [main] org.apache.catalina.startup.VersionLoggerListener.log Server built:          Jun 10 2021 09:22:01 UTC
13-Jul-2021 20:33:12.467 INFO [main] org.apache.catalina.startup.VersionLoggerListener.log Server version number: 9.0.48.0
13-Jul-2021 20:33:12.468 INFO [main] org.apache.catalina.startup.VersionLoggerListener.log OS Name:               Windows 10
13-Jul-2021 20:33:12.468 INFO [main] org.apache.catalina.startup.VersionLoggerListener.log OS Version:            10.0
13-Jul-2021 20:33:12.469 INFO [main] org.apache.catalina.startup.VersionLoggerListener.log Architecture:          amd64
13-Jul-2021 20:33:12.469 INFO [main] org.apache.catalina.startup.VersionLoggerListener.log Java Home:             C:\Program Files\Java\jdk-15.0.2
13-Jul-2021 20:33:12.469 INFO [main] org.apache.catalina.startup.VersionLoggerListener.log JVM Version:           15.0.2+7-27
13-Jul-2021 20:33:12.469 INFO [main] org.apache.catalina.startup.VersionLoggerListener.log JVM Vendor:            Oracle Corporation
13-Jul-2021 20:33:12.470 INFO [main] org.apache.catalina.startup.VersionLoggerListener.log CATALINA_BASE:         C:\Users\Gokulakrishnan\Desktop\ZOHOIncubation\Tasks\railwayServletCopy\tomcat
13-Jul-2021 20:33:12.470 INFO [main] org.apache.catalina.startup.VersionLoggerListener.log CATALINA_HOME:         C:\Users\Gokulakrishnan\Desktop\ZOHOIncubation\Tasks\railwayServletCopy\tomcat
13-Jul-2021 20:33:12.908 INFO [main] org.apache.catalina.startup.VersionLoggerListener.log Command line argument: --add-opens=java.base/java.lang=ALL-UNNAMED
13-Jul-2021 20:33:12.909 INFO [main] org.apache.catalina.startup.VersionLoggerListener.log Command line argument: --add-opens=java.base/java.io=ALL-UNNAMED
13-Jul-2021 20:33:12.910 INFO [main] org.apache.catalina.startup.VersionLoggerListener.log Command line argument: --add-opens=java.base/java.util=ALL-UNNAMED
13-Jul-2021 20:33:12.910 INFO [main] org.apache.catalina.startup.VersionLoggerListener.log Command line argument: --add-opens=java.base/java.util.concurrent=ALL-UNNAMED
13-Jul-2021 20:33:12.911 INFO [main] org.apache.catalina.startup.VersionLoggerListener.log Command line argument: --add-opens=java.rmi/sun.rmi.transport=ALL-UNNAMED
13-Jul-2021 20:33:12.913 INFO [main] org.apache.catalina.startup.VersionLoggerListener.log Command line argument: -Djava.util.logging.config.file=C:\Users\Gokulakrishnan\Desktop\ZOHOIncubation\Tasks\railwayServletCopy\tomcat\conf\logging.properties
13-Jul-2021 20:33:12.914 INFO [main] org.apache.catalina.startup.VersionLoggerListener.log Command line argument: -Djava.util.logging.manager=org.apache.juli.ClassLoaderLogManager
13-Jul-2021 20:33:12.916 INFO [main] org.apache.catalina.startup.VersionLoggerListener.log Command line argument: -Djdk.tls.ephemeralDHKeySize=2048
13-Jul-2021 20:33:12.917 INFO [main] org.apache.catalina.startup.VersionLoggerListener.log Command line argument: -Djava.protocol.handler.pkgs=org.apache.catalina.webresources
13-Jul-2021 20:33:12.922 INFO [main] org.apache.catalina.startup.VersionLoggerListener.log Command line argument: -Dignore.endorsed.dirs=
13-Jul-2021 20:33:12.924 INFO [main] org.apache.catalina.startup.VersionLoggerListener.log Command line argument: -Dcatalina.base=C:\Users\Gokulakrishnan\Desktop\ZOHOIncubation\Tasks\railwayServletCopy\tomcat
13-Jul-2021 20:33:12.925 INFO [main] org.apache.catalina.startup.VersionLoggerListener.log Command line argument: -Dcatalina.home=C:\Users\Gokulakrishnan\Desktop\ZOHOIncubation\Tasks\railwayServletCopy\tomcat
13-Jul-2021 20:33:12.926 INFO [main] org.apache.catalina.startup.VersionLoggerListener.log Command line argument: -Djava.io.tmpdir=C:\Users\Gokulakrishnan\Desktop\ZOHOIncubation\Tasks\railwayServletCopy\tomcat\temp
13-Jul-2021 20:33:12.999 INFO [main] org.apache.catalina.core.AprLifecycleListener.lifecycleEvent The Apache Tomcat Native library which allows using OpenSSL was not found on the java.library.path: [C:\Program Files\Java\jdk-15.0.2\bin;C:\WINDOWS\Sun\Java\bin;C:\WINDOWS\system32;C:\WINDOWS;C:\Program Files\Common Files\Oracle\Java\javapath;C:\Program Files\Java\jdk-15.0.2\bin;C:\Users\Gokulakrishnan\AppData\Local\Programs\Python\Python36\Scripts\;C:\Users\Gokulakrishnan\AppData\Local\Programs\Python\Python36\;C:\Program Files (x86)\Python37-32\;C:\Program Files (x86)\Python37-32\Scripts\;C:\Windows\system32;C:\Windows;C:\Windows\System32\Wbem;C:\Windows\System32\WindowsPowerShell\v1.0\;C:\Program Files\Java\jdk-10.0.2\bin;C:\adb;C:\Program Files\Git\cmd;C:\wamp64\bin\php\php5.6.38;C:\composer;C:\Program Files\heroku\bin\;C:\Program Files\CMake\bin;C:\MinGW\bin;C:\Users\Gokulakrishnan\AppData\Local\Programs\Microsoft VS Code\bin\;C:\WINDOWS\system32;C:\WINDOWS;C:\WINDOWS\System32\Wbem;C:\WINDOWS\System32\WindowsPowerShell\v1.0\;C:\WINDOWS\System32\OpenSSH\;C:\Program Files\Java\jre-10.0.2\bin;C:\Program Files\nodejs\;c:\Program Files (x86)\MySQL\Connector J 8.0\mysql-connector-java-8.0.25.jar;C:\ProgramData\chocolatey\bin;C:\Program Files\MySQL\MySQL Shell 8.0\bin\;C:\Program Files\Java\jdk-15.0.2\bin;C:\Users\Gokulakrishnan\AppData\Local\Programs\Python\Python36\;C:\Users\Gokulakrishnan\AppData\Local\Programs\Microsoft VS Code\bin;C:\Users\Gokulakrishnan\AppData\Roaming\Composer\vendor\bin;C:\Program Files\heroku\bin;C:\MinGW\bin;C:\Users\Gokulakrishnan\AppData\Local\Programs\Microsoft VS Code\bin\;C:\Users\Gokulakrishnan\AppData\Local\Programs\Python\Python36\Scripts\;C:\Users\Gokulakrishnan\AppData\Local\Microsoft\WindowsApps;C:\Program Files\Java\jdk-10.0.2\bin;C:\Users\Gokulakrishnan\AppData\Roaming\npm;c:\Program Files (x86)\MySQL\Connector J 8.0\mysql-connector-java-8.0.25.jar;;;C:\Program Files\JetBrains\IntelliJ IDEA 2021.1.3\bin;;.]
13-Jul-2021 20:33:14.289 INFO [main] org.apache.coyote.AbstractProtocol.init Initializing ProtocolHandler ["http-nio-8080"]
13-Jul-2021 20:33:14.427 INFO [main] org.apache.catalina.startup.Catalina.load Server initialization in [3492] milliseconds
13-Jul-2021 20:33:14.576 INFO [main] org.apache.catalina.core.StandardService.startInternal Starting service [Catalina]
13-Jul-2021 20:33:14.576 INFO [main] org.apache.catalina.core.StandardEngine.startInternal Starting Servlet engine: [Apache Tomcat/9.0.48]
13-Jul-2021 20:33:14.603 INFO [main] org.apache.catalina.startup.HostConfig.deployDirectory Deploying web application directory [C:\Users\Gokulakrishnan\Desktop\ZOHOIncubation\Tasks\railwayServletCopy\tomcat\webapps\railway]
13-Jul-2021 20:33:19.366 INFO [main] org.apache.jasper.servlet.TldScanner.scanJars At least one JAR was scanned for TLDs yet contained no TLDs. Enable debug logging for this logger for a complete list of JARs that were scanned but no TLDs were found in them. Skipping unneeded JARs during scanning can improve startup time and JSP compilation time.
13-Jul-2021 20:33:19.567 WARNING [main] org.apache.catalina.util.SessionIdGeneratorBase.createSecureRandom Creation of SecureRandom instance for session ID generation using [SHA1PRNG] took [107] milliseconds.
13-Jul-2021 20:33:19.892 INFO [main] org.hibernate.Version.logVersion HHH000412: Hibernate ORM core version 5.5.2.Final
13-Jul-2021 20:33:20.405 INFO [main] org.hibernate.annotations.common.reflection.java.JavaReflectionManager.<clinit> HCANN000001: Hibernate Commons Annotations {5.1.2.Final}
13-Jul-2021 20:33:20.843 WARN [main] org.hibernate.engine.jdbc.connections.internal.DriverManagerConnectionProviderImpl.configure HHH10001002: Using Hibernate built-in connection pool (not for production use!)
13-Jul-2021 20:33:20.855 INFO [main] org.hibernate.engine.jdbc.connections.internal.DriverManagerConnectionProviderImpl.buildCreator HHH10001005: using driver [com.mysql.cj.jdbc.Driver] at URL [jdbc:mysql://localhost:3305/RailWayReservation?createDatabaseIfNotExist=true]
13-Jul-2021 20:33:20.855 INFO [main] org.hibernate.engine.jdbc.connections.internal.DriverManagerConnectionProviderImpl.buildCreator HHH10001001: Connection properties: {password=****, user=root}
13-Jul-2021 20:33:20.856 INFO [main] org.hibernate.engine.jdbc.connections.internal.DriverManagerConnectionProviderImpl.buildCreator HHH10001003: Autocommit mode: false
13-Jul-2021 20:33:20.861 INFO [main] org.hibernate.engine.jdbc.connections.internal.DriverManagerConnectionProviderImpl$PooledConnections.<init> HHH000115: Hibernate connection pool size: 20 (min=1)
13-Jul-2021 20:33:22.407 INFO [main] org.hibernate.dialect.Dialect.<init> HHH000400: Using dialect: org.hibernate.dialect.MySQL5Dialect
13-Jul-2021 20:33:23.417 INFO [main] org.hibernate.tuple.PojoInstantiator.<init> HHH000182: No default (no-argument) constructor for class: model.SeatsModel (class must be instantiated by Interceptor)
13-Jul-2021 20:33:23.552 INFO [main] org.hibernate.resource.transaction.backend.jdbc.internal.DdlTransactionIsolatorNonJtaImpl.getIsolatedConnection HHH10001501: Connection obtained from JdbcConnectionAccess [org.hibernate.engine.jdbc.env.internal.JdbcEnvironmentInitiator$ConnectionProviderJdbcConnectionAccess@55f29d39] for (non-JTA) DDL execution was not in auto-commit mode; the Connection 'local transaction' will be committed and the Connection will be set into auto-commit mode.
13-Jul-2021 20:33:24.486 INFO [main] org.apache.catalina.startup.HostConfig.deployDirectory Deployment of web application directory [C:\Users\Gokulakrishnan\Desktop\ZOHOIncubation\Tasks\railwayServletCopy\tomcat\webapps\railway] has finished in [9,883] ms
13-Jul-2021 20:33:24.487 INFO [main] org.apache.catalina.startup.HostConfig.deployDirectory Deploying web application directory [C:\Users\Gokulakrishnan\Desktop\ZOHOIncubation\Tasks\railwayServletCopy\tomcat\webapps\ROOT]
13-Jul-2021 20:33:26.658 INFO [main] org.apache.jasper.servlet.TldScanner.scanJars At least one JAR was scanned for TLDs yet contained no TLDs. Enable debug logging for this logger for a complete list of JARs that were scanned but no TLDs were found in them. Skipping unneeded JARs during scanning can improve startup time and JSP compilation time.
13-Jul-2021 20:33:26.666 INFO [main] org.apache.catalina.startup.HostConfig.deployDirectory Deployment of web application directory [C:\Users\Gokulakrishnan\Desktop\ZOHOIncubation\Tasks\railwayServletCopy\tomcat\webapps\ROOT] has finished in [2,179] ms
13-Jul-2021 20:33:26.670 INFO [main] org.apache.coyote.AbstractProtocol.start Starting ProtocolHandler ["http-nio-8080"]
13-Jul-2021 20:33:26.788 INFO [main] org.apache.catalina.startup.Catalina.start Server startup in [12358] milliseconds
13-Jul-2021 20:37:54.450 INFO [Thread-3] org.apache.coyote.AbstractProtocol.pause Pausing ProtocolHandler ["http-nio-8080"]
13-Jul-2021 20:37:54.493 INFO [Thread-3] org.apache.catalina.core.StandardService.stopInternal Stopping service [Catalina]
13-Jul-2021 20:37:54.520 WARNING [Thread-3] org.apache.catalina.loader.WebappClassLoaderBase.clearReferencesThreads The web application [railway] appears to have started a thread named [Hibernate Connection Pool Validation Thread] but has failed to stop it. This is very likely to create a memory leak. Stack trace of thread:
 java.base@15.0.2/jdk.internal.misc.Unsafe.park(Native Method)
 java.base@15.0.2/java.util.concurrent.locks.LockSupport.parkNanos(LockSupport.java:252)
 java.base@15.0.2/java.util.concurrent.locks.AbstractQueuedSynchronizer$ConditionObject.awaitNanos(AbstractQueuedSynchronizer.java:1661)
 java.base@15.0.2/java.util.concurrent.ScheduledThreadPoolExecutor$DelayedWorkQueue.take(ScheduledThreadPoolExecutor.java:1182)
 java.base@15.0.2/java.util.concurrent.ScheduledThreadPoolExecutor$DelayedWorkQueue.take(ScheduledThreadPoolExecutor.java:899)
 java.base@15.0.2/java.util.concurrent.ThreadPoolExecutor.getTask(ThreadPoolExecutor.java:1056)
 java.base@15.0.2/java.util.concurrent.ThreadPoolExecutor.runWorker(ThreadPoolExecutor.java:1116)
 java.base@15.0.2/java.util.concurrent.ThreadPoolExecutor$Worker.run(ThreadPoolExecutor.java:630)
 java.base@15.0.2/java.lang.Thread.run(Thread.java:832)
13-Jul-2021 20:37:54.548 INFO [Thread-3] org.apache.coyote.AbstractProtocol.stop Stopping ProtocolHandler ["http-nio-8080"]
13-Jul-2021 20:37:54.600 INFO [Thread-3] org.apache.coyote.AbstractProtocol.destroy Destroying ProtocolHandler ["http-nio-8080"]
13-Jul-2021 20:37:57.728 INFO [main] org.apache.catalina.startup.VersionLoggerListener.log Server version name:   Apache Tomcat/9.0.48
13-Jul-2021 20:37:57.739 INFO [main] org.apache.catalina.startup.VersionLoggerListener.log Server built:          Jun 10 2021 09:22:01 UTC
13-Jul-2021 20:37:57.739 INFO [main] org.apache.catalina.startup.VersionLoggerListener.log Server version number: 9.0.48.0
13-Jul-2021 20:37:57.740 INFO [main] org.apache.catalina.startup.VersionLoggerListener.log OS Name:               Windows 10
13-Jul-2021 20:37:57.742 INFO [main] org.apache.catalina.startup.VersionLoggerListener.log OS Version:            10.0
13-Jul-2021 20:37:57.746 INFO [main] org.apache.catalina.startup.VersionLoggerListener.log Architecture:          amd64
13-Jul-2021 20:37:57.749 INFO [main] org.apache.catalina.startup.VersionLoggerListener.log Java Home:             C:\Program Files\Java\jdk-15.0.2
13-Jul-2021 20:37:57.750 INFO [main] org.apache.catalina.startup.VersionLoggerListener.log JVM Version:           15.0.2+7-27
13-Jul-2021 20:37:57.752 INFO [main] org.apache.catalina.startup.VersionLoggerListener.log JVM Vendor:            Oracle Corporation
13-Jul-2021 20:37:57.752 INFO [main] org.apache.catalina.startup.VersionLoggerListener.log CATALINA_BASE:         C:\Users\Gokulakrishnan\Desktop\ZOHOIncubation\Tasks\railwayServletCopy\tomcat
13-Jul-2021 20:37:57.753 INFO [main] org.apache.catalina.startup.VersionLoggerListener.log CATALINA_HOME:         C:\Users\Gokulakrishnan\Desktop\ZOHOIncubation\Tasks\railwayServletCopy\tomcat
13-Jul-2021 20:37:57.774 INFO [main] org.apache.catalina.startup.VersionLoggerListener.log Command line argument: --add-opens=java.base/java.lang=ALL-UNNAMED
13-Jul-2021 20:37:57.775 INFO [main] org.apache.catalina.startup.VersionLoggerListener.log Command line argument: --add-opens=java.base/java.io=ALL-UNNAMED
13-Jul-2021 20:37:57.776 INFO [main] org.apache.catalina.startup.VersionLoggerListener.log Command line argument: --add-opens=java.base/java.util=ALL-UNNAMED
13-Jul-2021 20:37:57.777 INFO [main] org.apache.catalina.startup.VersionLoggerListener.log Command line argument: --add-opens=java.base/java.util.concurrent=ALL-UNNAMED
13-Jul-2021 20:37:57.779 INFO [main] org.apache.catalina.startup.VersionLoggerListener.log Command line argument: --add-opens=java.rmi/sun.rmi.transport=ALL-UNNAMED
13-Jul-2021 20:37:57.779 INFO [main] org.apache.catalina.startup.VersionLoggerListener.log Command line argument: -Djava.util.logging.config.file=C:\Users\Gokulakrishnan\Desktop\ZOHOIncubation\Tasks\railwayServletCopy\tomcat\conf\logging.properties
13-Jul-2021 20:37:57.782 INFO [main] org.apache.catalina.startup.VersionLoggerListener.log Command line argument: -Djava.util.logging.manager=org.apache.juli.ClassLoaderLogManager
13-Jul-2021 20:37:57.783 INFO [main] org.apache.catalina.startup.VersionLoggerListener.log Command line argument: -Djdk.tls.ephemeralDHKeySize=2048
13-Jul-2021 20:37:57.784 INFO [main] org.apache.catalina.startup.VersionLoggerListener.log Command line argument: -Djava.protocol.handler.pkgs=org.apache.catalina.webresources
13-Jul-2021 20:37:57.788 INFO [main] org.apache.catalina.startup.VersionLoggerListener.log Command line argument: -Dignore.endorsed.dirs=
13-Jul-2021 20:37:57.790 INFO [main] org.apache.catalina.startup.VersionLoggerListener.log Command line argument: -Dcatalina.base=C:\Users\Gokulakrishnan\Desktop\ZOHOIncubation\Tasks\railwayServletCopy\tomcat
13-Jul-2021 20:37:57.791 INFO [main] org.apache.catalina.startup.VersionLoggerListener.log Command line argument: -Dcatalina.home=C:\Users\Gokulakrishnan\Desktop\ZOHOIncubation\Tasks\railwayServletCopy\tomcat
13-Jul-2021 20:37:57.792 INFO [main] org.apache.catalina.startup.VersionLoggerListener.log Command line argument: -Djava.io.tmpdir=C:\Users\Gokulakrishnan\Desktop\ZOHOIncubation\Tasks\railwayServletCopy\tomcat\temp
13-Jul-2021 20:37:57.807 INFO [main] org.apache.catalina.core.AprLifecycleListener.lifecycleEvent The Apache Tomcat Native library which allows using OpenSSL was not found on the java.library.path: [C:\Program Files\Java\jdk-15.0.2\bin;C:\WINDOWS\Sun\Java\bin;C:\WINDOWS\system32;C:\WINDOWS;C:\Program Files\Common Files\Oracle\Java\javapath;C:\Program Files\Java\jdk-15.0.2\bin;C:\Users\Gokulakrishnan\AppData\Local\Programs\Python\Python36\Scripts\;C:\Users\Gokulakrishnan\AppData\Local\Programs\Python\Python36\;C:\Program Files (x86)\Python37-32\;C:\Program Files (x86)\Python37-32\Scripts\;C:\Windows\system32;C:\Windows;C:\Windows\System32\Wbem;C:\Windows\System32\WindowsPowerShell\v1.0\;C:\Program Files\Java\jdk-10.0.2\bin;C:\adb;C:\Program Files\Git\cmd;C:\wamp64\bin\php\php5.6.38;C:\composer;C:\Program Files\heroku\bin\;C:\Program Files\CMake\bin;C:\MinGW\bin;C:\Users\Gokulakrishnan\AppData\Local\Programs\Microsoft VS Code\bin\;C:\WINDOWS\system32;C:\WINDOWS;C:\WINDOWS\System32\Wbem;C:\WINDOWS\System32\WindowsPowerShell\v1.0\;C:\WINDOWS\System32\OpenSSH\;C:\Program Files\Java\jre-10.0.2\bin;C:\Program Files\nodejs\;c:\Program Files (x86)\MySQL\Connector J 8.0\mysql-connector-java-8.0.25.jar;C:\ProgramData\chocolatey\bin;C:\Program Files\MySQL\MySQL Shell 8.0\bin\;C:\Program Files\Java\jdk-15.0.2\bin;C:\Users\Gokulakrishnan\AppData\Local\Programs\Python\Python36\;C:\Users\Gokulakrishnan\AppData\Local\Programs\Microsoft VS Code\bin;C:\Users\Gokulakrishnan\AppData\Roaming\Composer\vendor\bin;C:\Program Files\heroku\bin;C:\MinGW\bin;C:\Users\Gokulakrishnan\AppData\Local\Programs\Microsoft VS Code\bin\;C:\Users\Gokulakrishnan\AppData\Local\Programs\Python\Python36\Scripts\;C:\Users\Gokulakrishnan\AppData\Local\Microsoft\WindowsApps;C:\Program Files\Java\jdk-10.0.2\bin;C:\Users\Gokulakrishnan\AppData\Roaming\npm;c:\Program Files (x86)\MySQL\Connector J 8.0\mysql-connector-java-8.0.25.jar;;;C:\Program Files\JetBrains\IntelliJ IDEA 2021.1.3\bin;;.]
13-Jul-2021 20:37:58.426 INFO [main] org.apache.coyote.AbstractProtocol.init Initializing ProtocolHandler ["http-nio-8080"]
13-Jul-2021 20:37:58.495 INFO [main] org.apache.catalina.startup.Catalina.load Server initialization in [1106] milliseconds
13-Jul-2021 20:37:58.590 INFO [main] org.apache.catalina.core.StandardService.startInternal Starting service [Catalina]
13-Jul-2021 20:37:58.593 INFO [main] org.apache.catalina.core.StandardEngine.startInternal Starting Servlet engine: [Apache Tomcat/9.0.48]
13-Jul-2021 20:37:58.615 INFO [main] org.apache.catalina.startup.HostConfig.deployDirectory Deploying web application directory [C:\Users\Gokulakrishnan\Desktop\ZOHOIncubation\Tasks\railwayServletCopy\tomcat\webapps\railway]
13-Jul-2021 20:38:02.374 INFO [main] org.apache.jasper.servlet.TldScanner.scanJars At least one JAR was scanned for TLDs yet contained no TLDs. Enable debug logging for this logger for a complete list of JARs that were scanned but no TLDs were found in them. Skipping unneeded JARs during scanning can improve startup time and JSP compilation time.
13-Jul-2021 20:38:02.823 INFO [main] org.hibernate.Version.logVersion HHH000412: Hibernate ORM core version 5.5.2.Final
13-Jul-2021 20:38:03.137 INFO [main] org.hibernate.annotations.common.reflection.java.JavaReflectionManager.<clinit> HCANN000001: Hibernate Commons Annotations {5.1.2.Final}
13-Jul-2021 20:38:03.375 WARN [main] org.hibernate.engine.jdbc.connections.internal.DriverManagerConnectionProviderImpl.configure HHH10001002: Using Hibernate built-in connection pool (not for production use!)
13-Jul-2021 20:38:03.378 INFO [main] org.hibernate.engine.jdbc.connections.internal.DriverManagerConnectionProviderImpl.buildCreator HHH10001005: using driver [com.mysql.cj.jdbc.Driver] at URL [jdbc:mysql://localhost:3305/RailWayReservation?createDatabaseIfNotExist=true]
13-Jul-2021 20:38:03.379 INFO [main] org.hibernate.engine.jdbc.connections.internal.DriverManagerConnectionProviderImpl.buildCreator HHH10001001: Connection properties: {password=****, user=root}
13-Jul-2021 20:38:03.380 INFO [main] org.hibernate.engine.jdbc.connections.internal.DriverManagerConnectionProviderImpl.buildCreator HHH10001003: Autocommit mode: false
13-Jul-2021 20:38:03.385 INFO [main] org.hibernate.engine.jdbc.connections.internal.DriverManagerConnectionProviderImpl$PooledConnections.<init> HHH000115: Hibernate connection pool size: 20 (min=1)
13-Jul-2021 20:38:04.509 INFO [main] org.hibernate.dialect.Dialect.<init> HHH000400: Using dialect: org.hibernate.dialect.MySQL5Dialect
13-Jul-2021 20:38:05.419 INFO [main] org.hibernate.tuple.PojoInstantiator.<init> HHH000182: No default (no-argument) constructor for class: model.SeatsModel (class must be instantiated by Interceptor)
13-Jul-2021 20:38:05.575 INFO [main] org.hibernate.resource.transaction.backend.jdbc.internal.DdlTransactionIsolatorNonJtaImpl.getIsolatedConnection HHH10001501: Connection obtained from JdbcConnectionAccess [org.hibernate.engine.jdbc.env.internal.JdbcEnvironmentInitiator$ConnectionProviderJdbcConnectionAccess@144fc5fa] for (non-JTA) DDL execution was not in auto-commit mode; the Connection 'local transaction' will be committed and the Connection will be set into auto-commit mode.
13-Jul-2021 20:38:06.277 INFO [main] org.apache.catalina.startup.HostConfig.deployDirectory Deployment of web application directory [C:\Users\Gokulakrishnan\Desktop\ZOHOIncubation\Tasks\railwayServletCopy\tomcat\webapps\railway] has finished in [7,661] ms
13-Jul-2021 20:38:06.279 INFO [main] org.apache.catalina.startup.HostConfig.deployDirectory Deploying web application directory [C:\Users\Gokulakrishnan\Desktop\ZOHOIncubation\Tasks\railwayServletCopy\tomcat\webapps\ROOT]
13-Jul-2021 20:38:10.005 INFO [main] org.apache.jasper.servlet.TldScanner.scanJars At least one JAR was scanned for TLDs yet contained no TLDs. Enable debug logging for this logger for a complete list of JARs that were scanned but no TLDs were found in them. Skipping unneeded JARs during scanning can improve startup time and JSP compilation time.
13-Jul-2021 20:38:10.015 INFO [main] org.apache.catalina.startup.HostConfig.deployDirectory Deployment of web application directory [C:\Users\Gokulakrishnan\Desktop\ZOHOIncubation\Tasks\railwayServletCopy\tomcat\webapps\ROOT] has finished in [3,735] ms
13-Jul-2021 20:38:10.020 INFO [main] org.apache.coyote.AbstractProtocol.start Starting ProtocolHandler ["http-nio-8080"]
13-Jul-2021 20:38:10.052 INFO [main] org.apache.catalina.startup.Catalina.start Server startup in [11554] milliseconds
13-Jul-2021 23:50:07.063 INFO [Thread-3] org.apache.coyote.AbstractProtocol.pause Pausing ProtocolHandler ["http-nio-8080"]
13-Jul-2021 23:50:08.055 INFO [Thread-3] org.apache.catalina.core.StandardService.stopInternal Stopping service [Catalina]
13-Jul-2021 23:50:09.030 WARNING [Thread-3] org.apache.catalina.loader.WebappClassLoaderBase.clearReferencesThreads The web application [railway] appears to have started a thread named [Hibernate Connection Pool Validation Thread] but has failed to stop it. This is very likely to create a memory leak. Stack trace of thread:
 java.base@15.0.2/jdk.internal.misc.Unsafe.park(Native Method)
 java.base@15.0.2/java.util.concurrent.locks.LockSupport.parkNanos(LockSupport.java:252)
 java.base@15.0.2/java.util.concurrent.locks.AbstractQueuedSynchronizer$ConditionObject.awaitNanos(AbstractQueuedSynchronizer.java:1661)
 java.base@15.0.2/java.util.concurrent.ScheduledThreadPoolExecutor$DelayedWorkQueue.take(ScheduledThreadPoolExecutor.java:1182)
 java.base@15.0.2/java.util.concurrent.ScheduledThreadPoolExecutor$DelayedWorkQueue.take(ScheduledThreadPoolExecutor.java:899)
 java.base@15.0.2/java.util.concurrent.ThreadPoolExecutor.getTask(ThreadPoolExecutor.java:1056)
 java.base@15.0.2/java.util.concurrent.ThreadPoolExecutor.runWorker(ThreadPoolExecutor.java:1116)
 java.base@15.0.2/java.util.concurrent.ThreadPoolExecutor$Worker.run(ThreadPoolExecutor.java:630)
 java.base@15.0.2/java.lang.Thread.run(Thread.java:832)
13-Jul-2021 23:50:09.718 INFO [Thread-3] org.apache.coyote.AbstractProtocol.stop Stopping ProtocolHandler ["http-nio-8080"]
13-Jul-2021 23:50:10.070 INFO [Thread-3] org.apache.coyote.AbstractProtocol.destroy Destroying ProtocolHandler ["http-nio-8080"]
13-Jul-2021 23:50:19.951 INFO [main] org.apache.catalina.startup.VersionLoggerListener.log Server version name:   Apache Tomcat/9.0.48
13-Jul-2021 23:50:19.958 INFO [main] org.apache.catalina.startup.VersionLoggerListener.log Server built:          Jun 10 2021 09:22:01 UTC
13-Jul-2021 23:50:19.959 INFO [main] org.apache.catalina.startup.VersionLoggerListener.log Server version number: 9.0.48.0
13-Jul-2021 23:50:19.959 INFO [main] org.apache.catalina.startup.VersionLoggerListener.log OS Name:               Windows 10
13-Jul-2021 23:50:19.959 INFO [main] org.apache.catalina.startup.VersionLoggerListener.log OS Version:            10.0
13-Jul-2021 23:50:19.959 INFO [main] org.apache.catalina.startup.VersionLoggerListener.log Architecture:          amd64
13-Jul-2021 23:50:19.960 INFO [main] org.apache.catalina.startup.VersionLoggerListener.log Java Home:             C:\Program Files\Java\jdk-15.0.2
13-Jul-2021 23:50:19.960 INFO [main] org.apache.catalina.startup.VersionLoggerListener.log JVM Version:           15.0.2+7-27
13-Jul-2021 23:50:19.960 INFO [main] org.apache.catalina.startup.VersionLoggerListener.log JVM Vendor:            Oracle Corporation
13-Jul-2021 23:50:19.961 INFO [main] org.apache.catalina.startup.VersionLoggerListener.log CATALINA_BASE:         C:\Users\Gokulakrishnan\Desktop\ZOHOIncubation\Tasks\railwayServletCopy\tomcat
13-Jul-2021 23:50:19.961 INFO [main] org.apache.catalina.startup.VersionLoggerListener.log CATALINA_HOME:         C:\Users\Gokulakrishnan\Desktop\ZOHOIncubation\Tasks\railwayServletCopy\tomcat
13-Jul-2021 23:50:20.097 INFO [main] org.apache.catalina.startup.VersionLoggerListener.log Command line argument: --add-opens=java.base/java.lang=ALL-UNNAMED
13-Jul-2021 23:50:20.098 INFO [main] org.apache.catalina.startup.VersionLoggerListener.log Command line argument: --add-opens=java.base/java.io=ALL-UNNAMED
13-Jul-2021 23:50:20.099 INFO [main] org.apache.catalina.startup.VersionLoggerListener.log Command line argument: --add-opens=java.base/java.util=ALL-UNNAMED
13-Jul-2021 23:50:20.099 INFO [main] org.apache.catalina.startup.VersionLoggerListener.log Command line argument: --add-opens=java.base/java.util.concurrent=ALL-UNNAMED
13-Jul-2021 23:50:20.100 INFO [main] org.apache.catalina.startup.VersionLoggerListener.log Command line argument: --add-opens=java.rmi/sun.rmi.transport=ALL-UNNAMED
13-Jul-2021 23:50:20.101 INFO [main] org.apache.catalina.startup.VersionLoggerListener.log Command line argument: -Djava.util.logging.config.file=C:\Users\Gokulakrishnan\Desktop\ZOHOIncubation\Tasks\railwayServletCopy\tomcat\conf\logging.properties
13-Jul-2021 23:50:20.104 INFO [main] org.apache.catalina.startup.VersionLoggerListener.log Command line argument: -Djava.util.logging.manager=org.apache.juli.ClassLoaderLogManager
13-Jul-2021 23:50:20.105 INFO [main] org.apache.catalina.startup.VersionLoggerListener.log Command line argument: -Djdk.tls.ephemeralDHKeySize=2048
13-Jul-2021 23:50:20.107 INFO [main] org.apache.catalina.startup.VersionLoggerListener.log Command line argument: -Djava.protocol.handler.pkgs=org.apache.catalina.webresources
13-Jul-2021 23:50:20.113 INFO [main] org.apache.catalina.startup.VersionLoggerListener.log Command line argument: -Dignore.endorsed.dirs=
13-Jul-2021 23:50:20.114 INFO [main] org.apache.catalina.startup.VersionLoggerListener.log Command line argument: -Dcatalina.base=C:\Users\Gokulakrishnan\Desktop\ZOHOIncubation\Tasks\railwayServletCopy\tomcat
13-Jul-2021 23:50:20.116 INFO [main] org.apache.catalina.startup.VersionLoggerListener.log Command line argument: -Dcatalina.home=C:\Users\Gokulakrishnan\Desktop\ZOHOIncubation\Tasks\railwayServletCopy\tomcat
13-Jul-2021 23:50:20.117 INFO [main] org.apache.catalina.startup.VersionLoggerListener.log Command line argument: -Djava.io.tmpdir=C:\Users\Gokulakrishnan\Desktop\ZOHOIncubation\Tasks\railwayServletCopy\tomcat\temp
13-Jul-2021 23:50:20.710 INFO [main] org.apache.catalina.core.AprLifecycleListener.lifecycleEvent The Apache Tomcat Native library which allows using OpenSSL was not found on the java.library.path: [C:\Program Files\Java\jdk-15.0.2\bin;C:\WINDOWS\Sun\Java\bin;C:\WINDOWS\system32;C:\WINDOWS;C:\Program Files\Common Files\Oracle\Java\javapath;C:\Program Files\Java\jdk-15.0.2\bin;C:\Users\Gokulakrishnan\AppData\Local\Programs\Python\Python36\Scripts\;C:\Users\Gokulakrishnan\AppData\Local\Programs\Python\Python36\;C:\Program Files (x86)\Python37-32\;C:\Program Files (x86)\Python37-32\Scripts\;C:\Windows\system32;C:\Windows;C:\Windows\System32\Wbem;C:\Windows\System32\WindowsPowerShell\v1.0\;C:\Program Files\Java\jdk-10.0.2\bin;C:\adb;C:\Program Files\Git\cmd;C:\wamp64\bin\php\php5.6.38;C:\composer;C:\Program Files\heroku\bin\;C:\Program Files\CMake\bin;C:\MinGW\bin;C:\Users\Gokulakrishnan\AppData\Local\Programs\Microsoft VS Code\bin\;C:\WINDOWS\system32;C:\WINDOWS;C:\WINDOWS\System32\Wbem;C:\WINDOWS\System32\WindowsPowerShell\v1.0\;C:\WINDOWS\System32\OpenSSH\;C:\Program Files\Java\jre-10.0.2\bin;C:\Program Files\nodejs\;c:\Program Files (x86)\MySQL\Connector J 8.0\mysql-connector-java-8.0.25.jar;C:\ProgramData\chocolatey\bin;C:\Program Files\MySQL\MySQL Shell 8.0\bin\;C:\Program Files\Java\jdk-15.0.2\bin;C:\Users\Gokulakrishnan\AppData\Local\Programs\Python\Python36\;C:\Users\Gokulakrishnan\AppData\Local\Programs\Microsoft VS Code\bin;C:\Users\Gokulakrishnan\AppData\Roaming\Composer\vendor\bin;C:\Program Files\heroku\bin;C:\MinGW\bin;C:\Users\Gokulakrishnan\AppData\Local\Programs\Microsoft VS Code\bin\;C:\Users\Gokulakrishnan\AppData\Local\Programs\Python\Python36\Scripts\;C:\Users\Gokulakrishnan\AppData\Local\Microsoft\WindowsApps;C:\Program Files\Java\jdk-10.0.2\bin;C:\Users\Gokulakrishnan\AppData\Roaming\npm;c:\Program Files (x86)\MySQL\Connector J 8.0\mysql-connector-java-8.0.25.jar;;;C:\Program Files\JetBrains\IntelliJ IDEA 2021.1.3\bin;;.]
13-Jul-2021 23:50:21.840 INFO [main] org.apache.coyote.AbstractProtocol.init Initializing ProtocolHandler ["http-nio-8080"]
13-Jul-2021 23:50:22.353 INFO [main] org.apache.catalina.startup.Catalina.load Server initialization in [3513] milliseconds
13-Jul-2021 23:50:23.189 INFO [main] org.apache.catalina.core.StandardService.startInternal Starting service [Catalina]
13-Jul-2021 23:50:23.190 INFO [main] org.apache.catalina.core.StandardEngine.startInternal Starting Servlet engine: [Apache Tomcat/9.0.48]
13-Jul-2021 23:50:23.302 INFO [main] org.apache.catalina.startup.HostConfig.deployDirectory Deploying web application directory [C:\Users\Gokulakrishnan\Desktop\ZOHOIncubation\Tasks\railwayServletCopy\tomcat\webapps\railway]
13-Jul-2021 23:50:29.733 INFO [main] org.apache.jasper.servlet.TldScanner.scanJars At least one JAR was scanned for TLDs yet contained no TLDs. Enable debug logging for this logger for a complete list of JARs that were scanned but no TLDs were found in them. Skipping unneeded JARs during scanning can improve startup time and JSP compilation time.
13-Jul-2021 23:50:30.122 WARNING [main] org.apache.catalina.util.SessionIdGeneratorBase.createSecureRandom Creation of SecureRandom instance for session ID generation using [SHA1PRNG] took [256] milliseconds.
13-Jul-2021 23:50:30.531 INFO [main] org.hibernate.Version.logVersion HHH000412: Hibernate ORM core version 5.5.2.Final
13-Jul-2021 23:50:30.987 INFO [main] org.hibernate.annotations.common.reflection.java.JavaReflectionManager.<clinit> HCANN000001: Hibernate Commons Annotations {5.1.2.Final}
13-Jul-2021 23:50:31.457 WARN [main] org.hibernate.engine.jdbc.connections.internal.DriverManagerConnectionProviderImpl.configure HHH10001002: Using Hibernate built-in connection pool (not for production use!)
13-Jul-2021 23:50:31.459 INFO [main] org.hibernate.engine.jdbc.connections.internal.DriverManagerConnectionProviderImpl.buildCreator HHH10001005: using driver [com.mysql.cj.jdbc.Driver] at URL [jdbc:mysql://localhost:3305/RailWayReservation?createDatabaseIfNotExist=true]
13-Jul-2021 23:50:31.460 INFO [main] org.hibernate.engine.jdbc.connections.internal.DriverManagerConnectionProviderImpl.buildCreator HHH10001001: Connection properties: {password=****, user=root}
13-Jul-2021 23:50:31.462 INFO [main] org.hibernate.engine.jdbc.connections.internal.DriverManagerConnectionProviderImpl.buildCreator HHH10001003: Autocommit mode: false
13-Jul-2021 23:50:31.468 INFO [main] org.hibernate.engine.jdbc.connections.internal.DriverManagerConnectionProviderImpl$PooledConnections.<init> HHH000115: Hibernate connection pool size: 20 (min=1)
13-Jul-2021 23:50:34.862 INFO [main] org.hibernate.dialect.Dialect.<init> HHH000400: Using dialect: org.hibernate.dialect.MySQL5Dialect
13-Jul-2021 23:50:36.170 INFO [main] org.hibernate.tuple.PojoInstantiator.<init> HHH000182: No default (no-argument) constructor for class: model.SeatsModel (class must be instantiated by Interceptor)
13-Jul-2021 23:50:36.304 INFO [main] org.hibernate.resource.transaction.backend.jdbc.internal.DdlTransactionIsolatorNonJtaImpl.getIsolatedConnection HHH10001501: Connection obtained from JdbcConnectionAccess [org.hibernate.engine.jdbc.env.internal.JdbcEnvironmentInitiator$ConnectionProviderJdbcConnectionAccess@3423f353] for (non-JTA) DDL execution was not in auto-commit mode; the Connection 'local transaction' will be committed and the Connection will be set into auto-commit mode.
13-Jul-2021 23:50:37.957 INFO [main] org.apache.catalina.startup.HostConfig.deployDirectory Deployment of web application directory [C:\Users\Gokulakrishnan\Desktop\ZOHOIncubation\Tasks\railwayServletCopy\tomcat\webapps\railway] has finished in [14,654] ms
13-Jul-2021 23:50:37.959 INFO [main] org.apache.catalina.startup.HostConfig.deployDirectory Deploying web application directory [C:\Users\Gokulakrishnan\Desktop\ZOHOIncubation\Tasks\railwayServletCopy\tomcat\webapps\ROOT]
13-Jul-2021 23:50:39.778 INFO [main] org.apache.jasper.servlet.TldScanner.scanJars At least one JAR was scanned for TLDs yet contained no TLDs. Enable debug logging for this logger for a complete list of JARs that were scanned but no TLDs were found in them. Skipping unneeded JARs during scanning can improve startup time and JSP compilation time.
13-Jul-2021 23:50:39.785 INFO [main] org.apache.catalina.startup.HostConfig.deployDirectory Deployment of web application directory [C:\Users\Gokulakrishnan\Desktop\ZOHOIncubation\Tasks\railwayServletCopy\tomcat\webapps\ROOT] has finished in [1,826] ms
13-Jul-2021 23:50:39.790 INFO [main] org.apache.coyote.AbstractProtocol.start Starting ProtocolHandler ["http-nio-8080"]
13-Jul-2021 23:50:39.952 INFO [main] org.apache.catalina.startup.Catalina.start Server startup in [17596] milliseconds
13-Jul-2021 23:56:19.324 INFO [Thread-3] org.apache.coyote.AbstractProtocol.pause Pausing ProtocolHandler ["http-nio-8080"]
13-Jul-2021 23:56:19.375 INFO [Thread-3] org.apache.catalina.core.StandardService.stopInternal Stopping service [Catalina]
13-Jul-2021 23:56:19.390 WARNING [Thread-3] org.apache.catalina.loader.WebappClassLoaderBase.clearReferencesThreads The web application [railway] appears to have started a thread named [Hibernate Connection Pool Validation Thread] but has failed to stop it. This is very likely to create a memory leak. Stack trace of thread:
 java.base@15.0.2/jdk.internal.misc.Unsafe.park(Native Method)
 java.base@15.0.2/java.util.concurrent.locks.LockSupport.parkNanos(LockSupport.java:252)
 java.base@15.0.2/java.util.concurrent.locks.AbstractQueuedSynchronizer$ConditionObject.awaitNanos(AbstractQueuedSynchronizer.java:1661)
 java.base@15.0.2/java.util.concurrent.ScheduledThreadPoolExecutor$DelayedWorkQueue.take(ScheduledThreadPoolExecutor.java:1182)
 java.base@15.0.2/java.util.concurrent.ScheduledThreadPoolExecutor$DelayedWorkQueue.take(ScheduledThreadPoolExecutor.java:899)
 java.base@15.0.2/java.util.concurrent.ThreadPoolExecutor.getTask(ThreadPoolExecutor.java:1056)
 java.base@15.0.2/java.util.concurrent.ThreadPoolExecutor.runWorker(ThreadPoolExecutor.java:1116)
 java.base@15.0.2/java.util.concurrent.ThreadPoolExecutor$Worker.run(ThreadPoolExecutor.java:630)
 java.base@15.0.2/java.lang.Thread.run(Thread.java:832)
13-Jul-2021 23:56:19.412 INFO [Thread-3] org.apache.coyote.AbstractProtocol.stop Stopping ProtocolHandler ["http-nio-8080"]
13-Jul-2021 23:56:19.423 INFO [Thread-3] org.apache.coyote.AbstractProtocol.destroy Destroying ProtocolHandler ["http-nio-8080"]
