07-Jul-2021 00:06:55.082 INFO [Thread-2] org.apache.catalina.core.ApplicationContext.log SessionListener: contextDestroyed()
07-Jul-2021 00:06:55.082 INFO [Thread-2] org.apache.catalina.core.ApplicationContext.log ContextListener: contextDestroyed()
07-Jul-2021 00:07:14.909 INFO [main] org.apache.catalina.core.ApplicationContext.log ContextListener: contextInitialized()
07-Jul-2021 00:07:14.910 INFO [main] org.apache.catalina.core.ApplicationContext.log SessionListener: contextInitialized()
07-Jul-2021 00:07:14.914 INFO [main] org.apache.catalina.core.ApplicationContext.log ContextListener: attributeAdded('StockTicker', 'async.Stockticker@486bd064')
07-Jul-2021 00:07:18.188 SEVERE [main] org.apache.tomcat.util.descriptor.web.SecurityConstraint.findUncoveredHttpMethods For security constraints with URL pattern [/tickets] only the HTTP methods [POST GET] are covered. All other methods are uncovered.
07-Jul-2021 00:09:15.723 INFO [Thread-2] org.apache.catalina.core.ApplicationContext.log SessionListener: contextDestroyed()
07-Jul-2021 00:09:15.724 INFO [Thread-2] org.apache.catalina.core.ApplicationContext.log ContextListener: contextDestroyed()
07-Jul-2021 00:10:01.433 INFO [main] org.apache.catalina.core.ApplicationContext.log ContextListener: contextInitialized()
07-Jul-2021 00:10:01.434 INFO [main] org.apache.catalina.core.ApplicationContext.log SessionListener: contextInitialized()
07-Jul-2021 00:10:01.437 INFO [main] org.apache.catalina.core.ApplicationContext.log ContextListener: attributeAdded('StockTicker', 'async.Stockticker@486bd064')
07-Jul-2021 00:10:04.931 SEVERE [main] org.apache.tomcat.util.descriptor.web.SecurityConstraint.findUncoveredHttpMethods For security constraints with URL pattern [/tickets] only the HTTP methods [POST GET] are covered. All other methods are uncovered.
07-Jul-2021 00:12:08.522 INFO [Thread-2] org.apache.catalina.core.ApplicationContext.log SessionListener: contextDestroyed()
07-Jul-2021 00:12:08.522 INFO [Thread-2] org.apache.catalina.core.ApplicationContext.log ContextListener: contextDestroyed()
07-Jul-2021 00:12:35.558 INFO [main] org.apache.catalina.core.ApplicationContext.log ContextListener: contextInitialized()
07-Jul-2021 00:12:35.559 INFO [main] org.apache.catalina.core.ApplicationContext.log SessionListener: contextInitialized()
07-Jul-2021 00:12:35.562 INFO [main] org.apache.catalina.core.ApplicationContext.log ContextListener: attributeAdded('StockTicker', 'async.Stockticker@6b70d1fb')
07-Jul-2021 00:12:39.662 SEVERE [main] org.apache.tomcat.util.descriptor.web.SecurityConstraint.findUncoveredHttpMethods For security constraints with URL pattern [/tickets] only the HTTP methods [POST GET] are covered. All other methods are uncovered.
07-Jul-2021 00:13:54.390 SEVERE [Catalina-utility-1] org.apache.tomcat.util.descriptor.web.SecurityConstraint.findUncoveredHttpMethods For security constraints with URL pattern [/*] only the HTTP methods [POST GET] are covered. All other methods are uncovered.
07-Jul-2021 00:19:42.966 SEVERE [Catalina-utility-2] org.apache.tomcat.util.descriptor.web.SecurityConstraint.findUncoveredHttpMethods For security constraints with URL pattern [/railway/*] only the HTTP methods [POST GET] are covered. All other methods are uncovered.
07-Jul-2021 00:20:04.689 SEVERE [Catalina-utility-1] org.apache.tomcat.util.descriptor.web.SecurityConstraint.findUncoveredHttpMethods For security constraints with URL pattern [/*] only the HTTP methods [POST GET] are covered. All other methods are uncovered.
07-Jul-2021 00:20:15.949 SEVERE [Catalina-utility-1] org.apache.tomcat.util.descriptor.web.SecurityConstraint.findUncoveredHttpMethods For security constraints with URL pattern [/railway/*] only the HTTP methods [POST GET] are covered. All other methods are uncovered.
07-Jul-2021 00:20:37.247 SEVERE [Catalina-utility-2] org.apache.tomcat.util.descriptor.web.SecurityConstraint.findUncoveredHttpMethods For security constraints with URL pattern [/*] only the HTTP methods [POST GET] are covered. All other methods are uncovered.
07-Jul-2021 00:22:33.419 INFO [Thread-2] org.apache.catalina.core.ApplicationContext.log SessionListener: contextDestroyed()
07-Jul-2021 00:22:33.419 INFO [Thread-2] org.apache.catalina.core.ApplicationContext.log ContextListener: contextDestroyed()
07-Jul-2021 00:22:58.325 INFO [main] org.apache.catalina.core.ApplicationContext.log ContextListener: contextInitialized()
07-Jul-2021 00:22:58.325 INFO [main] org.apache.catalina.core.ApplicationContext.log SessionListener: contextInitialized()
07-Jul-2021 00:22:58.329 INFO [main] org.apache.catalina.core.ApplicationContext.log ContextListener: attributeAdded('StockTicker', 'async.Stockticker@6b70d1fb')
07-Jul-2021 00:23:01.592 SEVERE [main] org.apache.tomcat.util.descriptor.web.SecurityConstraint.findUncoveredHttpMethods For security constraints with URL pattern [/*] only the HTTP methods [POST GET] are covered. All other methods are uncovered.
07-Jul-2021 00:25:14.478 INFO [Thread-2] org.apache.catalina.core.ApplicationContext.log SessionListener: contextDestroyed()
07-Jul-2021 00:25:14.479 INFO [Thread-2] org.apache.catalina.core.ApplicationContext.log ContextListener: contextDestroyed()
07-Jul-2021 00:25:28.214 INFO [main] org.apache.catalina.core.ApplicationContext.log ContextListener: contextInitialized()
07-Jul-2021 00:25:28.214 INFO [main] org.apache.catalina.core.ApplicationContext.log SessionListener: contextInitialized()
07-Jul-2021 00:25:28.217 INFO [main] org.apache.catalina.core.ApplicationContext.log ContextListener: attributeAdded('StockTicker', 'async.Stockticker@5d7dd549')
07-Jul-2021 00:25:31.613 SEVERE [main] org.apache.tomcat.util.descriptor.web.SecurityConstraint.findUncoveredHttpMethods For security constraints with URL pattern [/*] only the HTTP methods [POST GET] are covered. All other methods are uncovered.
07-Jul-2021 00:28:16.361 SEVERE [Catalina-utility-1] org.apache.tomcat.util.descriptor.web.SecurityConstraint.findUncoveredHttpMethods For security constraints with URL pattern [/*] only the HTTP methods [POST GET] are covered. All other methods are uncovered.
07-Jul-2021 00:28:23.287 INFO [Thread-2] org.apache.catalina.core.ApplicationContext.log SessionListener: contextDestroyed()
07-Jul-2021 00:28:23.288 INFO [Thread-2] org.apache.catalina.core.ApplicationContext.log ContextListener: contextDestroyed()
07-Jul-2021 00:28:33.620 INFO [main] org.apache.catalina.core.ApplicationContext.log ContextListener: contextInitialized()
07-Jul-2021 00:28:33.620 INFO [main] org.apache.catalina.core.ApplicationContext.log SessionListener: contextInitialized()
07-Jul-2021 00:28:33.627 INFO [main] org.apache.catalina.core.ApplicationContext.log ContextListener: attributeAdded('StockTicker', 'async.Stockticker@6b70d1fb')
07-Jul-2021 00:28:37.059 SEVERE [main] org.apache.tomcat.util.descriptor.web.SecurityConstraint.findUncoveredHttpMethods For security constraints with URL pattern [/*] only the HTTP methods [POST GET] are covered. All other methods are uncovered.
07-Jul-2021 00:28:56.735 SEVERE [http-nio-8080-exec-7] org.apache.catalina.core.StandardWrapperValve.invoke Servlet.service() for servlet [TicketsServlet] in context with path [/railway] threw exception
	com.google.gson.JsonSyntaxException: java.lang.IllegalStateException: Expected BEGIN_OBJECT but was STRING at line 1 column 11
		at com.google.gson.Gson.fromJson(Gson.java:806)
		at com.google.gson.Gson.fromJson(Gson.java:761)
		at com.google.gson.Gson.fromJson(Gson.java:710)
		at TicketsServlet.doPost(TicketsServlet.java:46)
		at javax.servlet.http.HttpServlet.service(HttpServlet.java:681)
		at javax.servlet.http.HttpServlet.service(HttpServlet.java:764)
		at org.apache.catalina.core.ApplicationFilterChain.internalDoFilter(ApplicationFilterChain.java:228)
		at org.apache.catalina.core.ApplicationFilterChain.doFilter(ApplicationFilterChain.java:163)
		at org.apache.tomcat.websocket.server.WsFilter.doFilter(WsFilter.java:53)
		at org.apache.catalina.core.ApplicationFilterChain.internalDoFilter(ApplicationFilterChain.java:190)
		at org.apache.catalina.core.ApplicationFilterChain.doFilter(ApplicationFilterChain.java:163)
		at org.apache.catalina.core.StandardWrapperValve.invoke(StandardWrapperValve.java:202)
		at org.apache.catalina.core.StandardContextValve.invoke(StandardContextValve.java:97)
		at org.apache.catalina.authenticator.AuthenticatorBase.invoke(AuthenticatorBase.java:667)
		at org.apache.catalina.core.StandardHostValve.invoke(StandardHostValve.java:143)
		at org.apache.catalina.valves.ErrorReportValve.invoke(ErrorReportValve.java:92)
		at org.apache.catalina.valves.AbstractAccessLogValve.invoke(AbstractAccessLogValve.java:687)
		at org.apache.catalina.core.StandardEngineValve.invoke(StandardEngineValve.java:78)
		at org.apache.catalina.connector.CoyoteAdapter.service(CoyoteAdapter.java:357)
		at org.apache.coyote.http11.Http11Processor.service(Http11Processor.java:382)
		at org.apache.coyote.AbstractProcessorLight.process(AbstractProcessorLight.java:65)
		at org.apache.coyote.AbstractProtocol$ConnectionHandler.process(AbstractProtocol.java:893)
		at org.apache.tomcat.util.net.NioEndpoint$SocketProcessor.doRun(NioEndpoint.java:1723)
		at org.apache.tomcat.util.net.SocketProcessorBase.run(SocketProcessorBase.java:49)
		at java.base/java.util.concurrent.ThreadPoolExecutor.runWorker(ThreadPoolExecutor.java:1130)
		at java.base/java.util.concurrent.ThreadPoolExecutor$Worker.run(ThreadPoolExecutor.java:630)
		at org.apache.tomcat.util.threads.TaskThread$WrappingRunnable.run(TaskThread.java:61)
		at java.base/java.lang.Thread.run(Thread.java:832)
	Caused by: java.lang.IllegalStateException: Expected BEGIN_OBJECT but was STRING at line 1 column 11
		at com.google.gson.stream.JsonReader.expect(JsonReader.java:339)
		at com.google.gson.stream.JsonReader.beginObject(JsonReader.java:322)
		at com.google.gson.internal.bind.MapTypeAdapterFactory$Adapter.read(MapTypeAdapterFactory.java:184)
		at com.google.gson.internal.bind.MapTypeAdapterFactory$Adapter.read(MapTypeAdapterFactory.java:146)
		at com.google.gson.Gson.fromJson(Gson.java:795)
		... 27 more
07-Jul-2021 00:29:32.027 SEVERE [http-nio-8080-exec-4] org.apache.catalina.core.StandardWrapperValve.invoke Servlet.service() for servlet [TicketsServlet] in context with path [/railway] threw exception
	com.google.gson.JsonSyntaxException: java.lang.IllegalStateException: Expected BEGIN_OBJECT but was STRING at line 1 column 11
		at com.google.gson.Gson.fromJson(Gson.java:806)
		at com.google.gson.Gson.fromJson(Gson.java:761)
		at com.google.gson.Gson.fromJson(Gson.java:710)
		at TicketsServlet.doPost(TicketsServlet.java:46)
		at javax.servlet.http.HttpServlet.service(HttpServlet.java:681)
		at javax.servlet.http.HttpServlet.service(HttpServlet.java:764)
		at org.apache.catalina.core.ApplicationFilterChain.internalDoFilter(ApplicationFilterChain.java:228)
		at org.apache.catalina.core.ApplicationFilterChain.doFilter(ApplicationFilterChain.java:163)
		at org.apache.tomcat.websocket.server.WsFilter.doFilter(WsFilter.java:53)
		at org.apache.catalina.core.ApplicationFilterChain.internalDoFilter(ApplicationFilterChain.java:190)
		at org.apache.catalina.core.ApplicationFilterChain.doFilter(ApplicationFilterChain.java:163)
		at org.apache.catalina.core.StandardWrapperValve.invoke(StandardWrapperValve.java:202)
		at org.apache.catalina.core.StandardContextValve.invoke(StandardContextValve.java:97)
		at org.apache.catalina.authenticator.AuthenticatorBase.invoke(AuthenticatorBase.java:667)
		at org.apache.catalina.core.StandardHostValve.invoke(StandardHostValve.java:143)
		at org.apache.catalina.valves.ErrorReportValve.invoke(ErrorReportValve.java:92)
		at org.apache.catalina.valves.AbstractAccessLogValve.invoke(AbstractAccessLogValve.java:687)
		at org.apache.catalina.core.StandardEngineValve.invoke(StandardEngineValve.java:78)
		at org.apache.catalina.connector.CoyoteAdapter.service(CoyoteAdapter.java:357)
		at org.apache.coyote.http11.Http11Processor.service(Http11Processor.java:382)
		at org.apache.coyote.AbstractProcessorLight.process(AbstractProcessorLight.java:65)
		at org.apache.coyote.AbstractProtocol$ConnectionHandler.process(AbstractProtocol.java:893)
		at org.apache.tomcat.util.net.NioEndpoint$SocketProcessor.doRun(NioEndpoint.java:1723)
		at org.apache.tomcat.util.net.SocketProcessorBase.run(SocketProcessorBase.java:49)
		at java.base/java.util.concurrent.ThreadPoolExecutor.runWorker(ThreadPoolExecutor.java:1130)
		at java.base/java.util.concurrent.ThreadPoolExecutor$Worker.run(ThreadPoolExecutor.java:630)
		at org.apache.tomcat.util.threads.TaskThread$WrappingRunnable.run(TaskThread.java:61)
		at java.base/java.lang.Thread.run(Thread.java:832)
	Caused by: java.lang.IllegalStateException: Expected BEGIN_OBJECT but was STRING at line 1 column 11
		at com.google.gson.stream.JsonReader.expect(JsonReader.java:339)
		at com.google.gson.stream.JsonReader.beginObject(JsonReader.java:322)
		at com.google.gson.internal.bind.MapTypeAdapterFactory$Adapter.read(MapTypeAdapterFactory.java:184)
		at com.google.gson.internal.bind.MapTypeAdapterFactory$Adapter.read(MapTypeAdapterFactory.java:146)
		at com.google.gson.Gson.fromJson(Gson.java:795)
		... 27 more
07-Jul-2021 05:47:42.559 INFO [main] org.apache.catalina.core.ApplicationContext.log ContextListener: contextInitialized()
07-Jul-2021 05:47:42.559 INFO [main] org.apache.catalina.core.ApplicationContext.log SessionListener: contextInitialized()
07-Jul-2021 05:47:42.564 INFO [main] org.apache.catalina.core.ApplicationContext.log ContextListener: attributeAdded('StockTicker', 'async.Stockticker@52354202')
07-Jul-2021 05:53:51.961 INFO [Thread-2] org.apache.catalina.core.ApplicationContext.log SessionListener: contextDestroyed()
07-Jul-2021 05:53:51.962 INFO [Thread-2] org.apache.catalina.core.ApplicationContext.log ContextListener: contextDestroyed()
07-Jul-2021 05:54:04.456 INFO [main] org.apache.catalina.core.ApplicationContext.log ContextListener: contextInitialized()
07-Jul-2021 05:54:04.456 INFO [main] org.apache.catalina.core.ApplicationContext.log SessionListener: contextInitialized()
07-Jul-2021 05:54:04.460 INFO [main] org.apache.catalina.core.ApplicationContext.log ContextListener: attributeAdded('StockTicker', 'async.Stockticker@fddd7ae')
07-Jul-2021 05:59:53.986 INFO [Thread-2] org.apache.catalina.core.ApplicationContext.log SessionListener: contextDestroyed()
07-Jul-2021 05:59:53.986 INFO [Thread-2] org.apache.catalina.core.ApplicationContext.log ContextListener: contextDestroyed()
07-Jul-2021 06:00:00.782 INFO [main] org.apache.catalina.core.ApplicationContext.log ContextListener: contextInitialized()
07-Jul-2021 06:00:00.783 INFO [main] org.apache.catalina.core.ApplicationContext.log SessionListener: contextInitialized()
07-Jul-2021 06:00:00.787 INFO [main] org.apache.catalina.core.ApplicationContext.log ContextListener: attributeAdded('StockTicker', 'async.Stockticker@fddd7ae')
07-Jul-2021 06:02:35.786 INFO [Thread-2] org.apache.catalina.core.ApplicationContext.log SessionListener: contextDestroyed()
07-Jul-2021 06:02:35.786 INFO [Thread-2] org.apache.catalina.core.ApplicationContext.log ContextListener: contextDestroyed()
07-Jul-2021 06:03:13.090 INFO [main] org.apache.catalina.core.ApplicationContext.log ContextListener: contextInitialized()
07-Jul-2021 06:03:13.091 INFO [main] org.apache.catalina.core.ApplicationContext.log SessionListener: contextInitialized()
07-Jul-2021 06:03:13.095 INFO [main] org.apache.catalina.core.ApplicationContext.log ContextListener: attributeAdded('StockTicker', 'async.Stockticker@476fde05')
07-Jul-2021 06:15:25.765 INFO [Thread-2] org.apache.catalina.core.ApplicationContext.log SessionListener: contextDestroyed()
07-Jul-2021 06:15:25.765 INFO [Thread-2] org.apache.catalina.core.ApplicationContext.log ContextListener: contextDestroyed()
07-Jul-2021 06:15:33.458 INFO [main] org.apache.catalina.core.ApplicationContext.log ContextListener: contextInitialized()
07-Jul-2021 06:15:33.459 INFO [main] org.apache.catalina.core.ApplicationContext.log SessionListener: contextInitialized()
07-Jul-2021 06:15:33.463 INFO [main] org.apache.catalina.core.ApplicationContext.log ContextListener: attributeAdded('StockTicker', 'async.Stockticker@476fde05')
07-Jul-2021 06:16:06.195 SEVERE [http-nio-8080-exec-4] org.apache.catalina.core.StandardWrapperValve.invoke Servlet.service() for servlet [TicketsServlet] in context with path [/railway] threw exception
	com.google.gson.JsonSyntaxException: java.lang.IllegalStateException: Expected BEGIN_OBJECT but was STRING at line 1 column 11
		at com.google.gson.Gson.fromJson(Gson.java:806)
		at com.google.gson.Gson.fromJson(Gson.java:761)
		at com.google.gson.Gson.fromJson(Gson.java:710)
		at TicketsServlet.doPost(TicketsServlet.java:46)
		at javax.servlet.http.HttpServlet.service(HttpServlet.java:681)
		at javax.servlet.http.HttpServlet.service(HttpServlet.java:764)
		at org.apache.catalina.core.ApplicationFilterChain.internalDoFilter(ApplicationFilterChain.java:228)
		at org.apache.catalina.core.ApplicationFilterChain.doFilter(ApplicationFilterChain.java:163)
		at org.apache.tomcat.websocket.server.WsFilter.doFilter(WsFilter.java:53)
		at org.apache.catalina.core.ApplicationFilterChain.internalDoFilter(ApplicationFilterChain.java:190)
		at org.apache.catalina.core.ApplicationFilterChain.doFilter(ApplicationFilterChain.java:163)
		at org.apache.catalina.core.StandardWrapperValve.invoke(StandardWrapperValve.java:202)
		at org.apache.catalina.core.StandardContextValve.invoke(StandardContextValve.java:97)
		at org.apache.catalina.authenticator.AuthenticatorBase.invoke(AuthenticatorBase.java:667)
		at org.apache.catalina.core.StandardHostValve.invoke(StandardHostValve.java:143)
		at org.apache.catalina.valves.ErrorReportValve.invoke(ErrorReportValve.java:92)
		at org.apache.catalina.valves.AbstractAccessLogValve.invoke(AbstractAccessLogValve.java:687)
		at org.apache.catalina.core.StandardEngineValve.invoke(StandardEngineValve.java:78)
		at org.apache.catalina.connector.CoyoteAdapter.service(CoyoteAdapter.java:357)
		at org.apache.coyote.http11.Http11Processor.service(Http11Processor.java:382)
		at org.apache.coyote.AbstractProcessorLight.process(AbstractProcessorLight.java:65)
		at org.apache.coyote.AbstractProtocol$ConnectionHandler.process(AbstractProtocol.java:893)
		at org.apache.tomcat.util.net.NioEndpoint$SocketProcessor.doRun(NioEndpoint.java:1723)
		at org.apache.tomcat.util.net.SocketProcessorBase.run(SocketProcessorBase.java:49)
		at java.base/java.util.concurrent.ThreadPoolExecutor.runWorker(ThreadPoolExecutor.java:1130)
		at java.base/java.util.concurrent.ThreadPoolExecutor$Worker.run(ThreadPoolExecutor.java:630)
		at org.apache.tomcat.util.threads.TaskThread$WrappingRunnable.run(TaskThread.java:61)
		at java.base/java.lang.Thread.run(Thread.java:832)
	Caused by: java.lang.IllegalStateException: Expected BEGIN_OBJECT but was STRING at line 1 column 11
		at com.google.gson.stream.JsonReader.expect(JsonReader.java:339)
		at com.google.gson.stream.JsonReader.beginObject(JsonReader.java:322)
		at com.google.gson.internal.bind.MapTypeAdapterFactory$Adapter.read(MapTypeAdapterFactory.java:184)
		at com.google.gson.internal.bind.MapTypeAdapterFactory$Adapter.read(MapTypeAdapterFactory.java:146)
		at com.google.gson.Gson.fromJson(Gson.java:795)
		... 27 more
07-Jul-2021 06:17:08.828 INFO [Thread-2] org.apache.catalina.core.ApplicationContext.log SessionListener: contextDestroyed()
07-Jul-2021 06:17:08.828 INFO [Thread-2] org.apache.catalina.core.ApplicationContext.log ContextListener: contextDestroyed()
07-Jul-2021 06:17:16.354 INFO [main] org.apache.catalina.core.ApplicationContext.log ContextListener: contextInitialized()
07-Jul-2021 06:17:16.354 INFO [main] org.apache.catalina.core.ApplicationContext.log SessionListener: contextInitialized()
07-Jul-2021 06:17:16.358 INFO [main] org.apache.catalina.core.ApplicationContext.log ContextListener: attributeAdded('StockTicker', 'async.Stockticker@fddd7ae')
07-Jul-2021 06:20:15.673 INFO [Thread-2] org.apache.catalina.core.ApplicationContext.log SessionListener: contextDestroyed()
07-Jul-2021 06:20:15.673 INFO [Thread-2] org.apache.catalina.core.ApplicationContext.log ContextListener: contextDestroyed()
07-Jul-2021 06:24:49.402 INFO [main] org.apache.catalina.core.ApplicationContext.log ContextListener: contextInitialized()
07-Jul-2021 06:24:49.402 INFO [main] org.apache.catalina.core.ApplicationContext.log SessionListener: contextInitialized()
07-Jul-2021 06:24:49.407 INFO [main] org.apache.catalina.core.ApplicationContext.log ContextListener: attributeAdded('StockTicker', 'async.Stockticker@476fde05')
07-Jul-2021 06:42:21.291 INFO [Thread-2] org.apache.catalina.core.ApplicationContext.log SessionListener: contextDestroyed()
07-Jul-2021 06:42:21.291 INFO [Thread-2] org.apache.catalina.core.ApplicationContext.log ContextListener: contextDestroyed()
07-Jul-2021 06:42:35.150 INFO [main] org.apache.catalina.core.ApplicationContext.log ContextListener: contextInitialized()
07-Jul-2021 06:42:35.150 INFO [main] org.apache.catalina.core.ApplicationContext.log SessionListener: contextInitialized()
07-Jul-2021 06:42:35.154 INFO [main] org.apache.catalina.core.ApplicationContext.log ContextListener: attributeAdded('StockTicker', 'async.Stockticker@fddd7ae')
07-Jul-2021 07:11:28.052 SEVERE [http-nio-8080-exec-4] org.apache.catalina.core.StandardWrapperValve.invoke Servlet.service() for servlet [SendMailServlet] in context with path [/railway] threw exception
	java.lang.NullPointerException: Cannot invoke "String.length()" because "s" is null
		at javax.mail.internet.InternetAddress.parse(InternetAddress.java:793)
		at javax.mail.internet.InternetAddress.parse(InternetAddress.java:752)
		at javax.mail.internet.InternetAddress.<init>(InternetAddress.java:119)
		at services.SendMailService.sendBookingDetails(SendMailService.java:100)
		at SendMailServlet.doGet(SendMailServlet.java:19)
		at javax.servlet.http.HttpServlet.service(HttpServlet.java:655)
		at javax.servlet.http.HttpServlet.service(HttpServlet.java:764)
		at org.apache.catalina.core.ApplicationFilterChain.internalDoFilter(ApplicationFilterChain.java:228)
		at org.apache.catalina.core.ApplicationFilterChain.doFilter(ApplicationFilterChain.java:163)
		at org.apache.tomcat.websocket.server.WsFilter.doFilter(WsFilter.java:53)
		at org.apache.catalina.core.ApplicationFilterChain.internalDoFilter(ApplicationFilterChain.java:190)
		at org.apache.catalina.core.ApplicationFilterChain.doFilter(ApplicationFilterChain.java:163)
		at org.apache.catalina.core.StandardWrapperValve.invoke(StandardWrapperValve.java:202)
		at org.apache.catalina.core.StandardContextValve.invoke(StandardContextValve.java:97)
		at org.apache.catalina.authenticator.AuthenticatorBase.invoke(AuthenticatorBase.java:667)
		at org.apache.catalina.core.StandardHostValve.invoke(StandardHostValve.java:143)
		at org.apache.catalina.valves.ErrorReportValve.invoke(ErrorReportValve.java:92)
		at org.apache.catalina.valves.AbstractAccessLogValve.invoke(AbstractAccessLogValve.java:687)
		at org.apache.catalina.core.StandardEngineValve.invoke(StandardEngineValve.java:78)
		at org.apache.catalina.connector.CoyoteAdapter.service(CoyoteAdapter.java:357)
		at org.apache.coyote.http11.Http11Processor.service(Http11Processor.java:382)
		at org.apache.coyote.AbstractProcessorLight.process(AbstractProcessorLight.java:65)
		at org.apache.coyote.AbstractProtocol$ConnectionHandler.process(AbstractProtocol.java:893)
		at org.apache.tomcat.util.net.NioEndpoint$SocketProcessor.doRun(NioEndpoint.java:1723)
		at org.apache.tomcat.util.net.SocketProcessorBase.run(SocketProcessorBase.java:49)
		at java.base/java.util.concurrent.ThreadPoolExecutor.runWorker(ThreadPoolExecutor.java:1130)
		at java.base/java.util.concurrent.ThreadPoolExecutor$Worker.run(ThreadPoolExecutor.java:630)
		at org.apache.tomcat.util.threads.TaskThread$WrappingRunnable.run(TaskThread.java:61)
		at java.base/java.lang.Thread.run(Thread.java:832)
07-Jul-2021 07:21:24.532 INFO [Thread-2] org.apache.catalina.core.ApplicationContext.log SessionListener: contextDestroyed()
07-Jul-2021 07:21:24.532 INFO [Thread-2] org.apache.catalina.core.ApplicationContext.log ContextListener: contextDestroyed()
07-Jul-2021 07:21:37.841 INFO [main] org.apache.catalina.core.ApplicationContext.log ContextListener: contextInitialized()
07-Jul-2021 07:21:37.842 INFO [main] org.apache.catalina.core.ApplicationContext.log SessionListener: contextInitialized()
07-Jul-2021 07:21:37.846 INFO [main] org.apache.catalina.core.ApplicationContext.log ContextListener: attributeAdded('StockTicker', 'async.Stockticker@476fde05')
07-Jul-2021 07:22:48.734 SEVERE [http-nio-8080-exec-10] org.apache.catalina.core.StandardWrapperValve.invoke Servlet.service() for servlet [TicketsServlet] in context with path [/railway] threw exception
	java.lang.NullPointerException: Cannot invoke "String.length()" because "s" is null
		at javax.mail.internet.InternetAddress.parse(InternetAddress.java:793)
		at javax.mail.internet.InternetAddress.parse(InternetAddress.java:752)
		at javax.mail.internet.InternetAddress.<init>(InternetAddress.java:119)
		at services.SendMailService.sendBookingDetails(SendMailService.java:53)
		at services.TicketsService.bookTickets(TicketsService.java:62)
		at TicketsServlet.doPost(TicketsServlet.java:49)
		at javax.servlet.http.HttpServlet.service(HttpServlet.java:681)
		at javax.servlet.http.HttpServlet.service(HttpServlet.java:764)
		at org.apache.catalina.core.ApplicationFilterChain.internalDoFilter(ApplicationFilterChain.java:228)
		at org.apache.catalina.core.ApplicationFilterChain.doFilter(ApplicationFilterChain.java:163)
		at org.apache.tomcat.websocket.server.WsFilter.doFilter(WsFilter.java:53)
		at org.apache.catalina.core.ApplicationFilterChain.internalDoFilter(ApplicationFilterChain.java:190)
		at org.apache.catalina.core.ApplicationFilterChain.doFilter(ApplicationFilterChain.java:163)
		at org.apache.catalina.core.StandardWrapperValve.invoke(StandardWrapperValve.java:202)
		at org.apache.catalina.core.StandardContextValve.invoke(StandardContextValve.java:97)
		at org.apache.catalina.authenticator.AuthenticatorBase.invoke(AuthenticatorBase.java:667)
		at org.apache.catalina.core.StandardHostValve.invoke(StandardHostValve.java:143)
		at org.apache.catalina.valves.ErrorReportValve.invoke(ErrorReportValve.java:92)
		at org.apache.catalina.valves.AbstractAccessLogValve.invoke(AbstractAccessLogValve.java:687)
		at org.apache.catalina.core.StandardEngineValve.invoke(StandardEngineValve.java:78)
		at org.apache.catalina.connector.CoyoteAdapter.service(CoyoteAdapter.java:357)
		at org.apache.coyote.http11.Http11Processor.service(Http11Processor.java:382)
		at org.apache.coyote.AbstractProcessorLight.process(AbstractProcessorLight.java:65)
		at org.apache.coyote.AbstractProtocol$ConnectionHandler.process(AbstractProtocol.java:893)
		at org.apache.tomcat.util.net.NioEndpoint$SocketProcessor.doRun(NioEndpoint.java:1723)
		at org.apache.tomcat.util.net.SocketProcessorBase.run(SocketProcessorBase.java:49)
		at java.base/java.util.concurrent.ThreadPoolExecutor.runWorker(ThreadPoolExecutor.java:1130)
		at java.base/java.util.concurrent.ThreadPoolExecutor$Worker.run(ThreadPoolExecutor.java:630)
		at org.apache.tomcat.util.threads.TaskThread$WrappingRunnable.run(TaskThread.java:61)
		at java.base/java.lang.Thread.run(Thread.java:832)
07-Jul-2021 07:26:54.577 INFO [Thread-2] org.apache.catalina.core.ApplicationContext.log SessionListener: contextDestroyed()
07-Jul-2021 07:26:54.578 INFO [Thread-2] org.apache.catalina.core.ApplicationContext.log ContextListener: contextDestroyed()
07-Jul-2021 07:48:17.853 INFO [main] org.apache.catalina.core.ApplicationContext.log ContextListener: contextInitialized()
07-Jul-2021 07:48:17.854 INFO [main] org.apache.catalina.core.ApplicationContext.log SessionListener: contextInitialized()
07-Jul-2021 07:48:17.857 INFO [main] org.apache.catalina.core.ApplicationContext.log ContextListener: attributeAdded('StockTicker', 'async.Stockticker@740b9a50')
07-Jul-2021 07:55:09.814 INFO [Thread-2] org.apache.catalina.core.ApplicationContext.log SessionListener: contextDestroyed()
07-Jul-2021 07:55:09.814 INFO [Thread-2] org.apache.catalina.core.ApplicationContext.log ContextListener: contextDestroyed()
07-Jul-2021 07:55:39.434 INFO [main] org.apache.catalina.core.ApplicationContext.log ContextListener: contextInitialized()
07-Jul-2021 07:55:39.435 INFO [main] org.apache.catalina.core.ApplicationContext.log SessionListener: contextInitialized()
07-Jul-2021 07:55:39.440 INFO [main] org.apache.catalina.core.ApplicationContext.log ContextListener: attributeAdded('StockTicker', 'async.Stockticker@2725ca05')
07-Jul-2021 07:58:02.104 INFO [Thread-2] org.apache.catalina.core.ApplicationContext.log SessionListener: contextDestroyed()
07-Jul-2021 07:58:02.104 INFO [Thread-2] org.apache.catalina.core.ApplicationContext.log ContextListener: contextDestroyed()
07-Jul-2021 07:59:41.424 INFO [main] org.apache.catalina.core.ApplicationContext.log ContextListener: contextInitialized()
07-Jul-2021 07:59:41.424 INFO [main] org.apache.catalina.core.ApplicationContext.log SessionListener: contextInitialized()
07-Jul-2021 07:59:41.428 INFO [main] org.apache.catalina.core.ApplicationContext.log ContextListener: attributeAdded('StockTicker', 'async.Stockticker@fddd7ae')
07-Jul-2021 08:02:02.400 INFO [Thread-2] org.apache.catalina.core.ApplicationContext.log SessionListener: contextDestroyed()
07-Jul-2021 08:02:02.400 INFO [Thread-2] org.apache.catalina.core.ApplicationContext.log ContextListener: contextDestroyed()
07-Jul-2021 08:04:04.536 INFO [main] org.apache.catalina.core.ApplicationContext.log ContextListener: contextInitialized()
07-Jul-2021 08:04:04.538 INFO [main] org.apache.catalina.core.ApplicationContext.log SessionListener: contextInitialized()
07-Jul-2021 08:04:04.542 INFO [main] org.apache.catalina.core.ApplicationContext.log ContextListener: attributeAdded('StockTicker', 'async.Stockticker@476fde05')
07-Jul-2021 08:10:30.707 INFO [Thread-2] org.apache.catalina.core.ApplicationContext.log SessionListener: contextDestroyed()
07-Jul-2021 08:10:30.707 INFO [Thread-2] org.apache.catalina.core.ApplicationContext.log ContextListener: contextDestroyed()
07-Jul-2021 08:11:55.476 INFO [main] org.apache.catalina.core.ApplicationContext.log ContextListener: contextInitialized()
07-Jul-2021 08:11:55.476 INFO [main] org.apache.catalina.core.ApplicationContext.log SessionListener: contextInitialized()
07-Jul-2021 08:11:55.480 INFO [main] org.apache.catalina.core.ApplicationContext.log ContextListener: attributeAdded('StockTicker', 'async.Stockticker@476fde05')
07-Jul-2021 08:17:35.110 INFO [Thread-2] org.apache.catalina.core.ApplicationContext.log SessionListener: contextDestroyed()
07-Jul-2021 08:17:35.110 INFO [Thread-2] org.apache.catalina.core.ApplicationContext.log ContextListener: contextDestroyed()
07-Jul-2021 08:19:24.879 INFO [main] org.apache.catalina.core.ApplicationContext.log ContextListener: contextInitialized()
07-Jul-2021 08:19:24.880 INFO [main] org.apache.catalina.core.ApplicationContext.log SessionListener: contextInitialized()
07-Jul-2021 08:19:24.884 INFO [main] org.apache.catalina.core.ApplicationContext.log ContextListener: attributeAdded('StockTicker', 'async.Stockticker@476fde05')
07-Jul-2021 08:21:53.109 INFO [Thread-2] org.apache.catalina.core.ApplicationContext.log SessionListener: contextDestroyed()
07-Jul-2021 08:21:53.109 INFO [Thread-2] org.apache.catalina.core.ApplicationContext.log ContextListener: contextDestroyed()
07-Jul-2021 08:22:27.793 INFO [main] org.apache.catalina.core.ApplicationContext.log ContextListener: contextInitialized()
07-Jul-2021 08:22:27.794 INFO [main] org.apache.catalina.core.ApplicationContext.log SessionListener: contextInitialized()
07-Jul-2021 08:22:27.798 INFO [main] org.apache.catalina.core.ApplicationContext.log ContextListener: attributeAdded('StockTicker', 'async.Stockticker@fddd7ae')
07-Jul-2021 08:25:25.027 INFO [Thread-2] org.apache.catalina.core.ApplicationContext.log SessionListener: contextDestroyed()
07-Jul-2021 08:25:25.027 INFO [Thread-2] org.apache.catalina.core.ApplicationContext.log ContextListener: contextDestroyed()
07-Jul-2021 08:25:54.234 INFO [main] org.apache.catalina.core.ApplicationContext.log ContextListener: contextInitialized()
07-Jul-2021 08:25:54.234 INFO [main] org.apache.catalina.core.ApplicationContext.log SessionListener: contextInitialized()
07-Jul-2021 08:25:54.238 INFO [main] org.apache.catalina.core.ApplicationContext.log ContextListener: attributeAdded('StockTicker', 'async.Stockticker@2725ca05')
07-Jul-2021 08:27:14.710 INFO [Thread-2] org.apache.catalina.core.ApplicationContext.log SessionListener: contextDestroyed()
07-Jul-2021 08:27:14.710 INFO [Thread-2] org.apache.catalina.core.ApplicationContext.log ContextListener: contextDestroyed()
07-Jul-2021 08:31:17.201 INFO [main] org.apache.catalina.core.ApplicationContext.log ContextListener: contextInitialized()
07-Jul-2021 08:31:17.202 INFO [main] org.apache.catalina.core.ApplicationContext.log SessionListener: contextInitialized()
07-Jul-2021 08:31:17.206 INFO [main] org.apache.catalina.core.ApplicationContext.log ContextListener: attributeAdded('StockTicker', 'async.Stockticker@2506b881')
07-Jul-2021 08:31:36.132 INFO [main] org.apache.catalina.core.ApplicationContext.log ContextListener: contextInitialized()
07-Jul-2021 08:31:36.133 INFO [main] org.apache.catalina.core.ApplicationContext.log SessionListener: contextInitialized()
07-Jul-2021 08:31:36.137 INFO [main] org.apache.catalina.core.ApplicationContext.log ContextListener: attributeAdded('StockTicker', 'async.Stockticker@fddd7ae')
07-Jul-2021 08:33:59.878 INFO [Thread-2] org.apache.catalina.core.ApplicationContext.log SessionListener: contextDestroyed()
07-Jul-2021 08:33:59.878 INFO [Thread-2] org.apache.catalina.core.ApplicationContext.log ContextListener: contextDestroyed()
07-Jul-2021 08:34:23.302 INFO [main] org.apache.catalina.core.ApplicationContext.log ContextListener: contextInitialized()
07-Jul-2021 08:34:23.302 INFO [main] org.apache.catalina.core.ApplicationContext.log SessionListener: contextInitialized()
07-Jul-2021 08:34:23.306 INFO [main] org.apache.catalina.core.ApplicationContext.log ContextListener: attributeAdded('StockTicker', 'async.Stockticker@476fde05')
07-Jul-2021 08:35:26.615 INFO [Thread-2] org.apache.catalina.core.ApplicationContext.log SessionListener: contextDestroyed()
07-Jul-2021 08:35:26.615 INFO [Thread-2] org.apache.catalina.core.ApplicationContext.log ContextListener: contextDestroyed()
07-Jul-2021 08:37:19.728 INFO [main] org.apache.catalina.core.ApplicationContext.log ContextListener: contextInitialized()
07-Jul-2021 08:37:19.735 INFO [main] org.apache.catalina.core.ApplicationContext.log SessionListener: contextInitialized()
07-Jul-2021 08:37:19.739 INFO [main] org.apache.catalina.core.ApplicationContext.log ContextListener: attributeAdded('StockTicker', 'async.Stockticker@476fde05')
07-Jul-2021 08:44:48.791 INFO [Thread-2] org.apache.catalina.core.ApplicationContext.log SessionListener: contextDestroyed()
07-Jul-2021 08:44:48.791 INFO [Thread-2] org.apache.catalina.core.ApplicationContext.log ContextListener: contextDestroyed()
07-Jul-2021 08:45:02.265 INFO [main] org.apache.catalina.core.ApplicationContext.log ContextListener: contextInitialized()
07-Jul-2021 08:45:02.266 INFO [main] org.apache.catalina.core.ApplicationContext.log SessionListener: contextInitialized()
07-Jul-2021 08:45:02.270 INFO [main] org.apache.catalina.core.ApplicationContext.log ContextListener: attributeAdded('StockTicker', 'async.Stockticker@476fde05')
07-Jul-2021 08:46:35.004 INFO [Thread-2] org.apache.catalina.core.ApplicationContext.log SessionListener: contextDestroyed()
07-Jul-2021 08:46:35.004 INFO [Thread-2] org.apache.catalina.core.ApplicationContext.log ContextListener: contextDestroyed()
07-Jul-2021 08:46:43.109 INFO [main] org.apache.catalina.core.ApplicationContext.log ContextListener: contextInitialized()
07-Jul-2021 08:46:43.110 INFO [main] org.apache.catalina.core.ApplicationContext.log SessionListener: contextInitialized()
07-Jul-2021 08:46:43.114 INFO [main] org.apache.catalina.core.ApplicationContext.log ContextListener: attributeAdded('StockTicker', 'async.Stockticker@476fde05')
07-Jul-2021 08:53:54.306 INFO [Thread-2] org.apache.catalina.core.ApplicationContext.log SessionListener: contextDestroyed()
07-Jul-2021 08:53:54.306 INFO [Thread-2] org.apache.catalina.core.ApplicationContext.log ContextListener: contextDestroyed()
07-Jul-2021 09:08:03.794 INFO [main] org.apache.catalina.core.ApplicationContext.log ContextListener: contextInitialized()
07-Jul-2021 09:08:03.794 INFO [main] org.apache.catalina.core.ApplicationContext.log SessionListener: contextInitialized()
07-Jul-2021 09:08:03.801 INFO [main] org.apache.catalina.core.ApplicationContext.log ContextListener: attributeAdded('StockTicker', 'async.Stockticker@476fde05')
07-Jul-2021 09:17:45.217 INFO [Thread-2] org.apache.catalina.core.ApplicationContext.log SessionListener: contextDestroyed()
07-Jul-2021 09:17:45.218 INFO [Thread-2] org.apache.catalina.core.ApplicationContext.log ContextListener: contextDestroyed()
07-Jul-2021 10:22:33.806 INFO [main] org.apache.catalina.core.ApplicationContext.log ContextListener: contextInitialized()
07-Jul-2021 10:22:33.807 INFO [main] org.apache.catalina.core.ApplicationContext.log SessionListener: contextInitialized()
07-Jul-2021 10:22:33.810 INFO [main] org.apache.catalina.core.ApplicationContext.log ContextListener: attributeAdded('StockTicker', 'async.Stockticker@740b9a50')
07-Jul-2021 16:12:24.191 INFO [Thread-2] org.apache.catalina.core.ApplicationContext.log SessionListener: contextDestroyed()
07-Jul-2021 16:12:24.192 INFO [Thread-2] org.apache.catalina.core.ApplicationContext.log ContextListener: contextDestroyed()
07-Jul-2021 16:46:12.009 INFO [main] org.apache.catalina.core.ApplicationContext.log ContextListener: contextInitialized()
07-Jul-2021 16:46:12.012 INFO [main] org.apache.catalina.core.ApplicationContext.log SessionListener: contextInitialized()
07-Jul-2021 16:46:12.017 INFO [main] org.apache.catalina.core.ApplicationContext.log ContextListener: attributeAdded('StockTicker', 'async.Stockticker@476fde05')
07-Jul-2021 17:03:34.217 INFO [Thread-2] org.apache.catalina.core.ApplicationContext.log SessionListener: contextDestroyed()
07-Jul-2021 17:03:34.217 INFO [Thread-2] org.apache.catalina.core.ApplicationContext.log ContextListener: contextDestroyed()
